INFO:root:Tensorflow 1.11.0
INFO:root:Cmdline Input: ['DNNRegressor-Example.py', '--training', '--custom', '--augment', '--filter', '--save', '/home/hornberger/MasterarbeitTobias/data/simulated/downsampled/h5/Spheres-Separator-FS7-Augm-Filtered.h5', '--hyperparams', '/home/hornberger/Projects/MasterarbeitTobias/implementation/SepSimFinetuning/filteredParticles-60kDecaySteps-FS7.json', '--overrideModel', '/home/hornberger/MasterarbeitTobias/models/simulated/separator/FilteredTracks-60kDecaySteps-FS3']
INFO:root:getting all csv files in /home/hornberger/MasterarbeitTobias/data/simulated/downsampled/SpheresDownsampled
INFO:root:Preparing Data from /home/hornberger/MasterarbeitTobias/data/simulated/downsampled/SpheresDownsampled/gtSpheres_tracksorted_downsampled_00001.csv
INFO:root:Preparing Data from /home/hornberger/MasterarbeitTobias/data/simulated/downsampled/SpheresDownsampled/gtSpheres_tracksorted_downsampled_00401.csv
INFO:root:Preparing Data from /home/hornberger/MasterarbeitTobias/data/simulated/downsampled/SpheresDownsampled/gtSpheres_tracksorted_downsampled_00801.csv
INFO:root:Preparing Data from /home/hornberger/MasterarbeitTobias/data/simulated/downsampled/SpheresDownsampled/gtSpheres_tracksorted_downsampled_01201.csv
INFO:root:Preparing Data from /home/hornberger/MasterarbeitTobias/data/simulated/downsampled/SpheresDownsampled/gtSpheres_tracksorted_downsampled_01601.csv
INFO:root:Preparing Data from /home/hornberger/MasterarbeitTobias/data/simulated/downsampled/SpheresDownsampled/gtSpheres_tracksorted_downsampled_02001.csv
INFO:root:Preparing Data from /home/hornberger/MasterarbeitTobias/data/simulated/downsampled/SpheresDownsampled/gtSpheres_tracksorted_downsampled_02401.csv
INFO:root:Preparing Data from /home/hornberger/MasterarbeitTobias/data/simulated/downsampled/SpheresDownsampled/gtSpheres_tracksorted_downsampled_02801.csv
INFO:root:Preparing Data from /home/hornberger/MasterarbeitTobias/data/simulated/downsampled/SpheresDownsampled/gtSpheres_tracksorted_downsampled_03201.csv
INFO:root:Preparing Data from /home/hornberger/MasterarbeitTobias/data/simulated/downsampled/SpheresDownsampled/gtSpheres_tracksorted_downsampled_03601.csv
INFO:root:Preparing Data from /home/hornberger/MasterarbeitTobias/data/simulated/downsampled/SpheresDownsampled/gtSpheres_tracksorted_downsampled_04401.csv
INFO:root:Preparing Data from /home/hornberger/MasterarbeitTobias/data/simulated/downsampled/SpheresDownsampled/gtSpheres_tracksorted_downsampled_04801.csv
INFO:root:Preparing Data from /home/hornberger/MasterarbeitTobias/data/simulated/downsampled/SpheresDownsampled/gtSpheres_tracksorted_downsampled_05201.csv
INFO:root:Preparing Data from /home/hornberger/MasterarbeitTobias/data/simulated/downsampled/SpheresDownsampled/gtSpheres_tracksorted_downsampled_05601.csv
INFO:root:Preparing Data from /home/hornberger/MasterarbeitTobias/data/simulated/downsampled/SpheresDownsampled/gtSpheres_tracksorted_downsampled_06001.csv
INFO:root:Preparing Data from /home/hornberger/MasterarbeitTobias/data/simulated/downsampled/SpheresDownsampled/gtSpheres_tracksorted_downsampled_06401.csv
INFO:root:Preparing Data from /home/hornberger/MasterarbeitTobias/data/simulated/downsampled/SpheresDownsampled/gtSpheres_tracksorted_downsampled_06801.csv
INFO:root:Preparing Data from /home/hornberger/MasterarbeitTobias/data/simulated/downsampled/SpheresDownsampled/gtSpheres_tracksorted_downsampled_07201.csv
INFO:root:applying augmentation to Training Set...
INFO:root:Augmented. Original Size: 3158. Increased by 3110
INFO:root:done!
INFO:root:time: 2018-11-17_06.19.42
INFO:root:Saving to /home/hornberger/MasterarbeitTobias/models/simulated/separator/FilteredTracks-60kDecaySteps-FS3
INFO:root:image folder: /home/hornberger/MasterarbeitTobias/models/simulated/separator/FilteredTracks-60kDecaySteps-FS3 does not exist. Creating folder
INFO:root:storing data in /home/hornberger/MasterarbeitTobias/data/simulated/downsampled/h5/Spheres-Separator-FS7-Augm-Filtered.h5
INFO:root:using custom estimator
INFO:root:Train: ((6268, 14), (6268, 2))
INFO:root:Test: ((347, 14), (347, 2))
INFO:root:Means: 
LabelPosBalken     0.090364
LabelTime         24.283814
dtype: float64
INFO:root:Stds: 
LabelPosBalken     0.037645
LabelTime         11.915077
dtype: float64
WARNING:root:CAREFUL: LabelMeans or LabelStds do not match existing values! Training with new values
INFO:root:Train the DNN Regressor...

Traceback (most recent call last):
  File "/home/hornberger/.virtualenvs/gpu-tensorflow-updated/lib/python3.6/site-packages/tensorflow/python/client/session.py", line 1292, in _do_call
    return fn(*args)
  File "/home/hornberger/.virtualenvs/gpu-tensorflow-updated/lib/python3.6/site-packages/tensorflow/python/client/session.py", line 1277, in _run_fn
    options, feed_dict, fetch_list, target_list, run_metadata)
  File "/home/hornberger/.virtualenvs/gpu-tensorflow-updated/lib/python3.6/site-packages/tensorflow/python/client/session.py", line 1367, in _call_tf_sessionrun
    run_metadata)
tensorflow.python.framework.errors_impl.InvalidArgumentError: Assign requires shapes of both tensors to match. lhs shape= [14,16] rhs shape= [6,16]
	 [[{{node save/Assign_6}} = Assign[T=DT_FLOAT, _class=["loc:@dense/kernel"], use_locking=true, validate_shape=true, _device="/job:localhost/replica:0/task:0/device:GPU:0"](dense/kernel/Adam, save/RestoreV2/_13)]]
	 [[{{node save/RestoreV2/_16}} = _Send[T=DT_FLOAT, client_terminated=false, recv_device="/job:localhost/replica:0/task:0/device:GPU:0", send_device="/job:localhost/replica:0/task:0/device:CPU:0", send_device_incarnation=1, tensor_name="edge_22_save/RestoreV2", _device="/job:localhost/replica:0/task:0/device:CPU:0"](save/RestoreV2:8)]]

During handling of the above exception, another exception occurred:

Traceback (most recent call last):
  File "/home/hornberger/.virtualenvs/gpu-tensorflow-updated/lib/python3.6/site-packages/tensorflow/python/training/saver.py", line 1538, in restore
    {self.saver_def.filename_tensor_name: save_path})
  File "/home/hornberger/.virtualenvs/gpu-tensorflow-updated/lib/python3.6/site-packages/tensorflow/python/client/session.py", line 887, in run
    run_metadata_ptr)
  File "/home/hornberger/.virtualenvs/gpu-tensorflow-updated/lib/python3.6/site-packages/tensorflow/python/client/session.py", line 1110, in _run
    feed_dict_tensor, options, run_metadata)
  File "/home/hornberger/.virtualenvs/gpu-tensorflow-updated/lib/python3.6/site-packages/tensorflow/python/client/session.py", line 1286, in _do_run
    run_metadata)
  File "/home/hornberger/.virtualenvs/gpu-tensorflow-updated/lib/python3.6/site-packages/tensorflow/python/client/session.py", line 1308, in _do_call
    raise type(e)(node_def, op, message)
tensorflow.python.framework.errors_impl.InvalidArgumentError: Assign requires shapes of both tensors to match. lhs shape= [14,16] rhs shape= [6,16]
	 [[{{node save/Assign_6}} = Assign[T=DT_FLOAT, _class=["loc:@dense/kernel"], use_locking=true, validate_shape=true, _device="/job:localhost/replica:0/task:0/device:GPU:0"](dense/kernel/Adam, save/RestoreV2/_13)]]
	 [[{{node save/RestoreV2/_16}} = _Send[T=DT_FLOAT, client_terminated=false, recv_device="/job:localhost/replica:0/task:0/device:GPU:0", send_device="/job:localhost/replica:0/task:0/device:CPU:0", send_device_incarnation=1, tensor_name="edge_22_save/RestoreV2", _device="/job:localhost/replica:0/task:0/device:CPU:0"](save/RestoreV2:8)]]

Caused by op 'save/Assign_6', defined at:
  File "DNNRegressor-Example.py", line 640, in <module>
    tf.app.run(main)
  File "/home/hornberger/.virtualenvs/gpu-tensorflow-updated/lib/python3.6/site-packages/tensorflow/python/platform/app.py", line 125, in run
    _sys.exit(main(argv))
  File "DNNRegressor-Example.py", line 457, in main
    steps=STEPS_PER_EPOCH, hooks=hooks)
  File "/home/hornberger/.virtualenvs/gpu-tensorflow-updated/lib/python3.6/site-packages/tensorflow/python/estimator/estimator.py", line 356, in train
    loss = self._train_model(input_fn, hooks, saving_listeners)
  File "/home/hornberger/.virtualenvs/gpu-tensorflow-updated/lib/python3.6/site-packages/tensorflow/python/estimator/estimator.py", line 1181, in _train_model
    return self._train_model_default(input_fn, hooks, saving_listeners)
  File "/home/hornberger/.virtualenvs/gpu-tensorflow-updated/lib/python3.6/site-packages/tensorflow/python/estimator/estimator.py", line 1215, in _train_model_default
    saving_listeners)
  File "/home/hornberger/.virtualenvs/gpu-tensorflow-updated/lib/python3.6/site-packages/tensorflow/python/estimator/estimator.py", line 1406, in _train_with_estimator_spec
    log_step_count_steps=self._config.log_step_count_steps) as mon_sess:
  File "/home/hornberger/.virtualenvs/gpu-tensorflow-updated/lib/python3.6/site-packages/tensorflow/python/training/monitored_session.py", line 504, in MonitoredTrainingSession
    stop_grace_period_secs=stop_grace_period_secs)
  File "/home/hornberger/.virtualenvs/gpu-tensorflow-updated/lib/python3.6/site-packages/tensorflow/python/training/monitored_session.py", line 921, in __init__
    stop_grace_period_secs=stop_grace_period_secs)
  File "/home/hornberger/.virtualenvs/gpu-tensorflow-updated/lib/python3.6/site-packages/tensorflow/python/training/monitored_session.py", line 643, in __init__
    self._sess = _RecoverableSession(self._coordinated_creator)
  File "/home/hornberger/.virtualenvs/gpu-tensorflow-updated/lib/python3.6/site-packages/tensorflow/python/training/monitored_session.py", line 1107, in __init__
    _WrappedSession.__init__(self, self._create_session())
  File "/home/hornberger/.virtualenvs/gpu-tensorflow-updated/lib/python3.6/site-packages/tensorflow/python/training/monitored_session.py", line 1112, in _create_session
    return self._sess_creator.create_session()
  File "/home/hornberger/.virtualenvs/gpu-tensorflow-updated/lib/python3.6/site-packages/tensorflow/python/training/monitored_session.py", line 800, in create_session
    self.tf_sess = self._session_creator.create_session()
  File "/home/hornberger/.virtualenvs/gpu-tensorflow-updated/lib/python3.6/site-packages/tensorflow/python/training/monitored_session.py", line 557, in create_session
    self._scaffold.finalize()
  File "/home/hornberger/.virtualenvs/gpu-tensorflow-updated/lib/python3.6/site-packages/tensorflow/python/training/monitored_session.py", line 215, in finalize
    self._saver.build()
  File "/home/hornberger/.virtualenvs/gpu-tensorflow-updated/lib/python3.6/site-packages/tensorflow/python/training/saver.py", line 1106, in build
    self._build(self._filename, build_save=True, build_restore=True)
  File "/home/hornberger/.virtualenvs/gpu-tensorflow-updated/lib/python3.6/site-packages/tensorflow/python/training/saver.py", line 1143, in _build
    build_save=build_save, build_restore=build_restore)
  File "/home/hornberger/.virtualenvs/gpu-tensorflow-updated/lib/python3.6/site-packages/tensorflow/python/training/saver.py", line 781, in _build_internal
    restore_sequentially, reshape)
  File "/home/hornberger/.virtualenvs/gpu-tensorflow-updated/lib/python3.6/site-packages/tensorflow/python/training/saver.py", line 459, in _AddShardedRestoreOps
    name="restore_shard"))
  File "/home/hornberger/.virtualenvs/gpu-tensorflow-updated/lib/python3.6/site-packages/tensorflow/python/training/saver.py", line 428, in _AddRestoreOps
    assign_ops.append(saveable.restore(saveable_tensors, shapes))
  File "/home/hornberger/.virtualenvs/gpu-tensorflow-updated/lib/python3.6/site-packages/tensorflow/python/training/saver.py", line 119, in restore
    self.op.get_shape().is_fully_defined())
  File "/home/hornberger/.virtualenvs/gpu-tensorflow-updated/lib/python3.6/site-packages/tensorflow/python/ops/state_ops.py", line 221, in assign
    validate_shape=validate_shape)
  File "/home/hornberger/.virtualenvs/gpu-tensorflow-updated/lib/python3.6/site-packages/tensorflow/python/ops/gen_state_ops.py", line 61, in assign
    use_locking=use_locking, name=name)
  File "/home/hornberger/.virtualenvs/gpu-tensorflow-updated/lib/python3.6/site-packages/tensorflow/python/framework/op_def_library.py", line 787, in _apply_op_helper
    op_def=op_def)
  File "/home/hornberger/.virtualenvs/gpu-tensorflow-updated/lib/python3.6/site-packages/tensorflow/python/util/deprecation.py", line 488, in new_func
    return func(*args, **kwargs)
  File "/home/hornberger/.virtualenvs/gpu-tensorflow-updated/lib/python3.6/site-packages/tensorflow/python/framework/ops.py", line 3272, in create_op
    op_def=op_def)
  File "/home/hornberger/.virtualenvs/gpu-tensorflow-updated/lib/python3.6/site-packages/tensorflow/python/framework/ops.py", line 1768, in __init__
    self._traceback = tf_stack.extract_stack()

InvalidArgumentError (see above for traceback): Assign requires shapes of both tensors to match. lhs shape= [14,16] rhs shape= [6,16]
	 [[{{node save/Assign_6}} = Assign[T=DT_FLOAT, _class=["loc:@dense/kernel"], use_locking=true, validate_shape=true, _device="/job:localhost/replica:0/task:0/device:GPU:0"](dense/kernel/Adam, save/RestoreV2/_13)]]
	 [[{{node save/RestoreV2/_16}} = _Send[T=DT_FLOAT, client_terminated=false, recv_device="/job:localhost/replica:0/task:0/device:GPU:0", send_device="/job:localhost/replica:0/task:0/device:CPU:0", send_device_incarnation=1, tensor_name="edge_22_save/RestoreV2", _device="/job:localhost/replica:0/task:0/device:CPU:0"](save/RestoreV2:8)]]


During handling of the above exception, another exception occurred:

Traceback (most recent call last):
  File "DNNRegressor-Example.py", line 640, in <module>
    tf.app.run(main)
  File "/home/hornberger/.virtualenvs/gpu-tensorflow-updated/lib/python3.6/site-packages/tensorflow/python/platform/app.py", line 125, in run
    _sys.exit(main(argv))
  File "DNNRegressor-Example.py", line 457, in main
    steps=STEPS_PER_EPOCH, hooks=hooks)
  File "/home/hornberger/.virtualenvs/gpu-tensorflow-updated/lib/python3.6/site-packages/tensorflow/python/estimator/estimator.py", line 356, in train
    loss = self._train_model(input_fn, hooks, saving_listeners)
  File "/home/hornberger/.virtualenvs/gpu-tensorflow-updated/lib/python3.6/site-packages/tensorflow/python/estimator/estimator.py", line 1181, in _train_model
    return self._train_model_default(input_fn, hooks, saving_listeners)
  File "/home/hornberger/.virtualenvs/gpu-tensorflow-updated/lib/python3.6/site-packages/tensorflow/python/estimator/estimator.py", line 1215, in _train_model_default
    saving_listeners)
  File "/home/hornberger/.virtualenvs/gpu-tensorflow-updated/lib/python3.6/site-packages/tensorflow/python/estimator/estimator.py", line 1406, in _train_with_estimator_spec
    log_step_count_steps=self._config.log_step_count_steps) as mon_sess:
  File "/home/hornberger/.virtualenvs/gpu-tensorflow-updated/lib/python3.6/site-packages/tensorflow/python/training/monitored_session.py", line 504, in MonitoredTrainingSession
    stop_grace_period_secs=stop_grace_period_secs)
  File "/home/hornberger/.virtualenvs/gpu-tensorflow-updated/lib/python3.6/site-packages/tensorflow/python/training/monitored_session.py", line 921, in __init__
    stop_grace_period_secs=stop_grace_period_secs)
  File "/home/hornberger/.virtualenvs/gpu-tensorflow-updated/lib/python3.6/site-packages/tensorflow/python/training/monitored_session.py", line 643, in __init__
    self._sess = _RecoverableSession(self._coordinated_creator)
  File "/home/hornberger/.virtualenvs/gpu-tensorflow-updated/lib/python3.6/site-packages/tensorflow/python/training/monitored_session.py", line 1107, in __init__
    _WrappedSession.__init__(self, self._create_session())
  File "/home/hornberger/.virtualenvs/gpu-tensorflow-updated/lib/python3.6/site-packages/tensorflow/python/training/monitored_session.py", line 1112, in _create_session
    return self._sess_creator.create_session()
  File "/home/hornberger/.virtualenvs/gpu-tensorflow-updated/lib/python3.6/site-packages/tensorflow/python/training/monitored_session.py", line 800, in create_session
    self.tf_sess = self._session_creator.create_session()
  File "/home/hornberger/.virtualenvs/gpu-tensorflow-updated/lib/python3.6/site-packages/tensorflow/python/training/monitored_session.py", line 566, in create_session
    init_fn=self._scaffold.init_fn)
  File "/home/hornberger/.virtualenvs/gpu-tensorflow-updated/lib/python3.6/site-packages/tensorflow/python/training/session_manager.py", line 281, in prepare_session
    config=config)
  File "/home/hornberger/.virtualenvs/gpu-tensorflow-updated/lib/python3.6/site-packages/tensorflow/python/training/session_manager.py", line 211, in _restore_checkpoint
    saver.restore(sess, ckpt.model_checkpoint_path)
  File "/home/hornberger/.virtualenvs/gpu-tensorflow-updated/lib/python3.6/site-packages/tensorflow/python/training/saver.py", line 1574, in restore
    err, "a mismatch between the current graph and the graph")
tensorflow.python.framework.errors_impl.InvalidArgumentError: Restoring from checkpoint failed. This is most likely due to a mismatch between the current graph and the graph from the checkpoint. Please ensure that you have not altered the graph expected based on the checkpoint. Original error:

Assign requires shapes of both tensors to match. lhs shape= [14,16] rhs shape= [6,16]
	 [[{{node save/Assign_6}} = Assign[T=DT_FLOAT, _class=["loc:@dense/kernel"], use_locking=true, validate_shape=true, _device="/job:localhost/replica:0/task:0/device:GPU:0"](dense/kernel/Adam, save/RestoreV2/_13)]]
	 [[{{node save/RestoreV2/_16}} = _Send[T=DT_FLOAT, client_terminated=false, recv_device="/job:localhost/replica:0/task:0/device:GPU:0", send_device="/job:localhost/replica:0/task:0/device:CPU:0", send_device_incarnation=1, tensor_name="edge_22_save/RestoreV2", _device="/job:localhost/replica:0/task:0/device:CPU:0"](save/RestoreV2:8)]]

Caused by op 'save/Assign_6', defined at:
  File "DNNRegressor-Example.py", line 640, in <module>
    tf.app.run(main)
  File "/home/hornberger/.virtualenvs/gpu-tensorflow-updated/lib/python3.6/site-packages/tensorflow/python/platform/app.py", line 125, in run
    _sys.exit(main(argv))
  File "DNNRegressor-Example.py", line 457, in main
    steps=STEPS_PER_EPOCH, hooks=hooks)
  File "/home/hornberger/.virtualenvs/gpu-tensorflow-updated/lib/python3.6/site-packages/tensorflow/python/estimator/estimator.py", line 356, in train
    loss = self._train_model(input_fn, hooks, saving_listeners)
  File "/home/hornberger/.virtualenvs/gpu-tensorflow-updated/lib/python3.6/site-packages/tensorflow/python/estimator/estimator.py", line 1181, in _train_model
    return self._train_model_default(input_fn, hooks, saving_listeners)
  File "/home/hornberger/.virtualenvs/gpu-tensorflow-updated/lib/python3.6/site-packages/tensorflow/python/estimator/estimator.py", line 1215, in _train_model_default
    saving_listeners)
  File "/home/hornberger/.virtualenvs/gpu-tensorflow-updated/lib/python3.6/site-packages/tensorflow/python/estimator/estimator.py", line 1406, in _train_with_estimator_spec
    log_step_count_steps=self._config.log_step_count_steps) as mon_sess:
  File "/home/hornberger/.virtualenvs/gpu-tensorflow-updated/lib/python3.6/site-packages/tensorflow/python/training/monitored_session.py", line 504, in MonitoredTrainingSession
    stop_grace_period_secs=stop_grace_period_secs)
  File "/home/hornberger/.virtualenvs/gpu-tensorflow-updated/lib/python3.6/site-packages/tensorflow/python/training/monitored_session.py", line 921, in __init__
    stop_grace_period_secs=stop_grace_period_secs)
  File "/home/hornberger/.virtualenvs/gpu-tensorflow-updated/lib/python3.6/site-packages/tensorflow/python/training/monitored_session.py", line 643, in __init__
    self._sess = _RecoverableSession(self._coordinated_creator)
  File "/home/hornberger/.virtualenvs/gpu-tensorflow-updated/lib/python3.6/site-packages/tensorflow/python/training/monitored_session.py", line 1107, in __init__
    _WrappedSession.__init__(self, self._create_session())
  File "/home/hornberger/.virtualenvs/gpu-tensorflow-updated/lib/python3.6/site-packages/tensorflow/python/training/monitored_session.py", line 1112, in _create_session
    return self._sess_creator.create_session()
  File "/home/hornberger/.virtualenvs/gpu-tensorflow-updated/lib/python3.6/site-packages/tensorflow/python/training/monitored_session.py", line 800, in create_session
    self.tf_sess = self._session_creator.create_session()
  File "/home/hornberger/.virtualenvs/gpu-tensorflow-updated/lib/python3.6/site-packages/tensorflow/python/training/monitored_session.py", line 557, in create_session
    self._scaffold.finalize()
  File "/home/hornberger/.virtualenvs/gpu-tensorflow-updated/lib/python3.6/site-packages/tensorflow/python/training/monitored_session.py", line 215, in finalize
    self._saver.build()
  File "/home/hornberger/.virtualenvs/gpu-tensorflow-updated/lib/python3.6/site-packages/tensorflow/python/training/saver.py", line 1106, in build
    self._build(self._filename, build_save=True, build_restore=True)
  File "/home/hornberger/.virtualenvs/gpu-tensorflow-updated/lib/python3.6/site-packages/tensorflow/python/training/saver.py", line 1143, in _build
    build_save=build_save, build_restore=build_restore)
  File "/home/hornberger/.virtualenvs/gpu-tensorflow-updated/lib/python3.6/site-packages/tensorflow/python/training/saver.py", line 781, in _build_internal
    restore_sequentially, reshape)
  File "/home/hornberger/.virtualenvs/gpu-tensorflow-updated/lib/python3.6/site-packages/tensorflow/python/training/saver.py", line 459, in _AddShardedRestoreOps
    name="restore_shard"))
  File "/home/hornberger/.virtualenvs/gpu-tensorflow-updated/lib/python3.6/site-packages/tensorflow/python/training/saver.py", line 428, in _AddRestoreOps
    assign_ops.append(saveable.restore(saveable_tensors, shapes))
  File "/home/hornberger/.virtualenvs/gpu-tensorflow-updated/lib/python3.6/site-packages/tensorflow/python/training/saver.py", line 119, in restore
    self.op.get_shape().is_fully_defined())
  File "/home/hornberger/.virtualenvs/gpu-tensorflow-updated/lib/python3.6/site-packages/tensorflow/python/ops/state_ops.py", line 221, in assign
    validate_shape=validate_shape)
  File "/home/hornberger/.virtualenvs/gpu-tensorflow-updated/lib/python3.6/site-packages/tensorflow/python/ops/gen_state_ops.py", line 61, in assign
    use_locking=use_locking, name=name)
  File "/home/hornberger/.virtualenvs/gpu-tensorflow-updated/lib/python3.6/site-packages/tensorflow/python/framework/op_def_library.py", line 787, in _apply_op_helper
    op_def=op_def)
  File "/home/hornberger/.virtualenvs/gpu-tensorflow-updated/lib/python3.6/site-packages/tensorflow/python/util/deprecation.py", line 488, in new_func
    return func(*args, **kwargs)
  File "/home/hornberger/.virtualenvs/gpu-tensorflow-updated/lib/python3.6/site-packages/tensorflow/python/framework/ops.py", line 3272, in create_op
    op_def=op_def)
  File "/home/hornberger/.virtualenvs/gpu-tensorflow-updated/lib/python3.6/site-packages/tensorflow/python/framework/ops.py", line 1768, in __init__
    self._traceback = tf_stack.extract_stack()

InvalidArgumentError (see above for traceback): Restoring from checkpoint failed. This is most likely due to a mismatch between the current graph and the graph from the checkpoint. Please ensure that you have not altered the graph expected based on the checkpoint. Original error:

Assign requires shapes of both tensors to match. lhs shape= [14,16] rhs shape= [6,16]
	 [[{{node save/Assign_6}} = Assign[T=DT_FLOAT, _class=["loc:@dense/kernel"], use_locking=true, validate_shape=true, _device="/job:localhost/replica:0/task:0/device:GPU:0"](dense/kernel/Adam, save/RestoreV2/_13)]]
	 [[{{node save/RestoreV2/_16}} = _Send[T=DT_FLOAT, client_terminated=false, recv_device="/job:localhost/replica:0/task:0/device:GPU:0", send_device="/job:localhost/replica:0/task:0/device:CPU:0", send_device_incarnation=1, tensor_name="edge_22_save/RestoreV2", _device="/job:localhost/replica:0/task:0/device:CPU:0"](save/RestoreV2:8)]]

INFO:root:Tensorflow 1.11.0
INFO:root:Cmdline Input: ['DNNRegressor-Example.py', '--training', '--custom', '--augment', '--filter', '--save', '/home/hornberger/MasterarbeitTobias/data/simulated/downsampled/h5/Spheres-Separator-FS7-Augm-Filtered.h5', '--hyperparams', '/home/hornberger/Projects/MasterarbeitTobias/implementation/SepSimFinetuning/filteredParticles-60kDecaySteps-FS7.json', '--overrideModel', '/home/hornberger/MasterarbeitTobias/models/simulated/separator/FilteredTracks-60kDecaySteps-FS7']
INFO:root:getting all csv files in /home/hornberger/MasterarbeitTobias/data/simulated/downsampled/SpheresDownsampled
INFO:root:Preparing Data from /home/hornberger/MasterarbeitTobias/data/simulated/downsampled/SpheresDownsampled/gtSpheres_tracksorted_downsampled_00001.csv
INFO:root:Preparing Data from /home/hornberger/MasterarbeitTobias/data/simulated/downsampled/SpheresDownsampled/gtSpheres_tracksorted_downsampled_00401.csv
INFO:root:Preparing Data from /home/hornberger/MasterarbeitTobias/data/simulated/downsampled/SpheresDownsampled/gtSpheres_tracksorted_downsampled_00801.csv
INFO:root:Preparing Data from /home/hornberger/MasterarbeitTobias/data/simulated/downsampled/SpheresDownsampled/gtSpheres_tracksorted_downsampled_01201.csv
INFO:root:Preparing Data from /home/hornberger/MasterarbeitTobias/data/simulated/downsampled/SpheresDownsampled/gtSpheres_tracksorted_downsampled_01601.csv
INFO:root:Preparing Data from /home/hornberger/MasterarbeitTobias/data/simulated/downsampled/SpheresDownsampled/gtSpheres_tracksorted_downsampled_02001.csv
INFO:root:Preparing Data from /home/hornberger/MasterarbeitTobias/data/simulated/downsampled/SpheresDownsampled/gtSpheres_tracksorted_downsampled_02401.csv
INFO:root:Preparing Data from /home/hornberger/MasterarbeitTobias/data/simulated/downsampled/SpheresDownsampled/gtSpheres_tracksorted_downsampled_02801.csv
INFO:root:Preparing Data from /home/hornberger/MasterarbeitTobias/data/simulated/downsampled/SpheresDownsampled/gtSpheres_tracksorted_downsampled_03201.csv
INFO:root:Preparing Data from /home/hornberger/MasterarbeitTobias/data/simulated/downsampled/SpheresDownsampled/gtSpheres_tracksorted_downsampled_03601.csv
INFO:root:Preparing Data from /home/hornberger/MasterarbeitTobias/data/simulated/downsampled/SpheresDownsampled/gtSpheres_tracksorted_downsampled_04401.csv
INFO:root:Preparing Data from /home/hornberger/MasterarbeitTobias/data/simulated/downsampled/SpheresDownsampled/gtSpheres_tracksorted_downsampled_04801.csv
INFO:root:Preparing Data from /home/hornberger/MasterarbeitTobias/data/simulated/downsampled/SpheresDownsampled/gtSpheres_tracksorted_downsampled_05201.csv
INFO:root:Preparing Data from /home/hornberger/MasterarbeitTobias/data/simulated/downsampled/SpheresDownsampled/gtSpheres_tracksorted_downsampled_05601.csv
INFO:root:Preparing Data from /home/hornberger/MasterarbeitTobias/data/simulated/downsampled/SpheresDownsampled/gtSpheres_tracksorted_downsampled_06001.csv
INFO:root:Preparing Data from /home/hornberger/MasterarbeitTobias/data/simulated/downsampled/SpheresDownsampled/gtSpheres_tracksorted_downsampled_06401.csv
INFO:root:Preparing Data from /home/hornberger/MasterarbeitTobias/data/simulated/downsampled/SpheresDownsampled/gtSpheres_tracksorted_downsampled_06801.csv
INFO:root:Preparing Data from /home/hornberger/MasterarbeitTobias/data/simulated/downsampled/SpheresDownsampled/gtSpheres_tracksorted_downsampled_07201.csv
INFO:root:applying augmentation to Training Set...
INFO:root:Augmented. Original Size: 3147. Increased by 3103
INFO:root:done!
INFO:root:time: 2018-11-24_10.40.42
INFO:root:Saving to /home/hornberger/MasterarbeitTobias/models/simulated/separator/FilteredTracks-60kDecaySteps-FS7
INFO:root:model folder /home/hornberger/MasterarbeitTobias/models/simulated/separator/FilteredTracks-60kDecaySteps-FS7 does not exist. Creating folder
INFO:root:storing data in /home/hornberger/MasterarbeitTobias/data/simulated/downsampled/h5/Spheres-Separator-FS7-Augm-Filtered.h5
INFO:root:using custom estimator
INFO:root:Train: ((6250, 14), (6250, 2))
INFO:root:Test: ((358, 14), (358, 2))
INFO:root:Means: 
LabelPosBalken     0.090364
LabelTime         24.283814
dtype: float64
INFO:root:Stds: 
LabelPosBalken     0.037645
LabelTime         11.915077
dtype: float64
INFO:root:Train the DNN Regressor...

INFO:root:Progress: epoch 0
INFO:root:eval: {'average_loss': 0.0054287915, 'loss': 1.9435073, 'rmse': 0.073680334, 'global_step': 5000}
INFO:root:Progress: epoch 10
INFO:root:eval: {'average_loss': 0.0013903957, 'loss': 0.49776167, 'rmse': 0.03728801, 'global_step': 55000}
INFO:root:Progress: epoch 20
INFO:root:eval: {'average_loss': 0.0016140137, 'loss': 0.5778169, 'rmse': 0.04017479, 'global_step': 105000}
INFO:root:Progress: epoch 30
INFO:root:eval: {'average_loss': 0.0010871819, 'loss': 0.3892111, 'rmse': 0.03297244, 'global_step': 155000}
INFO:root:Progress: epoch 40
INFO:root:eval: {'average_loss': 0.0022114157, 'loss': 0.79168683, 'rmse': 0.04702569, 'global_step': 205000}
INFO:root:Progress: epoch 50
INFO:root:eval: {'average_loss': 0.004869711, 'loss': 1.7433566, 'rmse': 0.069783315, 'global_step': 255000}
INFO:root:Progress: epoch 60
INFO:root:eval: {'average_loss': 0.000343689, 'loss': 0.12304066, 'rmse': 0.018538851, 'global_step': 305000}
INFO:root:Progress: epoch 70
INFO:root:eval: {'average_loss': 0.00043530038, 'loss': 0.15583754, 'rmse': 0.020863853, 'global_step': 355000}
INFO:root:Progress: epoch 80
INFO:root:eval: {'average_loss': 0.00042880388, 'loss': 0.15351179, 'rmse': 0.02070758, 'global_step': 405000}
INFO:root:Progress: epoch 90
INFO:root:eval: {'average_loss': 0.0002518166, 'loss': 0.09015034, 'rmse': 0.015868729, 'global_step': 455000}
INFO:root:Progress: epoch 100
INFO:root:eval: {'average_loss': 0.000643683, 'loss': 0.23043852, 'rmse': 0.025370909, 'global_step': 505000}
INFO:root:Progress: epoch 110
INFO:root:eval: {'average_loss': 0.0002260986, 'loss': 0.080943294, 'rmse': 0.0150365755, 'global_step': 555000}
INFO:root:Progress: epoch 120
INFO:root:eval: {'average_loss': 0.00035880593, 'loss': 0.12845252, 'rmse': 0.018942174, 'global_step': 605000}
INFO:root:Progress: epoch 130
INFO:root:eval: {'average_loss': 0.00042026944, 'loss': 0.15045646, 'rmse': 0.020500474, 'global_step': 655000}
INFO:root:Progress: epoch 140
INFO:root:eval: {'average_loss': 0.00039143916, 'loss': 0.14013521, 'rmse': 0.019784821, 'global_step': 705000}
INFO:root:Progress: epoch 150
INFO:root:eval: {'average_loss': 0.0006085395, 'loss': 0.21785714, 'rmse': 0.024668593, 'global_step': 755000}
INFO:root:Progress: epoch 160
INFO:root:eval: {'average_loss': 0.00056129874, 'loss': 0.20094495, 'rmse': 0.023691744, 'global_step': 805000}
INFO:root:Progress: epoch 170
INFO:root:eval: {'average_loss': 0.0006474812, 'loss': 0.23179826, 'rmse': 0.025445651, 'global_step': 855000}
INFO:root:Progress: epoch 180
INFO:root:eval: {'average_loss': 0.00083212263, 'loss': 0.2978999, 'rmse': 0.028846536, 'global_step': 905000}
INFO:root:Progress: epoch 190
INFO:root:eval: {'average_loss': 0.0010103069, 'loss': 0.36168987, 'rmse': 0.031785324, 'global_step': 955000}
INFO:root:Progress: epoch 200
INFO:root:eval: {'average_loss': 0.0013039657, 'loss': 0.4668197, 'rmse': 0.036110464, 'global_step': 1005000}
INFO:root:Progress: epoch 210
INFO:root:eval: {'average_loss': 0.0011643923, 'loss': 0.41685244, 'rmse': 0.034123193, 'global_step': 1055000}
INFO:root:Progress: epoch 220
INFO:root:eval: {'average_loss': 0.00074629893, 'loss': 0.26717502, 'rmse': 0.027318472, 'global_step': 1105000}
INFO:root:Progress: epoch 230
INFO:root:eval: {'average_loss': 0.00062926294, 'loss': 0.22527613, 'rmse': 0.025085114, 'global_step': 1155000}
INFO:root:Progress: epoch 240
INFO:root:eval: {'average_loss': 0.00059520756, 'loss': 0.21308431, 'rmse': 0.024396876, 'global_step': 1205000}
INFO:root:Progress: epoch 250
INFO:root:eval: {'average_loss': 0.0005736745, 'loss': 0.20537548, 'rmse': 0.023951503, 'global_step': 1255000}
INFO:root:Progress: epoch 260
INFO:root:eval: {'average_loss': 0.0006644615, 'loss': 0.23787722, 'rmse': 0.025777152, 'global_step': 1305000}
INFO:root:Progress: epoch 270
INFO:root:eval: {'average_loss': 0.00060905714, 'loss': 0.21804246, 'rmse': 0.024679083, 'global_step': 1355000}
INFO:root:Progress: epoch 280
INFO:root:eval: {'average_loss': 0.0004050213, 'loss': 0.14499763, 'rmse': 0.020125141, 'global_step': 1405000}
INFO:root:Progress: epoch 290
INFO:root:eval: {'average_loss': 0.00053769635, 'loss': 0.1924953, 'rmse': 0.02318828, 'global_step': 1455000}
INFO:root:Progress: epoch 300
INFO:root:eval: {'average_loss': 0.0006168275, 'loss': 0.22082426, 'rmse': 0.024836013, 'global_step': 1505000}
INFO:root:Progress: epoch 310
INFO:root:eval: {'average_loss': 0.00043311223, 'loss': 0.15505418, 'rmse': 0.02081135, 'global_step': 1555000}
INFO:root:Progress: epoch 320
INFO:root:eval: {'average_loss': 0.00039185587, 'loss': 0.1402844, 'rmse': 0.019795349, 'global_step': 1605000}
INFO:root:Progress: epoch 330
INFO:root:eval: {'average_loss': 0.00062453654, 'loss': 0.22358409, 'rmse': 0.024990728, 'global_step': 1655000}
INFO:root:Progress: epoch 340
INFO:root:eval: {'average_loss': 0.00048596627, 'loss': 0.17397593, 'rmse': 0.022044642, 'global_step': 1705000}
INFO:root:Progress: epoch 350
INFO:root:eval: {'average_loss': 0.00042609253, 'loss': 0.15254113, 'rmse': 0.020642009, 'global_step': 1755000}
INFO:root:Progress: epoch 360
INFO:root:eval: {'average_loss': 0.00052277424, 'loss': 0.18715318, 'rmse': 0.022864256, 'global_step': 1805000}
INFO:root:Progress: epoch 370
INFO:root:eval: {'average_loss': 0.000471597, 'loss': 0.16883174, 'rmse': 0.021716284, 'global_step': 1855000}
INFO:root:Progress: epoch 380
INFO:root:eval: {'average_loss': 0.0006523665, 'loss': 0.23354721, 'rmse': 0.025541466, 'global_step': 1905000}
INFO:root:Progress: epoch 390
INFO:root:eval: {'average_loss': 0.0005248854, 'loss': 0.18790898, 'rmse': 0.022910379, 'global_step': 1955000}
INFO:root:Progress: epoch 400
INFO:root:eval: {'average_loss': 0.0006761189, 'loss': 0.24205056, 'rmse': 0.026002286, 'global_step': 2005000}
INFO:root:Progress: epoch 410
INFO:root:eval: {'average_loss': 0.00068059174, 'loss': 0.24365184, 'rmse': 0.026088154, 'global_step': 2055000}
INFO:root:Progress: epoch 420
INFO:root:eval: {'average_loss': 0.0007153655, 'loss': 0.25610086, 'rmse': 0.026746318, 'global_step': 2105000}
INFO:root:Progress: epoch 430
INFO:root:eval: {'average_loss': 0.000813724, 'loss': 0.2913132, 'rmse': 0.028525848, 'global_step': 2155000}
INFO:root:Progress: epoch 440
INFO:root:eval: {'average_loss': 0.00079565006, 'loss': 0.28484273, 'rmse': 0.02820727, 'global_step': 2205000}
INFO:root:Progress: epoch 450
INFO:root:eval: {'average_loss': 0.0010785044, 'loss': 0.38610455, 'rmse': 0.03284059, 'global_step': 2255000}
INFO:root:Progress: epoch 460
INFO:root:eval: {'average_loss': 0.0010307262, 'loss': 0.369, 'rmse': 0.032104924, 'global_step': 2305000}
INFO:root:Progress: epoch 470
INFO:root:eval: {'average_loss': 0.0010486521, 'loss': 0.37541744, 'rmse': 0.032382898, 'global_step': 2355000}
INFO:root:Progress: epoch 480
INFO:root:eval: {'average_loss': 0.0011353994, 'loss': 0.406473, 'rmse': 0.03369569, 'global_step': 2405000}
INFO:root:Progress: epoch 490
INFO:root:eval: {'average_loss': 0.0011197149, 'loss': 0.40085796, 'rmse': 0.03346214, 'global_step': 2455000}
INFO:root:Progress: epoch 500
INFO:root:eval: {'average_loss': 0.0011974779, 'loss': 0.4286971, 'rmse': 0.034604594, 'global_step': 2505000}
INFO:root:Progress: epoch 510
INFO:root:eval: {'average_loss': 0.0011901336, 'loss': 0.42606783, 'rmse': 0.03449831, 'global_step': 2555000}
INFO:root:Progress: epoch 520
INFO:root:eval: {'average_loss': 0.0012595325, 'loss': 0.45091265, 'rmse': 0.035489894, 'global_step': 2605000}
INFO:root:Progress: epoch 530
INFO:root:eval: {'average_loss': 0.0013617089, 'loss': 0.48749176, 'rmse': 0.03690134, 'global_step': 2655000}
INFO:root:Progress: epoch 540
INFO:root:eval: {'average_loss': 0.0012218142, 'loss': 0.4374095, 'rmse': 0.03495446, 'global_step': 2705000}
INFO:root:Progress: epoch 550
INFO:root:eval: {'average_loss': 0.0012659082, 'loss': 0.45319515, 'rmse': 0.035579603, 'global_step': 2755000}
INFO:root:Progress: epoch 560
INFO:root:eval: {'average_loss': 0.0013528832, 'loss': 0.48433217, 'rmse': 0.03678156, 'global_step': 2805000}
INFO:root:Progress: epoch 570
INFO:root:eval: {'average_loss': 0.0012833425, 'loss': 0.4594366, 'rmse': 0.03582377, 'global_step': 2855000}
INFO:root:Progress: epoch 580
INFO:root:eval: {'average_loss': 0.0013776282, 'loss': 0.49319088, 'rmse': 0.037116416, 'global_step': 2905000}
INFO:root:Progress: epoch 590
INFO:root:eval: {'average_loss': 0.0012302661, 'loss': 0.44043526, 'rmse': 0.03507515, 'global_step': 2955000}
INFO:root:Progress: epoch 600
INFO:root:eval: {'average_loss': 0.001340531, 'loss': 0.4799101, 'rmse': 0.036613263, 'global_step': 3005000}
INFO:root:Progress: epoch 610
INFO:root:eval: {'average_loss': 0.0013261454, 'loss': 0.47476006, 'rmse': 0.036416277, 'global_step': 3055000}
INFO:root:Progress: epoch 620
INFO:root:eval: {'average_loss': 0.00134846, 'loss': 0.48274866, 'rmse': 0.036721382, 'global_step': 3105000}
INFO:root:Progress: epoch 630
INFO:root:eval: {'average_loss': 0.0013876576, 'loss': 0.4967814, 'rmse': 0.037251275, 'global_step': 3155000}
INFO:root:Progress: epoch 640
INFO:root:eval: {'average_loss': 0.001191923, 'loss': 0.42670846, 'rmse': 0.03452424, 'global_step': 3205000}
INFO:root:Progress: epoch 650
INFO:root:eval: {'average_loss': 0.0012478441, 'loss': 0.44672817, 'rmse': 0.035324838, 'global_step': 3255000}
INFO:root:Progress: epoch 660
INFO:root:eval: {'average_loss': 0.0012950507, 'loss': 0.46362817, 'rmse': 0.035986815, 'global_step': 3305000}
INFO:root:Progress: epoch 670
INFO:root:eval: {'average_loss': 0.0013108167, 'loss': 0.4692724, 'rmse': 0.036205202, 'global_step': 3355000}
INFO:root:Progress: epoch 680
INFO:root:eval: {'average_loss': 0.0013053021, 'loss': 0.46729818, 'rmse': 0.036128964, 'global_step': 3405000}
INFO:root:Progress: epoch 690
INFO:root:eval: {'average_loss': 0.0014628471, 'loss': 0.5236993, 'rmse': 0.038247183, 'global_step': 3455000}
INFO:root:Progress: epoch 700
INFO:root:eval: {'average_loss': 0.0013187985, 'loss': 0.47212988, 'rmse': 0.036315266, 'global_step': 3505000}
INFO:root:Progress: epoch 710
INFO:root:eval: {'average_loss': 0.0013390516, 'loss': 0.4793805, 'rmse': 0.036593053, 'global_step': 3555000}
INFO:root:Progress: epoch 720
INFO:root:eval: {'average_loss': 0.0012707107, 'loss': 0.45491445, 'rmse': 0.03564703, 'global_step': 3605000}
INFO:root:Progress: epoch 730
INFO:root:eval: {'average_loss': 0.0012128794, 'loss': 0.43421084, 'rmse': 0.03482642, 'global_step': 3655000}
INFO:root:Progress: epoch 740
INFO:root:eval: {'average_loss': 0.0012835753, 'loss': 0.45951995, 'rmse': 0.03582702, 'global_step': 3705000}
INFO:root:Progress: epoch 750
INFO:root:eval: {'average_loss': 0.0012356722, 'loss': 0.44237062, 'rmse': 0.03515213, 'global_step': 3755000}
INFO:root:Progress: epoch 760
INFO:root:eval: {'average_loss': 0.0013261132, 'loss': 0.47474855, 'rmse': 0.036415838, 'global_step': 3805000}
INFO:root:Progress: epoch 770
INFO:root:eval: {'average_loss': 0.0012718405, 'loss': 0.4553189, 'rmse': 0.035662875, 'global_step': 3855000}
INFO:root:Progress: epoch 780
INFO:root:eval: {'average_loss': 0.0012824278, 'loss': 0.45910916, 'rmse': 0.035811, 'global_step': 3905000}
INFO:root:Progress: epoch 790
INFO:root:eval: {'average_loss': 0.0012683689, 'loss': 0.45407608, 'rmse': 0.035614166, 'global_step': 3955000}
INFO:root:Progress: epoch 800
INFO:root:eval: {'average_loss': 0.0013135814, 'loss': 0.47026214, 'rmse': 0.036243364, 'global_step': 4005000}
INFO:root:Progress: epoch 810
INFO:root:eval: {'average_loss': 0.0011779751, 'loss': 0.42171508, 'rmse': 0.034321643, 'global_step': 4055000}
INFO:root:Progress: epoch 820
INFO:root:eval: {'average_loss': 0.0013000319, 'loss': 0.46541142, 'rmse': 0.036055956, 'global_step': 4105000}
INFO:root:Progress: epoch 830
INFO:root:eval: {'average_loss': 0.0012718642, 'loss': 0.45532736, 'rmse': 0.035663206, 'global_step': 4155000}
INFO:root:Progress: epoch 840
INFO:root:eval: {'average_loss': 0.0013308787, 'loss': 0.4764546, 'rmse': 0.03648121, 'global_step': 4205000}
INFO:root:Progress: epoch 850
INFO:root:eval: {'average_loss': 0.0013554293, 'loss': 0.48524368, 'rmse': 0.036816154, 'global_step': 4255000}
INFO:root:Progress: epoch 860
INFO:root:eval: {'average_loss': 0.0013333341, 'loss': 0.4773336, 'rmse': 0.03651485, 'global_step': 4305000}
INFO:root:Progress: epoch 870
INFO:root:eval: {'average_loss': 0.0013768866, 'loss': 0.4929254, 'rmse': 0.037106425, 'global_step': 4355000}
INFO:root:Progress: epoch 880
INFO:root:eval: {'average_loss': 0.0014191075, 'loss': 0.5080405, 'rmse': 0.037671044, 'global_step': 4405000}
INFO:root:Progress: epoch 890
INFO:root:eval: {'average_loss': 0.001402065, 'loss': 0.5019393, 'rmse': 0.03744416, 'global_step': 4455000}
INFO:root:Progress: epoch 900
INFO:root:eval: {'average_loss': 0.0014579864, 'loss': 0.5219591, 'rmse': 0.03818359, 'global_step': 4505000}
INFO:root:Progress: epoch 910
INFO:root:eval: {'average_loss': 0.0014174237, 'loss': 0.5074377, 'rmse': 0.03764869, 'global_step': 4555000}
INFO:root:Progress: epoch 920
INFO:root:eval: {'average_loss': 0.0014915916, 'loss': 0.5339898, 'rmse': 0.038621128, 'global_step': 4605000}
INFO:root:Progress: epoch 930
INFO:root:eval: {'average_loss': 0.0014963045, 'loss': 0.535677, 'rmse': 0.038682096, 'global_step': 4655000}
INFO:root:Progress: epoch 940
INFO:root:eval: {'average_loss': 0.0015134211, 'loss': 0.54180473, 'rmse': 0.03890271, 'global_step': 4705000}
INFO:root:Progress: epoch 950
INFO:root:eval: {'average_loss': 0.0014957886, 'loss': 0.5354923, 'rmse': 0.038675427, 'global_step': 4755000}
INFO:root:Progress: epoch 960
INFO:root:eval: {'average_loss': 0.0015116999, 'loss': 0.54118854, 'rmse': 0.038880583, 'global_step': 4805000}
INFO:root:Progress: epoch 970
INFO:root:eval: {'average_loss': 0.0015390717, 'loss': 0.55098766, 'rmse': 0.039231002, 'global_step': 4855000}
INFO:root:Progress: epoch 980
INFO:root:eval: {'average_loss': 0.00156311, 'loss': 0.5595934, 'rmse': 0.039536186, 'global_step': 4905000}
INFO:root:Progress: epoch 990
INFO:root:eval: {'average_loss': 0.0015670123, 'loss': 0.5609904, 'rmse': 0.039585505, 'global_step': 4955000}
INFO:root:Training completed. final average loss: 0.0015387609601020813, best average loss during training: 0.00022609859297517687
INFO:root:Total Training time: 5h 18min 55s
INFO:root:Tensorflow 1.11.0
INFO:root:Cmdline Input: ['DNNRegressor-Example.py', '--plot', '--lossAna', '--custom', '--augment', '--filter', '--load', '/home/hornberger/MasterarbeitTobias/data/simulated/downsampled/h5/Spheres-Separator-FS7-Augm-Filtered.h5', '--hyperparams', '/home/hornberger/Projects/MasterarbeitTobias/implementation/SepSimFinetuning/filteredParticles-60kDecaySteps-FS7.json', '--overrideModel', '/home/hornberger/MasterarbeitTobias/models/simulated/separator/FilteredTracks-60kDecaySteps-FS7']
INFO:root:time: 2018-11-26_09.34.49
INFO:root:Saving to /home/hornberger/MasterarbeitTobias/models/simulated/separator/FilteredTracks-60kDecaySteps-FS7
INFO:root:loading data from /home/hornberger/MasterarbeitTobias/data/simulated/downsampled/h5/Spheres-Separator-FS7-Augm-Filtered.h5.
INFO:root:using custom estimator
INFO:root:Train: ((6250, 14), (6250, 2))
INFO:root:Test: ((358, 14), (358, 2))
INFO:root:Means: 
LabelPosBalken     0.090364
LabelTime         24.283814
dtype: float64
INFO:root:Stds: 
LabelPosBalken     0.037645
LabelTime         11.915077
dtype: float64
INFO:root:No training today, just prediction
INFO:root:Error on whole Test set:
MSE (tensorflow): 0.0015387609601020813
INFO:root:Saving Image to file /home/hornberger/MasterarbeitTobias/images/FilteredTracks-60kDecaySteps-FS7/FilteredTracks-60kDecaySteps-FS7_highestLoss_2018-11-26_09.34.49.pdf
INFO:root:Saving Image to file /home/hornberger/MasterarbeitTobias/images/FilteredTracks-60kDecaySteps-FS7/FilteredTracks-60kDecaySteps-FS7_2018-11-26_09.34.49.pdf
INFO:root:getting optimal accel for 6250 examples
INFO:root:Evaluation on 358 data points
INFO:root:
       NNpixelErrorPosBalken  CVpixelErrorPosBalken  CVBCpixelErrorPosBalken  \
count  358.000000             358.000000             358.000000                
mean  -0.000028               0.000048               0.000046                  
std    0.001444               0.000891               0.000725                  
min   -0.020637              -0.005315              -0.004089                  
25%   -0.000005              -0.000149              -0.000106                  
50%    0.000019              -0.000003              -0.000003                  
75%    0.000042               0.000116               0.000077                  
max    0.010092               0.011383               0.010425                  

       CApixelErrorPosBalken  
count  3.580000e+02           
mean   3.005390e-05           
std    1.348329e-03           
min   -3.974841e-03           
25%   -2.487834e-04           
50%   -1.000000e-06           
75%    1.669278e-04           
max    1.138446e-02           
INFO:root:
       NNerrorTime  CVerrorTime  CVBCerrorTime  CAerrorTime  AAerrorTime  \
count  358.000000   358.000000   358.000000     358.000000   358.000000    
mean  -0.010853     1.537765     0.024117       0.091888     0.017898      
std    0.478700     0.349067     0.349067       0.501104     0.138683      
min   -5.070461     0.856807    -0.656841      -1.234420    -1.234420      
25%   -0.020924     1.486430    -0.027218       0.009510     0.011223      
50%   -0.013689     1.519569     0.005921       0.021178     0.020653      
75%   -0.010043     1.544248     0.030600       0.361918     0.029075      
max    6.782467     7.620538     6.106890       7.622344     1.489476      

       IAerrorTime  
count  358.000000   
mean  -0.000910     
std    0.137523     
min   -1.259580     
25%   -0.007817     
50%    0.002053     
75%    0.010867     
max    1.426118     
INFO:root:Saving evaluation images to /home/hornberger/MasterarbeitTobias/images/FilteredTracks-60kDecaySteps-FS7
INFO:root:Saving dataframe:
            X_0      X_1      X_2    ...          Y_4       Y_5       Y_6
62328   0.51389  0.52005  0.52626    ...     0.130430  0.130430  0.130430
65266   0.51846  0.52462  0.53081    ...     0.073775  0.073988  0.074200
45499   0.51384  0.52001  0.52623    ...     0.129390  0.129680  0.129980
14799   0.51349  0.51966  0.52587    ...     0.092830  0.092830  0.092830
23350   0.51630  0.52259  0.52892    ...     0.094524  0.094267  0.094011
31059   0.51280  0.51893  0.52511    ...     0.144200  0.144210  0.144220
137730  0.51377  0.51994  0.52616    ...     0.054414  0.054393  0.054371
90266   0.51436  0.52056  0.52679    ...     0.058861  0.058861  0.058861
51136   0.51340  0.51958  0.52579    ...     0.084480  0.084440  0.084401
137896  0.51866  0.52484  0.53105    ...     0.054236  0.054232  0.054229

[10 rows x 14 columns]
        LabelPosBalken  LabelTime
62328         0.130420  21.831006
65266         0.078287  21.237360
45499         0.135906  21.798883
14799         0.092830  21.868715
23350         0.089440  21.076602
31059         0.144460  22.092437
137730        0.053949  21.802228
90266         0.058864  21.663877
51136         0.083639  21.850975
137896        0.054168  21.112045
predicted: 
[0.13048919201223128, 21.828810516289124]
[0.07826728171503802, 21.231014706799698]
[0.13543708180837546, 21.70232284431419]
[0.09285171827915956, 21.855971883670257]
[0.0891371480115487, 21.000137757605508]
[0.14446658970267917, 22.068774396994403]
[0.0539682351576632, 21.788192394060626]
[0.058879757303004085, 21.652016966498135]
[0.08368048357639615, 21.83640462013032]
[0.0541878367114712, 21.106607903080132]
time: 0.22s
MSE (tensorflow): 1.709377102088183e-05
