INFO:root:Tensorflow 1.8.0
INFO:root:getting all csv files in /home/hornberger/MasterarbeitTobias/data/selbstgesammelteDaten/Kugeln
INFO:root:Preparing Data from /home/hornberger/MasterarbeitTobias/data/selbstgesammelteDaten/Kugeln/kugeln_001_trackHistory_NothingDeleted.csv
WARNING:root:skipping track 256: highest Value smaller than separator
WARNING:root:skipping track 288: highest Value smaller than separator
WARNING:root:skipping track 442: highest Value smaller than separator
WARNING:root:skipping track 443: highest Value smaller than separator
INFO:root:Preparing Data from /home/hornberger/MasterarbeitTobias/data/selbstgesammelteDaten/Kugeln/kugeln_002_trackHistory_NothingDeleted.csv
WARNING:root:skipping track 32: NaN values in track
WARNING:root:skipping track 333: highest Value smaller than separator
WARNING:root:skipping track 334: highest Value smaller than separator
INFO:root:Preparing Data from /home/hornberger/MasterarbeitTobias/data/selbstgesammelteDaten/Kugeln/kugeln_003_trackHistory_NothingDeleted.csv
WARNING:root:skipping track 1: Not enough elements for features
INFO:root:Preparing Data from /home/hornberger/MasterarbeitTobias/data/selbstgesammelteDaten/Kugeln/kugeln_004_trackHistory_NothingDeleted.csv
WARNING:root:skipping track 280: highest Value smaller than separator
INFO:root:Preparing Data from /home/hornberger/MasterarbeitTobias/data/selbstgesammelteDaten/Kugeln/kugeln_005_trackHistory_NothingDeleted.csv
WARNING:root:skipping track 533: NaN values in track
WARNING:root:skipping track 592: highest Value smaller than separator
WARNING:root:skipping track 593: highest Value smaller than separator
WARNING:root:skipping track 626: Not enough elements for features
WARNING:root:skipping track 650: highest Value smaller than separator
WARNING:root:skipping track 891: highest Value smaller than separator
WARNING:root:skipping track 892: highest Value smaller than separator
INFO:root:Preparing Data from /home/hornberger/MasterarbeitTobias/data/selbstgesammelteDaten/Kugeln/kugeln_006_trackHistory_NothingDeleted.csv
WARNING:root:skipping track 20: highest Value smaller than separator
WARNING:root:skipping track 110: highest Value smaller than separator
WARNING:root:skipping track 113: NaN values in track
WARNING:root:skipping track 118: highest Value smaller than separator
WARNING:root:skipping track 320: NaN values in track
WARNING:root:skipping track 458: highest Value smaller than separator
INFO:root:Preparing Data from /home/hornberger/MasterarbeitTobias/data/selbstgesammelteDaten/Kugeln/kugeln_007_trackHistory_NothingDeleted.csv
WARNING:root:skipping track 58: Not enough elements for features
WARNING:root:skipping track 217: highest Value smaller than separator
WARNING:root:skipping track 475: NaN values in track
WARNING:root:skipping track 522: highest Value smaller than separator
WARNING:root:skipping track 735: highest Value smaller than separator
WARNING:root:skipping track 736: highest Value smaller than separator
WARNING:root:skipping track 737: highest Value smaller than separator
WARNING:root:skipping track 738: highest Value smaller than separator
INFO:root:Preparing Data from /home/hornberger/MasterarbeitTobias/data/selbstgesammelteDaten/Kugeln/kugeln_008_trackHistory_NothingDeleted.csv
WARNING:root:skipping track 196: Not enough elements for features
WARNING:root:skipping track 445: highest Value smaller than separator
INFO:root:Preparing Data from /home/hornberger/MasterarbeitTobias/data/selbstgesammelteDaten/Kugeln/kugeln_009_trackHistory_NothingDeleted.csv
WARNING:root:skipping track 89: highest Value smaller than separator
INFO:root:Preparing Data from /home/hornberger/MasterarbeitTobias/data/selbstgesammelteDaten/Kugeln/kugeln_010_trackHistory_NothingDeleted.csv
WARNING:root:skipping track 2: Not enough elements for features
WARNING:root:skipping track 31: highest Value smaller than separator
WARNING:root:skipping track 116: highest Value smaller than separator
WARNING:root:skipping track 234: highest Value smaller than separator
WARNING:root:skipping track 319: NaN values in track
WARNING:root:skipping track 430: NaN values in track
WARNING:root:skipping track 439: highest Value smaller than separator
WARNING:root:skipping track 458: NaN values in track
WARNING:root:skipping track 461: NaN values in track
WARNING:root:skipping track 742: highest Value smaller than separator
WARNING:root:skipping track 806: highest Value smaller than separator
WARNING:root:skipping track 812: highest Value smaller than separator
WARNING:root:skipping track 813: highest Value smaller than separator
WARNING:root:skipping track 814: highest Value smaller than separator
WARNING:root:skipping track 815: highest Value smaller than separator
WARNING:root:skipping track 816: highest Value smaller than separator
INFO:root:Preparing Data from /home/hornberger/MasterarbeitTobias/data/selbstgesammelteDaten/Kugeln/kugeln_011_trackHistory_NothingDeleted.csv
WARNING:root:skipping track 4: Not enough elements for features
WARNING:root:skipping track 463: highest Value smaller than separator
WARNING:root:skipping track 464: highest Value smaller than separator
INFO:root:Preparing Data from /home/hornberger/MasterarbeitTobias/data/selbstgesammelteDaten/Kugeln/kugeln_012_trackHistory_NothingDeleted.csv
WARNING:root:skipping track 38: highest Value smaller than separator
WARNING:root:skipping track 204: NaN values in track
WARNING:root:skipping track 364: Not enough elements for features
WARNING:root:skipping track 631: highest Value smaller than separator
WARNING:root:skipping track 632: highest Value smaller than separator
WARNING:root:skipping track 633: highest Value smaller than separator
INFO:root:Preparing Data from /home/hornberger/MasterarbeitTobias/data/selbstgesammelteDaten/Kugeln/kugeln_013_trackHistory_NothingDeleted.csv
WARNING:root:skipping track 8: highest Value smaller than separator
WARNING:root:skipping track 18: Not enough elements for features
WARNING:root:skipping track 42: highest Value smaller than separator
WARNING:root:skipping track 192: highest Value smaller than separator
WARNING:root:skipping track 214: NaN values in track
WARNING:root:skipping track 220: Not enough elements for features
WARNING:root:skipping track 466: highest Value smaller than separator
WARNING:root:skipping track 492: highest Value smaller than separator
WARNING:root:skipping track 508: Not enough elements for features
WARNING:root:skipping track 531: highest Value smaller than separator
WARNING:root:skipping track 532: highest Value smaller than separator
WARNING:root:skipping track 533: highest Value smaller than separator
INFO:root:Preparing Data from /home/hornberger/MasterarbeitTobias/data/selbstgesammelteDaten/Kugeln/kugeln_014_trackHistory_NothingDeleted.csv
WARNING:root:skipping track 4: Not enough elements for features
WARNING:root:skipping track 59: highest Value smaller than separator
WARNING:root:skipping track 158: Not enough elements for features
WARNING:root:skipping track 339: highest Value smaller than separator
WARNING:root:skipping track 355: highest Value smaller than separator
WARNING:root:skipping track 436: highest Value smaller than separator
WARNING:root:skipping track 437: highest Value smaller than separator
WARNING:root:skipping track 438: highest Value smaller than separator
INFO:root:Preparing Data from /home/hornberger/MasterarbeitTobias/data/selbstgesammelteDaten/Kugeln/kugeln_015_trackHistory_NothingDeleted.csv
WARNING:root:skipping track 1: Not enough elements for features
WARNING:root:skipping track 105: Not enough elements for features
WARNING:root:skipping track 188: NaN values in track
INFO:root:time: 2018-08-28_16.25.06
INFO:root:Saving to /home/hornberger/MasterarbeitTobias/models/separatorKug/sepkug01
INFO:root:storing data in data.h5
INFO:root:Train the DNN Regressor...

INFO:root:Progress: epoch 0
INFO:root:eval: {'average_loss': 54354.9, 'loss': 52615544.0, 'global_step': 500}
INFO:root:Progress: epoch 10
INFO:root:eval: {'average_loss': 37819.84, 'loss': 36609604.0, 'global_step': 5500}
INFO:root:Progress: epoch 20
INFO:root:eval: {'average_loss': 37025.926, 'loss': 35841096.0, 'global_step': 10500}
INFO:root:Progress: epoch 30
INFO:root:eval: {'average_loss': 36427.39, 'loss': 35261716.0, 'global_step': 15500}
INFO:root:Progress: epoch 40
INFO:root:eval: {'average_loss': 35978.098, 'loss': 34826796.0, 'global_step': 20500}
INFO:root:Progress: epoch 50
INFO:root:eval: {'average_loss': 33645.11, 'loss': 32568466.0, 'global_step': 25500}
INFO:root:Progress: epoch 60
INFO:root:eval: {'average_loss': 32981.17, 'loss': 31925776.0, 'global_step': 30500}
INFO:root:Progress: epoch 70
INFO:root:eval: {'average_loss': 32544.297, 'loss': 31502880.0, 'global_step': 35500}
INFO:root:Progress: epoch 80
INFO:root:eval: {'average_loss': 32341.64, 'loss': 31306708.0, 'global_step': 40500}
INFO:root:Progress: epoch 90
INFO:root:eval: {'average_loss': 32148.37, 'loss': 31119620.0, 'global_step': 45500}
INFO:root:Progress: epoch 100
INFO:root:eval: {'average_loss': 32034.97, 'loss': 31009852.0, 'global_step': 50500}
INFO:root:Progress: epoch 110
INFO:root:eval: {'average_loss': 31842.885, 'loss': 30823914.0, 'global_step': 55500}
INFO:root:Progress: epoch 120
INFO:root:eval: {'average_loss': 31852.484, 'loss': 30833204.0, 'global_step': 60500}
INFO:root:Progress: epoch 130
INFO:root:eval: {'average_loss': 31640.568, 'loss': 30628070.0, 'global_step': 65500}
INFO:root:Progress: epoch 140
INFO:root:eval: {'average_loss': 31601.605, 'loss': 30590354.0, 'global_step': 70500}
INFO:root:Progress: epoch 150
INFO:root:eval: {'average_loss': 31453.133, 'loss': 30446634.0, 'global_step': 75500}
INFO:root:Progress: epoch 160
INFO:root:eval: {'average_loss': 31373.676, 'loss': 30369718.0, 'global_step': 80500}
INFO:root:Progress: epoch 170
INFO:root:eval: {'average_loss': 31305.457, 'loss': 30303682.0, 'global_step': 85500}
INFO:root:Tensorflow 1.8.0
INFO:root:time: 2018-08-28_16.34.52
INFO:root:Saving to /home/hornberger/MasterarbeitTobias/models/separatorKug/sepkug01
INFO:root:loading data from store
INFO:root:Train the DNN Regressor...

(60984, 10) (60984, 2)
(6776, 10) (6776, 2)
Traceback (most recent call last):
  File "/home/hornberger/.virtualenvs/gpu-tensorflow/lib/python3.6/site-packages/tensorflow/python/client/session.py", line 1322, in _do_call
    return fn(*args)
  File "/home/hornberger/.virtualenvs/gpu-tensorflow/lib/python3.6/site-packages/tensorflow/python/client/session.py", line 1307, in _run_fn
    options, feed_dict, fetch_list, target_list, run_metadata)
  File "/home/hornberger/.virtualenvs/gpu-tensorflow/lib/python3.6/site-packages/tensorflow/python/client/session.py", line 1409, in _call_tf_sessionrun
    run_metadata)
tensorflow.python.framework.errors_impl.NotFoundError: Key dnn/head/beta1_power not found in checkpoint
	 [[Node: save/RestoreV2 = RestoreV2[dtypes=[DT_FLOAT, DT_FLOAT, DT_FLOAT, DT_FLOAT, DT_FLOAT, ..., DT_FLOAT, DT_FLOAT, DT_FLOAT, DT_FLOAT, DT_INT64], _device="/job:localhost/replica:0/task:0/device:CPU:0"](_arg_save/Const_0_0, save/RestoreV2/tensor_names, save/RestoreV2/shape_and_slices)]]
	 [[Node: save/RestoreV2/_51 = _Recv[client_terminated=false, recv_device="/job:localhost/replica:0/task:0/device:GPU:0", send_device="/job:localhost/replica:0/task:0/device:CPU:0", send_device_incarnation=1, tensor_name="edge_56_save/RestoreV2", tensor_type=DT_FLOAT, _device="/job:localhost/replica:0/task:0/device:GPU:0"]()]]

During handling of the above exception, another exception occurred:

Traceback (most recent call last):
  File "./DNNRegressor-Example.py", line 433, in <module>
    tf.app.run(main)
  File "/home/hornberger/.virtualenvs/gpu-tensorflow/lib/python3.6/site-packages/tensorflow/python/platform/app.py", line 126, in run
    _sys.exit(main(argv))
  File "./DNNRegressor-Example.py", line 321, in main
    steps=STEPS_PER_EPOCH, hooks=hooks)
  File "/home/hornberger/.virtualenvs/gpu-tensorflow/lib/python3.6/site-packages/tensorflow/python/estimator/estimator.py", line 363, in train
    loss = self._train_model(input_fn, hooks, saving_listeners)
  File "/home/hornberger/.virtualenvs/gpu-tensorflow/lib/python3.6/site-packages/tensorflow/python/estimator/estimator.py", line 843, in _train_model
    return self._train_model_default(input_fn, hooks, saving_listeners)
  File "/home/hornberger/.virtualenvs/gpu-tensorflow/lib/python3.6/site-packages/tensorflow/python/estimator/estimator.py", line 859, in _train_model_default
    saving_listeners)
  File "/home/hornberger/.virtualenvs/gpu-tensorflow/lib/python3.6/site-packages/tensorflow/python/estimator/estimator.py", line 1056, in _train_with_estimator_spec
    log_step_count_steps=self._config.log_step_count_steps) as mon_sess:
  File "/home/hornberger/.virtualenvs/gpu-tensorflow/lib/python3.6/site-packages/tensorflow/python/training/monitored_session.py", line 405, in MonitoredTrainingSession
    stop_grace_period_secs=stop_grace_period_secs)
  File "/home/hornberger/.virtualenvs/gpu-tensorflow/lib/python3.6/site-packages/tensorflow/python/training/monitored_session.py", line 816, in __init__
    stop_grace_period_secs=stop_grace_period_secs)
  File "/home/hornberger/.virtualenvs/gpu-tensorflow/lib/python3.6/site-packages/tensorflow/python/training/monitored_session.py", line 539, in __init__
    self._sess = _RecoverableSession(self._coordinated_creator)
  File "/home/hornberger/.virtualenvs/gpu-tensorflow/lib/python3.6/site-packages/tensorflow/python/training/monitored_session.py", line 1002, in __init__
    _WrappedSession.__init__(self, self._create_session())
  File "/home/hornberger/.virtualenvs/gpu-tensorflow/lib/python3.6/site-packages/tensorflow/python/training/monitored_session.py", line 1007, in _create_session
    return self._sess_creator.create_session()
  File "/home/hornberger/.virtualenvs/gpu-tensorflow/lib/python3.6/site-packages/tensorflow/python/training/monitored_session.py", line 696, in create_session
    self.tf_sess = self._session_creator.create_session()
  File "/home/hornberger/.virtualenvs/gpu-tensorflow/lib/python3.6/site-packages/tensorflow/python/training/monitored_session.py", line 467, in create_session
    init_fn=self._scaffold.init_fn)
  File "/home/hornberger/.virtualenvs/gpu-tensorflow/lib/python3.6/site-packages/tensorflow/python/training/session_manager.py", line 279, in prepare_session
    config=config)
  File "/home/hornberger/.virtualenvs/gpu-tensorflow/lib/python3.6/site-packages/tensorflow/python/training/session_manager.py", line 207, in _restore_checkpoint
    saver.restore(sess, ckpt.model_checkpoint_path)
  File "/home/hornberger/.virtualenvs/gpu-tensorflow/lib/python3.6/site-packages/tensorflow/python/training/saver.py", line 1802, in restore
    {self.saver_def.filename_tensor_name: save_path})
  File "/home/hornberger/.virtualenvs/gpu-tensorflow/lib/python3.6/site-packages/tensorflow/python/client/session.py", line 900, in run
    run_metadata_ptr)
  File "/home/hornberger/.virtualenvs/gpu-tensorflow/lib/python3.6/site-packages/tensorflow/python/client/session.py", line 1135, in _run
    feed_dict_tensor, options, run_metadata)
  File "/home/hornberger/.virtualenvs/gpu-tensorflow/lib/python3.6/site-packages/tensorflow/python/client/session.py", line 1316, in _do_run
    run_metadata)
  File "/home/hornberger/.virtualenvs/gpu-tensorflow/lib/python3.6/site-packages/tensorflow/python/client/session.py", line 1335, in _do_call
    raise type(e)(node_def, op, message)
tensorflow.python.framework.errors_impl.NotFoundError: Key dnn/head/beta1_power not found in checkpoint
	 [[Node: save/RestoreV2 = RestoreV2[dtypes=[DT_FLOAT, DT_FLOAT, DT_FLOAT, DT_FLOAT, DT_FLOAT, ..., DT_FLOAT, DT_FLOAT, DT_FLOAT, DT_FLOAT, DT_INT64], _device="/job:localhost/replica:0/task:0/device:CPU:0"](_arg_save/Const_0_0, save/RestoreV2/tensor_names, save/RestoreV2/shape_and_slices)]]
	 [[Node: save/RestoreV2/_51 = _Recv[client_terminated=false, recv_device="/job:localhost/replica:0/task:0/device:GPU:0", send_device="/job:localhost/replica:0/task:0/device:CPU:0", send_device_incarnation=1, tensor_name="edge_56_save/RestoreV2", tensor_type=DT_FLOAT, _device="/job:localhost/replica:0/task:0/device:GPU:0"]()]]

Caused by op 'save/RestoreV2', defined at:
  File "./DNNRegressor-Example.py", line 433, in <module>
    tf.app.run(main)
  File "/home/hornberger/.virtualenvs/gpu-tensorflow/lib/python3.6/site-packages/tensorflow/python/platform/app.py", line 126, in run
    _sys.exit(main(argv))
  File "./DNNRegressor-Example.py", line 321, in main
    steps=STEPS_PER_EPOCH, hooks=hooks)
  File "/home/hornberger/.virtualenvs/gpu-tensorflow/lib/python3.6/site-packages/tensorflow/python/estimator/estimator.py", line 363, in train
    loss = self._train_model(input_fn, hooks, saving_listeners)
  File "/home/hornberger/.virtualenvs/gpu-tensorflow/lib/python3.6/site-packages/tensorflow/python/estimator/estimator.py", line 843, in _train_model
    return self._train_model_default(input_fn, hooks, saving_listeners)
  File "/home/hornberger/.virtualenvs/gpu-tensorflow/lib/python3.6/site-packages/tensorflow/python/estimator/estimator.py", line 859, in _train_model_default
    saving_listeners)
  File "/home/hornberger/.virtualenvs/gpu-tensorflow/lib/python3.6/site-packages/tensorflow/python/estimator/estimator.py", line 1056, in _train_with_estimator_spec
    log_step_count_steps=self._config.log_step_count_steps) as mon_sess:
  File "/home/hornberger/.virtualenvs/gpu-tensorflow/lib/python3.6/site-packages/tensorflow/python/training/monitored_session.py", line 405, in MonitoredTrainingSession
    stop_grace_period_secs=stop_grace_period_secs)
  File "/home/hornberger/.virtualenvs/gpu-tensorflow/lib/python3.6/site-packages/tensorflow/python/training/monitored_session.py", line 816, in __init__
    stop_grace_period_secs=stop_grace_period_secs)
  File "/home/hornberger/.virtualenvs/gpu-tensorflow/lib/python3.6/site-packages/tensorflow/python/training/monitored_session.py", line 539, in __init__
    self._sess = _RecoverableSession(self._coordinated_creator)
  File "/home/hornberger/.virtualenvs/gpu-tensorflow/lib/python3.6/site-packages/tensorflow/python/training/monitored_session.py", line 1002, in __init__
    _WrappedSession.__init__(self, self._create_session())
  File "/home/hornberger/.virtualenvs/gpu-tensorflow/lib/python3.6/site-packages/tensorflow/python/training/monitored_session.py", line 1007, in _create_session
    return self._sess_creator.create_session()
  File "/home/hornberger/.virtualenvs/gpu-tensorflow/lib/python3.6/site-packages/tensorflow/python/training/monitored_session.py", line 696, in create_session
    self.tf_sess = self._session_creator.create_session()
  File "/home/hornberger/.virtualenvs/gpu-tensorflow/lib/python3.6/site-packages/tensorflow/python/training/monitored_session.py", line 458, in create_session
    self._scaffold.finalize()
  File "/home/hornberger/.virtualenvs/gpu-tensorflow/lib/python3.6/site-packages/tensorflow/python/training/monitored_session.py", line 214, in finalize
    self._saver.build()
  File "/home/hornberger/.virtualenvs/gpu-tensorflow/lib/python3.6/site-packages/tensorflow/python/training/saver.py", line 1347, in build
    self._build(self._filename, build_save=True, build_restore=True)
  File "/home/hornberger/.virtualenvs/gpu-tensorflow/lib/python3.6/site-packages/tensorflow/python/training/saver.py", line 1384, in _build
    build_save=build_save, build_restore=build_restore)
  File "/home/hornberger/.virtualenvs/gpu-tensorflow/lib/python3.6/site-packages/tensorflow/python/training/saver.py", line 829, in _build_internal
    restore_sequentially, reshape)
  File "/home/hornberger/.virtualenvs/gpu-tensorflow/lib/python3.6/site-packages/tensorflow/python/training/saver.py", line 525, in _AddShardedRestoreOps
    name="restore_shard"))
  File "/home/hornberger/.virtualenvs/gpu-tensorflow/lib/python3.6/site-packages/tensorflow/python/training/saver.py", line 472, in _AddRestoreOps
    restore_sequentially)
  File "/home/hornberger/.virtualenvs/gpu-tensorflow/lib/python3.6/site-packages/tensorflow/python/training/saver.py", line 886, in bulk_restore
    return io_ops.restore_v2(filename_tensor, names, slices, dtypes)
  File "/home/hornberger/.virtualenvs/gpu-tensorflow/lib/python3.6/site-packages/tensorflow/python/ops/gen_io_ops.py", line 1463, in restore_v2
    shape_and_slices=shape_and_slices, dtypes=dtypes, name=name)
  File "/home/hornberger/.virtualenvs/gpu-tensorflow/lib/python3.6/site-packages/tensorflow/python/framework/op_def_library.py", line 787, in _apply_op_helper
    op_def=op_def)
  File "/home/hornberger/.virtualenvs/gpu-tensorflow/lib/python3.6/site-packages/tensorflow/python/framework/ops.py", line 3392, in create_op
    op_def=op_def)
  File "/home/hornberger/.virtualenvs/gpu-tensorflow/lib/python3.6/site-packages/tensorflow/python/framework/ops.py", line 1718, in __init__
    self._traceback = self._graph._extract_stack()  # pylint: disable=protected-access

NotFoundError (see above for traceback): Key dnn/head/beta1_power not found in checkpoint
	 [[Node: save/RestoreV2 = RestoreV2[dtypes=[DT_FLOAT, DT_FLOAT, DT_FLOAT, DT_FLOAT, DT_FLOAT, ..., DT_FLOAT, DT_FLOAT, DT_FLOAT, DT_FLOAT, DT_INT64], _device="/job:localhost/replica:0/task:0/device:CPU:0"](_arg_save/Const_0_0, save/RestoreV2/tensor_names, save/RestoreV2/shape_and_slices)]]
	 [[Node: save/RestoreV2/_51 = _Recv[client_terminated=false, recv_device="/job:localhost/replica:0/task:0/device:GPU:0", send_device="/job:localhost/replica:0/task:0/device:CPU:0", send_device_incarnation=1, tensor_name="edge_56_save/RestoreV2", tensor_type=DT_FLOAT, _device="/job:localhost/replica:0/task:0/device:GPU:0"]()]]

INFO:root:Tensorflow 1.8.0
INFO:root:time: 2018-08-28_16.34.54
INFO:root:Saving to /home/hornberger/MasterarbeitTobias/models/separatorKug/sepkug01
INFO:root:loading data from store
INFO:root:Train the DNN Regressor...

(60984, 10) (60984, 2)
(6776, 10) (6776, 2)
Traceback (most recent call last):
  File "/home/hornberger/.virtualenvs/gpu-tensorflow/lib/python3.6/site-packages/tensorflow/python/client/session.py", line 1322, in _do_call
    return fn(*args)
  File "/home/hornberger/.virtualenvs/gpu-tensorflow/lib/python3.6/site-packages/tensorflow/python/client/session.py", line 1307, in _run_fn
    options, feed_dict, fetch_list, target_list, run_metadata)
  File "/home/hornberger/.virtualenvs/gpu-tensorflow/lib/python3.6/site-packages/tensorflow/python/client/session.py", line 1409, in _call_tf_sessionrun
    run_metadata)
tensorflow.python.framework.errors_impl.NotFoundError: Key dnn/head/beta1_power not found in checkpoint
	 [[Node: save/RestoreV2 = RestoreV2[dtypes=[DT_FLOAT, DT_FLOAT, DT_FLOAT, DT_FLOAT, DT_FLOAT, ..., DT_FLOAT, DT_FLOAT, DT_FLOAT, DT_FLOAT, DT_INT64], _device="/job:localhost/replica:0/task:0/device:CPU:0"](_arg_save/Const_0_0, save/RestoreV2/tensor_names, save/RestoreV2/shape_and_slices)]]
	 [[Node: save/RestoreV2/_3 = _Recv[client_terminated=false, recv_device="/job:localhost/replica:0/task:0/device:GPU:0", send_device="/job:localhost/replica:0/task:0/device:CPU:0", send_device_incarnation=1, tensor_name="edge_8_save/RestoreV2", tensor_type=DT_FLOAT, _device="/job:localhost/replica:0/task:0/device:GPU:0"]()]]

During handling of the above exception, another exception occurred:

Traceback (most recent call last):
  File "./DNNRegressor-Example.py", line 433, in <module>
    tf.app.run(main)
  File "/home/hornberger/.virtualenvs/gpu-tensorflow/lib/python3.6/site-packages/tensorflow/python/platform/app.py", line 126, in run
    _sys.exit(main(argv))
  File "./DNNRegressor-Example.py", line 321, in main
    steps=STEPS_PER_EPOCH, hooks=hooks)
  File "/home/hornberger/.virtualenvs/gpu-tensorflow/lib/python3.6/site-packages/tensorflow/python/estimator/estimator.py", line 363, in train
    loss = self._train_model(input_fn, hooks, saving_listeners)
  File "/home/hornberger/.virtualenvs/gpu-tensorflow/lib/python3.6/site-packages/tensorflow/python/estimator/estimator.py", line 843, in _train_model
    return self._train_model_default(input_fn, hooks, saving_listeners)
  File "/home/hornberger/.virtualenvs/gpu-tensorflow/lib/python3.6/site-packages/tensorflow/python/estimator/estimator.py", line 859, in _train_model_default
    saving_listeners)
  File "/home/hornberger/.virtualenvs/gpu-tensorflow/lib/python3.6/site-packages/tensorflow/python/estimator/estimator.py", line 1056, in _train_with_estimator_spec
    log_step_count_steps=self._config.log_step_count_steps) as mon_sess:
  File "/home/hornberger/.virtualenvs/gpu-tensorflow/lib/python3.6/site-packages/tensorflow/python/training/monitored_session.py", line 405, in MonitoredTrainingSession
    stop_grace_period_secs=stop_grace_period_secs)
  File "/home/hornberger/.virtualenvs/gpu-tensorflow/lib/python3.6/site-packages/tensorflow/python/training/monitored_session.py", line 816, in __init__
    stop_grace_period_secs=stop_grace_period_secs)
  File "/home/hornberger/.virtualenvs/gpu-tensorflow/lib/python3.6/site-packages/tensorflow/python/training/monitored_session.py", line 539, in __init__
    self._sess = _RecoverableSession(self._coordinated_creator)
  File "/home/hornberger/.virtualenvs/gpu-tensorflow/lib/python3.6/site-packages/tensorflow/python/training/monitored_session.py", line 1002, in __init__
    _WrappedSession.__init__(self, self._create_session())
  File "/home/hornberger/.virtualenvs/gpu-tensorflow/lib/python3.6/site-packages/tensorflow/python/training/monitored_session.py", line 1007, in _create_session
    return self._sess_creator.create_session()
  File "/home/hornberger/.virtualenvs/gpu-tensorflow/lib/python3.6/site-packages/tensorflow/python/training/monitored_session.py", line 696, in create_session
    self.tf_sess = self._session_creator.create_session()
  File "/home/hornberger/.virtualenvs/gpu-tensorflow/lib/python3.6/site-packages/tensorflow/python/training/monitored_session.py", line 467, in create_session
    init_fn=self._scaffold.init_fn)
  File "/home/hornberger/.virtualenvs/gpu-tensorflow/lib/python3.6/site-packages/tensorflow/python/training/session_manager.py", line 279, in prepare_session
    config=config)
  File "/home/hornberger/.virtualenvs/gpu-tensorflow/lib/python3.6/site-packages/tensorflow/python/training/session_manager.py", line 207, in _restore_checkpoint
    saver.restore(sess, ckpt.model_checkpoint_path)
  File "/home/hornberger/.virtualenvs/gpu-tensorflow/lib/python3.6/site-packages/tensorflow/python/training/saver.py", line 1802, in restore
    {self.saver_def.filename_tensor_name: save_path})
  File "/home/hornberger/.virtualenvs/gpu-tensorflow/lib/python3.6/site-packages/tensorflow/python/client/session.py", line 900, in run
    run_metadata_ptr)
  File "/home/hornberger/.virtualenvs/gpu-tensorflow/lib/python3.6/site-packages/tensorflow/python/client/session.py", line 1135, in _run
    feed_dict_tensor, options, run_metadata)
  File "/home/hornberger/.virtualenvs/gpu-tensorflow/lib/python3.6/site-packages/tensorflow/python/client/session.py", line 1316, in _do_run
    run_metadata)
  File "/home/hornberger/.virtualenvs/gpu-tensorflow/lib/python3.6/site-packages/tensorflow/python/client/session.py", line 1335, in _do_call
    raise type(e)(node_def, op, message)
tensorflow.python.framework.errors_impl.NotFoundError: Key dnn/head/beta1_power not found in checkpoint
	 [[Node: save/RestoreV2 = RestoreV2[dtypes=[DT_FLOAT, DT_FLOAT, DT_FLOAT, DT_FLOAT, DT_FLOAT, ..., DT_FLOAT, DT_FLOAT, DT_FLOAT, DT_FLOAT, DT_INT64], _device="/job:localhost/replica:0/task:0/device:CPU:0"](_arg_save/Const_0_0, save/RestoreV2/tensor_names, save/RestoreV2/shape_and_slices)]]
	 [[Node: save/RestoreV2/_3 = _Recv[client_terminated=false, recv_device="/job:localhost/replica:0/task:0/device:GPU:0", send_device="/job:localhost/replica:0/task:0/device:CPU:0", send_device_incarnation=1, tensor_name="edge_8_save/RestoreV2", tensor_type=DT_FLOAT, _device="/job:localhost/replica:0/task:0/device:GPU:0"]()]]

Caused by op 'save/RestoreV2', defined at:
  File "./DNNRegressor-Example.py", line 433, in <module>
    tf.app.run(main)
  File "/home/hornberger/.virtualenvs/gpu-tensorflow/lib/python3.6/site-packages/tensorflow/python/platform/app.py", line 126, in run
    _sys.exit(main(argv))
  File "./DNNRegressor-Example.py", line 321, in main
    steps=STEPS_PER_EPOCH, hooks=hooks)
  File "/home/hornberger/.virtualenvs/gpu-tensorflow/lib/python3.6/site-packages/tensorflow/python/estimator/estimator.py", line 363, in train
    loss = self._train_model(input_fn, hooks, saving_listeners)
  File "/home/hornberger/.virtualenvs/gpu-tensorflow/lib/python3.6/site-packages/tensorflow/python/estimator/estimator.py", line 843, in _train_model
    return self._train_model_default(input_fn, hooks, saving_listeners)
  File "/home/hornberger/.virtualenvs/gpu-tensorflow/lib/python3.6/site-packages/tensorflow/python/estimator/estimator.py", line 859, in _train_model_default
    saving_listeners)
  File "/home/hornberger/.virtualenvs/gpu-tensorflow/lib/python3.6/site-packages/tensorflow/python/estimator/estimator.py", line 1056, in _train_with_estimator_spec
    log_step_count_steps=self._config.log_step_count_steps) as mon_sess:
  File "/home/hornberger/.virtualenvs/gpu-tensorflow/lib/python3.6/site-packages/tensorflow/python/training/monitored_session.py", line 405, in MonitoredTrainingSession
    stop_grace_period_secs=stop_grace_period_secs)
  File "/home/hornberger/.virtualenvs/gpu-tensorflow/lib/python3.6/site-packages/tensorflow/python/training/monitored_session.py", line 816, in __init__
    stop_grace_period_secs=stop_grace_period_secs)
  File "/home/hornberger/.virtualenvs/gpu-tensorflow/lib/python3.6/site-packages/tensorflow/python/training/monitored_session.py", line 539, in __init__
    self._sess = _RecoverableSession(self._coordinated_creator)
  File "/home/hornberger/.virtualenvs/gpu-tensorflow/lib/python3.6/site-packages/tensorflow/python/training/monitored_session.py", line 1002, in __init__
    _WrappedSession.__init__(self, self._create_session())
  File "/home/hornberger/.virtualenvs/gpu-tensorflow/lib/python3.6/site-packages/tensorflow/python/training/monitored_session.py", line 1007, in _create_session
    return self._sess_creator.create_session()
  File "/home/hornberger/.virtualenvs/gpu-tensorflow/lib/python3.6/site-packages/tensorflow/python/training/monitored_session.py", line 696, in create_session
    self.tf_sess = self._session_creator.create_session()
  File "/home/hornberger/.virtualenvs/gpu-tensorflow/lib/python3.6/site-packages/tensorflow/python/training/monitored_session.py", line 458, in create_session
    self._scaffold.finalize()
  File "/home/hornberger/.virtualenvs/gpu-tensorflow/lib/python3.6/site-packages/tensorflow/python/training/monitored_session.py", line 214, in finalize
    self._saver.build()
  File "/home/hornberger/.virtualenvs/gpu-tensorflow/lib/python3.6/site-packages/tensorflow/python/training/saver.py", line 1347, in build
    self._build(self._filename, build_save=True, build_restore=True)
  File "/home/hornberger/.virtualenvs/gpu-tensorflow/lib/python3.6/site-packages/tensorflow/python/training/saver.py", line 1384, in _build
    build_save=build_save, build_restore=build_restore)
  File "/home/hornberger/.virtualenvs/gpu-tensorflow/lib/python3.6/site-packages/tensorflow/python/training/saver.py", line 829, in _build_internal
    restore_sequentially, reshape)
  File "/home/hornberger/.virtualenvs/gpu-tensorflow/lib/python3.6/site-packages/tensorflow/python/training/saver.py", line 525, in _AddShardedRestoreOps
    name="restore_shard"))
  File "/home/hornberger/.virtualenvs/gpu-tensorflow/lib/python3.6/site-packages/tensorflow/python/training/saver.py", line 472, in _AddRestoreOps
    restore_sequentially)
  File "/home/hornberger/.virtualenvs/gpu-tensorflow/lib/python3.6/site-packages/tensorflow/python/training/saver.py", line 886, in bulk_restore
    return io_ops.restore_v2(filename_tensor, names, slices, dtypes)
  File "/home/hornberger/.virtualenvs/gpu-tensorflow/lib/python3.6/site-packages/tensorflow/python/ops/gen_io_ops.py", line 1463, in restore_v2
    shape_and_slices=shape_and_slices, dtypes=dtypes, name=name)
  File "/home/hornberger/.virtualenvs/gpu-tensorflow/lib/python3.6/site-packages/tensorflow/python/framework/op_def_library.py", line 787, in _apply_op_helper
    op_def=op_def)
  File "/home/hornberger/.virtualenvs/gpu-tensorflow/lib/python3.6/site-packages/tensorflow/python/framework/ops.py", line 3392, in create_op
    op_def=op_def)
  File "/home/hornberger/.virtualenvs/gpu-tensorflow/lib/python3.6/site-packages/tensorflow/python/framework/ops.py", line 1718, in __init__
    self._traceback = self._graph._extract_stack()  # pylint: disable=protected-access

NotFoundError (see above for traceback): Key dnn/head/beta1_power not found in checkpoint
	 [[Node: save/RestoreV2 = RestoreV2[dtypes=[DT_FLOAT, DT_FLOAT, DT_FLOAT, DT_FLOAT, DT_FLOAT, ..., DT_FLOAT, DT_FLOAT, DT_FLOAT, DT_FLOAT, DT_INT64], _device="/job:localhost/replica:0/task:0/device:CPU:0"](_arg_save/Const_0_0, save/RestoreV2/tensor_names, save/RestoreV2/shape_and_slices)]]
	 [[Node: save/RestoreV2/_3 = _Recv[client_terminated=false, recv_device="/job:localhost/replica:0/task:0/device:GPU:0", send_device="/job:localhost/replica:0/task:0/device:CPU:0", send_device_incarnation=1, tensor_name="edge_8_save/RestoreV2", tensor_type=DT_FLOAT, _device="/job:localhost/replica:0/task:0/device:GPU:0"]()]]

INFO:root:Tensorflow 1.8.0
INFO:root:time: 2018-08-28_16.34.56
INFO:root:Saving to /home/hornberger/MasterarbeitTobias/models/separatorKug/sepkug01
INFO:root:loading data from store
INFO:root:Train the DNN Regressor...

(60984, 10) (60984, 2)
(6776, 10) (6776, 2)
Traceback (most recent call last):
  File "/home/hornberger/.virtualenvs/gpu-tensorflow/lib/python3.6/site-packages/tensorflow/python/client/session.py", line 1322, in _do_call
    return fn(*args)
  File "/home/hornberger/.virtualenvs/gpu-tensorflow/lib/python3.6/site-packages/tensorflow/python/client/session.py", line 1307, in _run_fn
    options, feed_dict, fetch_list, target_list, run_metadata)
  File "/home/hornberger/.virtualenvs/gpu-tensorflow/lib/python3.6/site-packages/tensorflow/python/client/session.py", line 1409, in _call_tf_sessionrun
    run_metadata)
tensorflow.python.framework.errors_impl.NotFoundError: Key dnn/head/beta1_power not found in checkpoint
	 [[Node: save/RestoreV2 = RestoreV2[dtypes=[DT_FLOAT, DT_FLOAT, DT_FLOAT, DT_FLOAT, DT_FLOAT, ..., DT_FLOAT, DT_FLOAT, DT_FLOAT, DT_FLOAT, DT_INT64], _device="/job:localhost/replica:0/task:0/device:CPU:0"](_arg_save/Const_0_0, save/RestoreV2/tensor_names, save/RestoreV2/shape_and_slices)]]

During handling of the above exception, another exception occurred:

Traceback (most recent call last):
  File "./DNNRegressor-Example.py", line 433, in <module>
    tf.app.run(main)
  File "/home/hornberger/.virtualenvs/gpu-tensorflow/lib/python3.6/site-packages/tensorflow/python/platform/app.py", line 126, in run
    _sys.exit(main(argv))
  File "./DNNRegressor-Example.py", line 321, in main
    steps=STEPS_PER_EPOCH, hooks=hooks)
  File "/home/hornberger/.virtualenvs/gpu-tensorflow/lib/python3.6/site-packages/tensorflow/python/estimator/estimator.py", line 363, in train
    loss = self._train_model(input_fn, hooks, saving_listeners)
  File "/home/hornberger/.virtualenvs/gpu-tensorflow/lib/python3.6/site-packages/tensorflow/python/estimator/estimator.py", line 843, in _train_model
    return self._train_model_default(input_fn, hooks, saving_listeners)
  File "/home/hornberger/.virtualenvs/gpu-tensorflow/lib/python3.6/site-packages/tensorflow/python/estimator/estimator.py", line 859, in _train_model_default
    saving_listeners)
  File "/home/hornberger/.virtualenvs/gpu-tensorflow/lib/python3.6/site-packages/tensorflow/python/estimator/estimator.py", line 1056, in _train_with_estimator_spec
    log_step_count_steps=self._config.log_step_count_steps) as mon_sess:
  File "/home/hornberger/.virtualenvs/gpu-tensorflow/lib/python3.6/site-packages/tensorflow/python/training/monitored_session.py", line 405, in MonitoredTrainingSession
    stop_grace_period_secs=stop_grace_period_secs)
  File "/home/hornberger/.virtualenvs/gpu-tensorflow/lib/python3.6/site-packages/tensorflow/python/training/monitored_session.py", line 816, in __init__
    stop_grace_period_secs=stop_grace_period_secs)
  File "/home/hornberger/.virtualenvs/gpu-tensorflow/lib/python3.6/site-packages/tensorflow/python/training/monitored_session.py", line 539, in __init__
    self._sess = _RecoverableSession(self._coordinated_creator)
  File "/home/hornberger/.virtualenvs/gpu-tensorflow/lib/python3.6/site-packages/tensorflow/python/training/monitored_session.py", line 1002, in __init__
    _WrappedSession.__init__(self, self._create_session())
  File "/home/hornberger/.virtualenvs/gpu-tensorflow/lib/python3.6/site-packages/tensorflow/python/training/monitored_session.py", line 1007, in _create_session
    return self._sess_creator.create_session()
  File "/home/hornberger/.virtualenvs/gpu-tensorflow/lib/python3.6/site-packages/tensorflow/python/training/monitored_session.py", line 696, in create_session
    self.tf_sess = self._session_creator.create_session()
  File "/home/hornberger/.virtualenvs/gpu-tensorflow/lib/python3.6/site-packages/tensorflow/python/training/monitored_session.py", line 467, in create_session
    init_fn=self._scaffold.init_fn)
  File "/home/hornberger/.virtualenvs/gpu-tensorflow/lib/python3.6/site-packages/tensorflow/python/training/session_manager.py", line 279, in prepare_session
    config=config)
  File "/home/hornberger/.virtualenvs/gpu-tensorflow/lib/python3.6/site-packages/tensorflow/python/training/session_manager.py", line 207, in _restore_checkpoint
    saver.restore(sess, ckpt.model_checkpoint_path)
  File "/home/hornberger/.virtualenvs/gpu-tensorflow/lib/python3.6/site-packages/tensorflow/python/training/saver.py", line 1802, in restore
    {self.saver_def.filename_tensor_name: save_path})
  File "/home/hornberger/.virtualenvs/gpu-tensorflow/lib/python3.6/site-packages/tensorflow/python/client/session.py", line 900, in run
    run_metadata_ptr)
  File "/home/hornberger/.virtualenvs/gpu-tensorflow/lib/python3.6/site-packages/tensorflow/python/client/session.py", line 1135, in _run
    feed_dict_tensor, options, run_metadata)
  File "/home/hornberger/.virtualenvs/gpu-tensorflow/lib/python3.6/site-packages/tensorflow/python/client/session.py", line 1316, in _do_run
    run_metadata)
  File "/home/hornberger/.virtualenvs/gpu-tensorflow/lib/python3.6/site-packages/tensorflow/python/client/session.py", line 1335, in _do_call
    raise type(e)(node_def, op, message)
tensorflow.python.framework.errors_impl.NotFoundError: Key dnn/head/beta1_power not found in checkpoint
	 [[Node: save/RestoreV2 = RestoreV2[dtypes=[DT_FLOAT, DT_FLOAT, DT_FLOAT, DT_FLOAT, DT_FLOAT, ..., DT_FLOAT, DT_FLOAT, DT_FLOAT, DT_FLOAT, DT_INT64], _device="/job:localhost/replica:0/task:0/device:CPU:0"](_arg_save/Const_0_0, save/RestoreV2/tensor_names, save/RestoreV2/shape_and_slices)]]

Caused by op 'save/RestoreV2', defined at:
  File "./DNNRegressor-Example.py", line 433, in <module>
    tf.app.run(main)
  File "/home/hornberger/.virtualenvs/gpu-tensorflow/lib/python3.6/site-packages/tensorflow/python/platform/app.py", line 126, in run
    _sys.exit(main(argv))
  File "./DNNRegressor-Example.py", line 321, in main
    steps=STEPS_PER_EPOCH, hooks=hooks)
  File "/home/hornberger/.virtualenvs/gpu-tensorflow/lib/python3.6/site-packages/tensorflow/python/estimator/estimator.py", line 363, in train
    loss = self._train_model(input_fn, hooks, saving_listeners)
  File "/home/hornberger/.virtualenvs/gpu-tensorflow/lib/python3.6/site-packages/tensorflow/python/estimator/estimator.py", line 843, in _train_model
    return self._train_model_default(input_fn, hooks, saving_listeners)
  File "/home/hornberger/.virtualenvs/gpu-tensorflow/lib/python3.6/site-packages/tensorflow/python/estimator/estimator.py", line 859, in _train_model_default
    saving_listeners)
  File "/home/hornberger/.virtualenvs/gpu-tensorflow/lib/python3.6/site-packages/tensorflow/python/estimator/estimator.py", line 1056, in _train_with_estimator_spec
    log_step_count_steps=self._config.log_step_count_steps) as mon_sess:
  File "/home/hornberger/.virtualenvs/gpu-tensorflow/lib/python3.6/site-packages/tensorflow/python/training/monitored_session.py", line 405, in MonitoredTrainingSession
    stop_grace_period_secs=stop_grace_period_secs)
  File "/home/hornberger/.virtualenvs/gpu-tensorflow/lib/python3.6/site-packages/tensorflow/python/training/monitored_session.py", line 816, in __init__
    stop_grace_period_secs=stop_grace_period_secs)
  File "/home/hornberger/.virtualenvs/gpu-tensorflow/lib/python3.6/site-packages/tensorflow/python/training/monitored_session.py", line 539, in __init__
    self._sess = _RecoverableSession(self._coordinated_creator)
  File "/home/hornberger/.virtualenvs/gpu-tensorflow/lib/python3.6/site-packages/tensorflow/python/training/monitored_session.py", line 1002, in __init__
    _WrappedSession.__init__(self, self._create_session())
  File "/home/hornberger/.virtualenvs/gpu-tensorflow/lib/python3.6/site-packages/tensorflow/python/training/monitored_session.py", line 1007, in _create_session
    return self._sess_creator.create_session()
  File "/home/hornberger/.virtualenvs/gpu-tensorflow/lib/python3.6/site-packages/tensorflow/python/training/monitored_session.py", line 696, in create_session
    self.tf_sess = self._session_creator.create_session()
  File "/home/hornberger/.virtualenvs/gpu-tensorflow/lib/python3.6/site-packages/tensorflow/python/training/monitored_session.py", line 458, in create_session
    self._scaffold.finalize()
  File "/home/hornberger/.virtualenvs/gpu-tensorflow/lib/python3.6/site-packages/tensorflow/python/training/monitored_session.py", line 214, in finalize
    self._saver.build()
  File "/home/hornberger/.virtualenvs/gpu-tensorflow/lib/python3.6/site-packages/tensorflow/python/training/saver.py", line 1347, in build
    self._build(self._filename, build_save=True, build_restore=True)
  File "/home/hornberger/.virtualenvs/gpu-tensorflow/lib/python3.6/site-packages/tensorflow/python/training/saver.py", line 1384, in _build
    build_save=build_save, build_restore=build_restore)
  File "/home/hornberger/.virtualenvs/gpu-tensorflow/lib/python3.6/site-packages/tensorflow/python/training/saver.py", line 829, in _build_internal
    restore_sequentially, reshape)
  File "/home/hornberger/.virtualenvs/gpu-tensorflow/lib/python3.6/site-packages/tensorflow/python/training/saver.py", line 525, in _AddShardedRestoreOps
    name="restore_shard"))
  File "/home/hornberger/.virtualenvs/gpu-tensorflow/lib/python3.6/site-packages/tensorflow/python/training/saver.py", line 472, in _AddRestoreOps
    restore_sequentially)
  File "/home/hornberger/.virtualenvs/gpu-tensorflow/lib/python3.6/site-packages/tensorflow/python/training/saver.py", line 886, in bulk_restore
    return io_ops.restore_v2(filename_tensor, names, slices, dtypes)
  File "/home/hornberger/.virtualenvs/gpu-tensorflow/lib/python3.6/site-packages/tensorflow/python/ops/gen_io_ops.py", line 1463, in restore_v2
    shape_and_slices=shape_and_slices, dtypes=dtypes, name=name)
  File "/home/hornberger/.virtualenvs/gpu-tensorflow/lib/python3.6/site-packages/tensorflow/python/framework/op_def_library.py", line 787, in _apply_op_helper
    op_def=op_def)
  File "/home/hornberger/.virtualenvs/gpu-tensorflow/lib/python3.6/site-packages/tensorflow/python/framework/ops.py", line 3392, in create_op
    op_def=op_def)
  File "/home/hornberger/.virtualenvs/gpu-tensorflow/lib/python3.6/site-packages/tensorflow/python/framework/ops.py", line 1718, in __init__
    self._traceback = self._graph._extract_stack()  # pylint: disable=protected-access

NotFoundError (see above for traceback): Key dnn/head/beta1_power not found in checkpoint
	 [[Node: save/RestoreV2 = RestoreV2[dtypes=[DT_FLOAT, DT_FLOAT, DT_FLOAT, DT_FLOAT, DT_FLOAT, ..., DT_FLOAT, DT_FLOAT, DT_FLOAT, DT_FLOAT, DT_INT64], _device="/job:localhost/replica:0/task:0/device:CPU:0"](_arg_save/Const_0_0, save/RestoreV2/tensor_names, save/RestoreV2/shape_and_slices)]]

INFO:root:Tensorflow 1.8.0
INFO:root:time: 2018-08-28_16.34.58
INFO:root:Saving to /home/hornberger/MasterarbeitTobias/models/separatorKug/sepkug01
INFO:root:loading data from store
INFO:root:Train the DNN Regressor...

INFO:root:Tensorflow 1.8.0
INFO:root:time: 2018-08-28_16.35.00
INFO:root:Saving to /home/hornberger/MasterarbeitTobias/models/separatorKug/sepkug01
INFO:root:loading data from store
INFO:root:Train the DNN Regressor...

(60984, 10) (60984, 2)
(6776, 10) (6776, 2)
Traceback (most recent call last):
  File "/home/hornberger/.virtualenvs/gpu-tensorflow/lib/python3.6/site-packages/tensorflow/python/client/session.py", line 1322, in _do_call
    return fn(*args)
  File "/home/hornberger/.virtualenvs/gpu-tensorflow/lib/python3.6/site-packages/tensorflow/python/client/session.py", line 1307, in _run_fn
    options, feed_dict, fetch_list, target_list, run_metadata)
  File "/home/hornberger/.virtualenvs/gpu-tensorflow/lib/python3.6/site-packages/tensorflow/python/client/session.py", line 1409, in _call_tf_sessionrun
    run_metadata)
tensorflow.python.framework.errors_impl.NotFoundError: Key dnn/head/beta1_power not found in checkpoint
	 [[Node: save/RestoreV2 = RestoreV2[dtypes=[DT_FLOAT, DT_FLOAT, DT_FLOAT, DT_FLOAT, DT_FLOAT, ..., DT_FLOAT, DT_FLOAT, DT_FLOAT, DT_FLOAT, DT_INT64], _device="/job:localhost/replica:0/task:0/device:CPU:0"](_arg_save/Const_0_0, save/RestoreV2/tensor_names, save/RestoreV2/shape_and_slices)]]
	 [[Node: save/RestoreV2/_3 = _Recv[client_terminated=false, recv_device="/job:localhost/replica:0/task:0/device:GPU:0", send_device="/job:localhost/replica:0/task:0/device:CPU:0", send_device_incarnation=1, tensor_name="edge_8_save/RestoreV2", tensor_type=DT_FLOAT, _device="/job:localhost/replica:0/task:0/device:GPU:0"]()]]

During handling of the above exception, another exception occurred:

Traceback (most recent call last):
  File "./DNNRegressor-Example.py", line 433, in <module>
    tf.app.run(main)
  File "/home/hornberger/.virtualenvs/gpu-tensorflow/lib/python3.6/site-packages/tensorflow/python/platform/app.py", line 126, in run
    _sys.exit(main(argv))
  File "./DNNRegressor-Example.py", line 321, in main
    steps=STEPS_PER_EPOCH, hooks=hooks)
  File "/home/hornberger/.virtualenvs/gpu-tensorflow/lib/python3.6/site-packages/tensorflow/python/estimator/estimator.py", line 363, in train
    loss = self._train_model(input_fn, hooks, saving_listeners)
  File "/home/hornberger/.virtualenvs/gpu-tensorflow/lib/python3.6/site-packages/tensorflow/python/estimator/estimator.py", line 843, in _train_model
    return self._train_model_default(input_fn, hooks, saving_listeners)
  File "/home/hornberger/.virtualenvs/gpu-tensorflow/lib/python3.6/site-packages/tensorflow/python/estimator/estimator.py", line 859, in _train_model_default
    saving_listeners)
  File "/home/hornberger/.virtualenvs/gpu-tensorflow/lib/python3.6/site-packages/tensorflow/python/estimator/estimator.py", line 1056, in _train_with_estimator_spec
    log_step_count_steps=self._config.log_step_count_steps) as mon_sess:
  File "/home/hornberger/.virtualenvs/gpu-tensorflow/lib/python3.6/site-packages/tensorflow/python/training/monitored_session.py", line 405, in MonitoredTrainingSession
    stop_grace_period_secs=stop_grace_period_secs)
  File "/home/hornberger/.virtualenvs/gpu-tensorflow/lib/python3.6/site-packages/tensorflow/python/training/monitored_session.py", line 816, in __init__
    stop_grace_period_secs=stop_grace_period_secs)
  File "/home/hornberger/.virtualenvs/gpu-tensorflow/lib/python3.6/site-packages/tensorflow/python/training/monitored_session.py", line 539, in __init__
    self._sess = _RecoverableSession(self._coordinated_creator)
  File "/home/hornberger/.virtualenvs/gpu-tensorflow/lib/python3.6/site-packages/tensorflow/python/training/monitored_session.py", line 1002, in __init__
    _WrappedSession.__init__(self, self._create_session())
  File "/home/hornberger/.virtualenvs/gpu-tensorflow/lib/python3.6/site-packages/tensorflow/python/training/monitored_session.py", line 1007, in _create_session
    return self._sess_creator.create_session()
  File "/home/hornberger/.virtualenvs/gpu-tensorflow/lib/python3.6/site-packages/tensorflow/python/training/monitored_session.py", line 696, in create_session
    self.tf_sess = self._session_creator.create_session()
  File "/home/hornberger/.virtualenvs/gpu-tensorflow/lib/python3.6/site-packages/tensorflow/python/training/monitored_session.py", line 467, in create_session
    init_fn=self._scaffold.init_fn)
  File "/home/hornberger/.virtualenvs/gpu-tensorflow/lib/python3.6/site-packages/tensorflow/python/training/session_manager.py", line 279, in prepare_session
    config=config)
  File "/home/hornberger/.virtualenvs/gpu-tensorflow/lib/python3.6/site-packages/tensorflow/python/training/session_manager.py", line 207, in _restore_checkpoint
    saver.restore(sess, ckpt.model_checkpoint_path)
  File "/home/hornberger/.virtualenvs/gpu-tensorflow/lib/python3.6/site-packages/tensorflow/python/training/saver.py", line 1802, in restore
    {self.saver_def.filename_tensor_name: save_path})
  File "/home/hornberger/.virtualenvs/gpu-tensorflow/lib/python3.6/site-packages/tensorflow/python/client/session.py", line 900, in run
    run_metadata_ptr)
  File "/home/hornberger/.virtualenvs/gpu-tensorflow/lib/python3.6/site-packages/tensorflow/python/client/session.py", line 1135, in _run
    feed_dict_tensor, options, run_metadata)
  File "/home/hornberger/.virtualenvs/gpu-tensorflow/lib/python3.6/site-packages/tensorflow/python/client/session.py", line 1316, in _do_run
    run_metadata)
  File "/home/hornberger/.virtualenvs/gpu-tensorflow/lib/python3.6/site-packages/tensorflow/python/client/session.py", line 1335, in _do_call
    raise type(e)(node_def, op, message)
tensorflow.python.framework.errors_impl.NotFoundError: Key dnn/head/beta1_power not found in checkpoint
	 [[Node: save/RestoreV2 = RestoreV2[dtypes=[DT_FLOAT, DT_FLOAT, DT_FLOAT, DT_FLOAT, DT_FLOAT, ..., DT_FLOAT, DT_FLOAT, DT_FLOAT, DT_FLOAT, DT_INT64], _device="/job:localhost/replica:0/task:0/device:CPU:0"](_arg_save/Const_0_0, save/RestoreV2/tensor_names, save/RestoreV2/shape_and_slices)]]
	 [[Node: save/RestoreV2/_3 = _Recv[client_terminated=false, recv_device="/job:localhost/replica:0/task:0/device:GPU:0", send_device="/job:localhost/replica:0/task:0/device:CPU:0", send_device_incarnation=1, tensor_name="edge_8_save/RestoreV2", tensor_type=DT_FLOAT, _device="/job:localhost/replica:0/task:0/device:GPU:0"]()]]

Caused by op 'save/RestoreV2', defined at:
  File "./DNNRegressor-Example.py", line 433, in <module>
    tf.app.run(main)
  File "/home/hornberger/.virtualenvs/gpu-tensorflow/lib/python3.6/site-packages/tensorflow/python/platform/app.py", line 126, in run
    _sys.exit(main(argv))
  File "./DNNRegressor-Example.py", line 321, in main
    steps=STEPS_PER_EPOCH, hooks=hooks)
  File "/home/hornberger/.virtualenvs/gpu-tensorflow/lib/python3.6/site-packages/tensorflow/python/estimator/estimator.py", line 363, in train
    loss = self._train_model(input_fn, hooks, saving_listeners)
  File "/home/hornberger/.virtualenvs/gpu-tensorflow/lib/python3.6/site-packages/tensorflow/python/estimator/estimator.py", line 843, in _train_model
    return self._train_model_default(input_fn, hooks, saving_listeners)
  File "/home/hornberger/.virtualenvs/gpu-tensorflow/lib/python3.6/site-packages/tensorflow/python/estimator/estimator.py", line 859, in _train_model_default
    saving_listeners)
  File "/home/hornberger/.virtualenvs/gpu-tensorflow/lib/python3.6/site-packages/tensorflow/python/estimator/estimator.py", line 1056, in _train_with_estimator_spec
    log_step_count_steps=self._config.log_step_count_steps) as mon_sess:
  File "/home/hornberger/.virtualenvs/gpu-tensorflow/lib/python3.6/site-packages/tensorflow/python/training/monitored_session.py", line 405, in MonitoredTrainingSession
    stop_grace_period_secs=stop_grace_period_secs)
  File "/home/hornberger/.virtualenvs/gpu-tensorflow/lib/python3.6/site-packages/tensorflow/python/training/monitored_session.py", line 816, in __init__
    stop_grace_period_secs=stop_grace_period_secs)
  File "/home/hornberger/.virtualenvs/gpu-tensorflow/lib/python3.6/site-packages/tensorflow/python/training/monitored_session.py", line 539, in __init__
    self._sess = _RecoverableSession(self._coordinated_creator)
  File "/home/hornberger/.virtualenvs/gpu-tensorflow/lib/python3.6/site-packages/tensorflow/python/training/monitored_session.py", line 1002, in __init__
    _WrappedSession.__init__(self, self._create_session())
  File "/home/hornberger/.virtualenvs/gpu-tensorflow/lib/python3.6/site-packages/tensorflow/python/training/monitored_session.py", line 1007, in _create_session
    return self._sess_creator.create_session()
  File "/home/hornberger/.virtualenvs/gpu-tensorflow/lib/python3.6/site-packages/tensorflow/python/training/monitored_session.py", line 696, in create_session
    self.tf_sess = self._session_creator.create_session()
  File "/home/hornberger/.virtualenvs/gpu-tensorflow/lib/python3.6/site-packages/tensorflow/python/training/monitored_session.py", line 458, in create_session
    self._scaffold.finalize()
  File "/home/hornberger/.virtualenvs/gpu-tensorflow/lib/python3.6/site-packages/tensorflow/python/training/monitored_session.py", line 214, in finalize
    self._saver.build()
  File "/home/hornberger/.virtualenvs/gpu-tensorflow/lib/python3.6/site-packages/tensorflow/python/training/saver.py", line 1347, in build
    self._build(self._filename, build_save=True, build_restore=True)
  File "/home/hornberger/.virtualenvs/gpu-tensorflow/lib/python3.6/site-packages/tensorflow/python/training/saver.py", line 1384, in _build
    build_save=build_save, build_restore=build_restore)
  File "/home/hornberger/.virtualenvs/gpu-tensorflow/lib/python3.6/site-packages/tensorflow/python/training/saver.py", line 829, in _build_internal
    restore_sequentially, reshape)
  File "/home/hornberger/.virtualenvs/gpu-tensorflow/lib/python3.6/site-packages/tensorflow/python/training/saver.py", line 525, in _AddShardedRestoreOps
    name="restore_shard"))
  File "/home/hornberger/.virtualenvs/gpu-tensorflow/lib/python3.6/site-packages/tensorflow/python/training/saver.py", line 472, in _AddRestoreOps
    restore_sequentially)
  File "/home/hornberger/.virtualenvs/gpu-tensorflow/lib/python3.6/site-packages/tensorflow/python/training/saver.py", line 886, in bulk_restore
    return io_ops.restore_v2(filename_tensor, names, slices, dtypes)
  File "/home/hornberger/.virtualenvs/gpu-tensorflow/lib/python3.6/site-packages/tensorflow/python/ops/gen_io_ops.py", line 1463, in restore_v2
    shape_and_slices=shape_and_slices, dtypes=dtypes, name=name)
  File "/home/hornberger/.virtualenvs/gpu-tensorflow/lib/python3.6/site-packages/tensorflow/python/framework/op_def_library.py", line 787, in _apply_op_helper
    op_def=op_def)
  File "/home/hornberger/.virtualenvs/gpu-tensorflow/lib/python3.6/site-packages/tensorflow/python/framework/ops.py", line 3392, in create_op
    op_def=op_def)
  File "/home/hornberger/.virtualenvs/gpu-tensorflow/lib/python3.6/site-packages/tensorflow/python/framework/ops.py", line 1718, in __init__
    self._traceback = self._graph._extract_stack()  # pylint: disable=protected-access

NotFoundError (see above for traceback): Key dnn/head/beta1_power not found in checkpoint
	 [[Node: save/RestoreV2 = RestoreV2[dtypes=[DT_FLOAT, DT_FLOAT, DT_FLOAT, DT_FLOAT, DT_FLOAT, ..., DT_FLOAT, DT_FLOAT, DT_FLOAT, DT_FLOAT, DT_INT64], _device="/job:localhost/replica:0/task:0/device:CPU:0"](_arg_save/Const_0_0, save/RestoreV2/tensor_names, save/RestoreV2/shape_and_slices)]]
	 [[Node: save/RestoreV2/_3 = _Recv[client_terminated=false, recv_device="/job:localhost/replica:0/task:0/device:GPU:0", send_device="/job:localhost/replica:0/task:0/device:CPU:0", send_device_incarnation=1, tensor_name="edge_8_save/RestoreV2", tensor_type=DT_FLOAT, _device="/job:localhost/replica:0/task:0/device:GPU:0"]()]]

INFO:root:Tensorflow 1.8.0
INFO:root:time: 2018-08-28_16.35.02
INFO:root:Saving to /home/hornberger/MasterarbeitTobias/models/separatorKug/sepkug01
INFO:root:loading data from store
INFO:root:Train the DNN Regressor...

(60984, 10) (60984, 2)
(6776, 10) (6776, 2)
Traceback (most recent call last):
  File "/home/hornberger/.virtualenvs/gpu-tensorflow/lib/python3.6/site-packages/tensorflow/python/client/session.py", line 1322, in _do_call
    return fn(*args)
  File "/home/hornberger/.virtualenvs/gpu-tensorflow/lib/python3.6/site-packages/tensorflow/python/client/session.py", line 1307, in _run_fn
    options, feed_dict, fetch_list, target_list, run_metadata)
  File "/home/hornberger/.virtualenvs/gpu-tensorflow/lib/python3.6/site-packages/tensorflow/python/client/session.py", line 1409, in _call_tf_sessionrun
    run_metadata)
tensorflow.python.framework.errors_impl.NotFoundError: Key dnn/head/beta1_power not found in checkpoint
	 [[Node: save/RestoreV2 = RestoreV2[dtypes=[DT_FLOAT, DT_FLOAT, DT_FLOAT, DT_FLOAT, DT_FLOAT, ..., DT_FLOAT, DT_FLOAT, DT_FLOAT, DT_FLOAT, DT_INT64], _device="/job:localhost/replica:0/task:0/device:CPU:0"](_arg_save/Const_0_0, save/RestoreV2/tensor_names, save/RestoreV2/shape_and_slices)]]
	 [[Node: save/RestoreV2/_3 = _Recv[client_terminated=false, recv_device="/job:localhost/replica:0/task:0/device:GPU:0", send_device="/job:localhost/replica:0/task:0/device:CPU:0", send_device_incarnation=1, tensor_name="edge_8_save/RestoreV2", tensor_type=DT_FLOAT, _device="/job:localhost/replica:0/task:0/device:GPU:0"]()]]

During handling of the above exception, another exception occurred:

Traceback (most recent call last):
  File "./DNNRegressor-Example.py", line 433, in <module>
    tf.app.run(main)
  File "/home/hornberger/.virtualenvs/gpu-tensorflow/lib/python3.6/site-packages/tensorflow/python/platform/app.py", line 126, in run
    _sys.exit(main(argv))
  File "./DNNRegressor-Example.py", line 321, in main
    steps=STEPS_PER_EPOCH, hooks=hooks)
  File "/home/hornberger/.virtualenvs/gpu-tensorflow/lib/python3.6/site-packages/tensorflow/python/estimator/estimator.py", line 363, in train
    loss = self._train_model(input_fn, hooks, saving_listeners)
  File "/home/hornberger/.virtualenvs/gpu-tensorflow/lib/python3.6/site-packages/tensorflow/python/estimator/estimator.py", line 843, in _train_model
    return self._train_model_default(input_fn, hooks, saving_listeners)
  File "/home/hornberger/.virtualenvs/gpu-tensorflow/lib/python3.6/site-packages/tensorflow/python/estimator/estimator.py", line 859, in _train_model_default
    saving_listeners)
  File "/home/hornberger/.virtualenvs/gpu-tensorflow/lib/python3.6/site-packages/tensorflow/python/estimator/estimator.py", line 1056, in _train_with_estimator_spec
    log_step_count_steps=self._config.log_step_count_steps) as mon_sess:
  File "/home/hornberger/.virtualenvs/gpu-tensorflow/lib/python3.6/site-packages/tensorflow/python/training/monitored_session.py", line 405, in MonitoredTrainingSession
    stop_grace_period_secs=stop_grace_period_secs)
  File "/home/hornberger/.virtualenvs/gpu-tensorflow/lib/python3.6/site-packages/tensorflow/python/training/monitored_session.py", line 816, in __init__
    stop_grace_period_secs=stop_grace_period_secs)
  File "/home/hornberger/.virtualenvs/gpu-tensorflow/lib/python3.6/site-packages/tensorflow/python/training/monitored_session.py", line 539, in __init__
    self._sess = _RecoverableSession(self._coordinated_creator)
  File "/home/hornberger/.virtualenvs/gpu-tensorflow/lib/python3.6/site-packages/tensorflow/python/training/monitored_session.py", line 1002, in __init__
    _WrappedSession.__init__(self, self._create_session())
  File "/home/hornberger/.virtualenvs/gpu-tensorflow/lib/python3.6/site-packages/tensorflow/python/training/monitored_session.py", line 1007, in _create_session
    return self._sess_creator.create_session()
  File "/home/hornberger/.virtualenvs/gpu-tensorflow/lib/python3.6/site-packages/tensorflow/python/training/monitored_session.py", line 696, in create_session
    self.tf_sess = self._session_creator.create_session()
  File "/home/hornberger/.virtualenvs/gpu-tensorflow/lib/python3.6/site-packages/tensorflow/python/training/monitored_session.py", line 467, in create_session
    init_fn=self._scaffold.init_fn)
  File "/home/hornberger/.virtualenvs/gpu-tensorflow/lib/python3.6/site-packages/tensorflow/python/training/session_manager.py", line 279, in prepare_session
    config=config)
  File "/home/hornberger/.virtualenvs/gpu-tensorflow/lib/python3.6/site-packages/tensorflow/python/training/session_manager.py", line 207, in _restore_checkpoint
    saver.restore(sess, ckpt.model_checkpoint_path)
  File "/home/hornberger/.virtualenvs/gpu-tensorflow/lib/python3.6/site-packages/tensorflow/python/training/saver.py", line 1802, in restore
    {self.saver_def.filename_tensor_name: save_path})
  File "/home/hornberger/.virtualenvs/gpu-tensorflow/lib/python3.6/site-packages/tensorflow/python/client/session.py", line 900, in run
    run_metadata_ptr)
  File "/home/hornberger/.virtualenvs/gpu-tensorflow/lib/python3.6/site-packages/tensorflow/python/client/session.py", line 1135, in _run
    feed_dict_tensor, options, run_metadata)
  File "/home/hornberger/.virtualenvs/gpu-tensorflow/lib/python3.6/site-packages/tensorflow/python/client/session.py", line 1316, in _do_run
    run_metadata)
  File "/home/hornberger/.virtualenvs/gpu-tensorflow/lib/python3.6/site-packages/tensorflow/python/client/session.py", line 1335, in _do_call
    raise type(e)(node_def, op, message)
tensorflow.python.framework.errors_impl.NotFoundError: Key dnn/head/beta1_power not found in checkpoint
	 [[Node: save/RestoreV2 = RestoreV2[dtypes=[DT_FLOAT, DT_FLOAT, DT_FLOAT, DT_FLOAT, DT_FLOAT, ..., DT_FLOAT, DT_FLOAT, DT_FLOAT, DT_FLOAT, DT_INT64], _device="/job:localhost/replica:0/task:0/device:CPU:0"](_arg_save/Const_0_0, save/RestoreV2/tensor_names, save/RestoreV2/shape_and_slices)]]
	 [[Node: save/RestoreV2/_3 = _Recv[client_terminated=false, recv_device="/job:localhost/replica:0/task:0/device:GPU:0", send_device="/job:localhost/replica:0/task:0/device:CPU:0", send_device_incarnation=1, tensor_name="edge_8_save/RestoreV2", tensor_type=DT_FLOAT, _device="/job:localhost/replica:0/task:0/device:GPU:0"]()]]

Caused by op 'save/RestoreV2', defined at:
  File "./DNNRegressor-Example.py", line 433, in <module>
    tf.app.run(main)
  File "/home/hornberger/.virtualenvs/gpu-tensorflow/lib/python3.6/site-packages/tensorflow/python/platform/app.py", line 126, in run
    _sys.exit(main(argv))
  File "./DNNRegressor-Example.py", line 321, in main
    steps=STEPS_PER_EPOCH, hooks=hooks)
  File "/home/hornberger/.virtualenvs/gpu-tensorflow/lib/python3.6/site-packages/tensorflow/python/estimator/estimator.py", line 363, in train
    loss = self._train_model(input_fn, hooks, saving_listeners)
  File "/home/hornberger/.virtualenvs/gpu-tensorflow/lib/python3.6/site-packages/tensorflow/python/estimator/estimator.py", line 843, in _train_model
    return self._train_model_default(input_fn, hooks, saving_listeners)
  File "/home/hornberger/.virtualenvs/gpu-tensorflow/lib/python3.6/site-packages/tensorflow/python/estimator/estimator.py", line 859, in _train_model_default
    saving_listeners)
  File "/home/hornberger/.virtualenvs/gpu-tensorflow/lib/python3.6/site-packages/tensorflow/python/estimator/estimator.py", line 1056, in _train_with_estimator_spec
    log_step_count_steps=self._config.log_step_count_steps) as mon_sess:
  File "/home/hornberger/.virtualenvs/gpu-tensorflow/lib/python3.6/site-packages/tensorflow/python/training/monitored_session.py", line 405, in MonitoredTrainingSession
    stop_grace_period_secs=stop_grace_period_secs)
  File "/home/hornberger/.virtualenvs/gpu-tensorflow/lib/python3.6/site-packages/tensorflow/python/training/monitored_session.py", line 816, in __init__
    stop_grace_period_secs=stop_grace_period_secs)
  File "/home/hornberger/.virtualenvs/gpu-tensorflow/lib/python3.6/site-packages/tensorflow/python/training/monitored_session.py", line 539, in __init__
    self._sess = _RecoverableSession(self._coordinated_creator)
  File "/home/hornberger/.virtualenvs/gpu-tensorflow/lib/python3.6/site-packages/tensorflow/python/training/monitored_session.py", line 1002, in __init__
    _WrappedSession.__init__(self, self._create_session())
  File "/home/hornberger/.virtualenvs/gpu-tensorflow/lib/python3.6/site-packages/tensorflow/python/training/monitored_session.py", line 1007, in _create_session
    return self._sess_creator.create_session()
  File "/home/hornberger/.virtualenvs/gpu-tensorflow/lib/python3.6/site-packages/tensorflow/python/training/monitored_session.py", line 696, in create_session
    self.tf_sess = self._session_creator.create_session()
  File "/home/hornberger/.virtualenvs/gpu-tensorflow/lib/python3.6/site-packages/tensorflow/python/training/monitored_session.py", line 458, in create_session
    self._scaffold.finalize()
  File "/home/hornberger/.virtualenvs/gpu-tensorflow/lib/python3.6/site-packages/tensorflow/python/training/monitored_session.py", line 214, in finalize
    self._saver.build()
  File "/home/hornberger/.virtualenvs/gpu-tensorflow/lib/python3.6/site-packages/tensorflow/python/training/saver.py", line 1347, in build
    self._build(self._filename, build_save=True, build_restore=True)
  File "/home/hornberger/.virtualenvs/gpu-tensorflow/lib/python3.6/site-packages/tensorflow/python/training/saver.py", line 1384, in _build
    build_save=build_save, build_restore=build_restore)
  File "/home/hornberger/.virtualenvs/gpu-tensorflow/lib/python3.6/site-packages/tensorflow/python/training/saver.py", line 829, in _build_internal
    restore_sequentially, reshape)
  File "/home/hornberger/.virtualenvs/gpu-tensorflow/lib/python3.6/site-packages/tensorflow/python/training/saver.py", line 525, in _AddShardedRestoreOps
    name="restore_shard"))
  File "/home/hornberger/.virtualenvs/gpu-tensorflow/lib/python3.6/site-packages/tensorflow/python/training/saver.py", line 472, in _AddRestoreOps
    restore_sequentially)
  File "/home/hornberger/.virtualenvs/gpu-tensorflow/lib/python3.6/site-packages/tensorflow/python/training/saver.py", line 886, in bulk_restore
    return io_ops.restore_v2(filename_tensor, names, slices, dtypes)
  File "/home/hornberger/.virtualenvs/gpu-tensorflow/lib/python3.6/site-packages/tensorflow/python/ops/gen_io_ops.py", line 1463, in restore_v2
    shape_and_slices=shape_and_slices, dtypes=dtypes, name=name)
  File "/home/hornberger/.virtualenvs/gpu-tensorflow/lib/python3.6/site-packages/tensorflow/python/framework/op_def_library.py", line 787, in _apply_op_helper
    op_def=op_def)
  File "/home/hornberger/.virtualenvs/gpu-tensorflow/lib/python3.6/site-packages/tensorflow/python/framework/ops.py", line 3392, in create_op
    op_def=op_def)
  File "/home/hornberger/.virtualenvs/gpu-tensorflow/lib/python3.6/site-packages/tensorflow/python/framework/ops.py", line 1718, in __init__
    self._traceback = self._graph._extract_stack()  # pylint: disable=protected-access

NotFoundError (see above for traceback): Key dnn/head/beta1_power not found in checkpoint
	 [[Node: save/RestoreV2 = RestoreV2[dtypes=[DT_FLOAT, DT_FLOAT, DT_FLOAT, DT_FLOAT, DT_FLOAT, ..., DT_FLOAT, DT_FLOAT, DT_FLOAT, DT_FLOAT, DT_INT64], _device="/job:localhost/replica:0/task:0/device:CPU:0"](_arg_save/Const_0_0, save/RestoreV2/tensor_names, save/RestoreV2/shape_and_slices)]]
	 [[Node: save/RestoreV2/_3 = _Recv[client_terminated=false, recv_device="/job:localhost/replica:0/task:0/device:GPU:0", send_device="/job:localhost/replica:0/task:0/device:CPU:0", send_device_incarnation=1, tensor_name="edge_8_save/RestoreV2", tensor_type=DT_FLOAT, _device="/job:localhost/replica:0/task:0/device:GPU:0"]()]]

INFO:root:Tensorflow 1.8.0
INFO:root:time: 2018-08-28_16.35.29
INFO:root:Saving to /home/hornberger/MasterarbeitTobias/models/separatorKug/sepkug01
INFO:root:/home/hornberger/MasterarbeitTobias/models/separatorKug/sepkug01 does not exist. Creating folder
INFO:root:loading data from store
INFO:root:Train the DNN Regressor...

INFO:root:Progress: epoch 0
INFO:root:eval: {'average_loss': 41359.31, 'loss': 40035812.0, 'global_step': 500}
INFO:root:Progress: epoch 10
INFO:root:eval: {'average_loss': 33042.08, 'loss': 31984732.0, 'global_step': 5500}
INFO:root:Progress: epoch 20
INFO:root:eval: {'average_loss': 26739.54, 'loss': 25883874.0, 'global_step': 10500}
INFO:root:Progress: epoch 30
INFO:root:eval: {'average_loss': 15816.425, 'loss': 15310299.0, 'global_step': 15500}
INFO:root:Progress: epoch 40
INFO:root:eval: {'average_loss': 7008.919, 'loss': 6784633.5, 'global_step': 20500}
INFO:root:Progress: epoch 50
INFO:root:eval: {'average_loss': 2068.1997, 'loss': 2002017.4, 'global_step': 25500}
INFO:root:Progress: epoch 60
INFO:root:eval: {'average_loss': 1593.9144, 'loss': 1542909.1, 'global_step': 30500}
INFO:root:Progress: epoch 70
INFO:root:eval: {'average_loss': 3088.2432, 'loss': 2989419.5, 'global_step': 35500}
INFO:root:Progress: epoch 80
INFO:root:eval: {'average_loss': 1088.705, 'loss': 1053866.4, 'global_step': 40500}
INFO:root:Progress: epoch 90
INFO:root:eval: {'average_loss': 1324.6965, 'loss': 1282306.2, 'global_step': 45500}
INFO:root:Progress: epoch 100
INFO:root:eval: {'average_loss': 804.24286, 'loss': 778507.06, 'global_step': 50500}
INFO:root:Progress: epoch 110
INFO:root:eval: {'average_loss': 920.7562, 'loss': 891292.0, 'global_step': 55500}
INFO:root:Progress: epoch 120
INFO:root:eval: {'average_loss': 1327.724, 'loss': 1285236.9, 'global_step': 60500}
INFO:root:Progress: epoch 130
INFO:root:eval: {'average_loss': 806.3896, 'loss': 780585.1, 'global_step': 65500}
INFO:root:Progress: epoch 140
INFO:root:eval: {'average_loss': 984.9249, 'loss': 953407.4, 'global_step': 70500}
INFO:root:Progress: epoch 150
INFO:root:eval: {'average_loss': 560.0128, 'loss': 542092.44, 'global_step': 75500}
INFO:root:Progress: epoch 160
INFO:root:eval: {'average_loss': 559.2728, 'loss': 541376.1, 'global_step': 80500}
INFO:root:Progress: epoch 170
INFO:root:eval: {'average_loss': 733.37177, 'loss': 709903.9, 'global_step': 85500}
INFO:root:Progress: epoch 180
INFO:root:eval: {'average_loss': 598.40717, 'loss': 579258.1, 'global_step': 90500}
INFO:root:Progress: epoch 190
INFO:root:eval: {'average_loss': 571.5518, 'loss': 553262.2, 'global_step': 95500}
INFO:root:Progress: epoch 200
INFO:root:eval: {'average_loss': 724.9297, 'loss': 701731.94, 'global_step': 100500}
INFO:root:Progress: epoch 210
INFO:root:eval: {'average_loss': 13886.273, 'loss': 13441913.0, 'global_step': 105500}
INFO:root:Progress: epoch 220
INFO:root:eval: {'average_loss': 817.97003, 'loss': 791795.0, 'global_step': 110500}
INFO:root:Progress: epoch 230
INFO:root:eval: {'average_loss': 540.9357, 'loss': 523625.78, 'global_step': 115500}
INFO:root:Progress: epoch 240
INFO:root:eval: {'average_loss': 963.81696, 'loss': 932974.8, 'global_step': 120500}
INFO:root:Progress: epoch 250
INFO:root:eval: {'average_loss': 459.9581, 'loss': 445239.44, 'global_step': 125500}
INFO:root:Progress: epoch 260
INFO:root:eval: {'average_loss': 398.2916, 'loss': 385546.25, 'global_step': 130500}
INFO:root:Progress: epoch 270
INFO:root:eval: {'average_loss': 2132.479, 'loss': 2064239.8, 'global_step': 135500}
INFO:root:Progress: epoch 280
INFO:root:eval: {'average_loss': 407.53506, 'loss': 394493.94, 'global_step': 140500}
INFO:root:Progress: epoch 290
INFO:root:eval: {'average_loss': 484.26794, 'loss': 468771.34, 'global_step': 145500}
INFO:root:Progress: epoch 300
INFO:root:eval: {'average_loss': 424.12753, 'loss': 410555.47, 'global_step': 150500}
INFO:root:Progress: epoch 310
INFO:root:eval: {'average_loss': 515.7389, 'loss': 499235.25, 'global_step': 155500}
INFO:root:Progress: epoch 320
INFO:root:eval: {'average_loss': 1768.035, 'loss': 1711457.9, 'global_step': 160500}
INFO:root:Progress: epoch 330
INFO:root:eval: {'average_loss': 1406.8103, 'loss': 1361792.4, 'global_step': 165500}
INFO:root:Progress: epoch 340
INFO:root:eval: {'average_loss': 6486.0093, 'loss': 6278457.0, 'global_step': 170500}
INFO:root:Progress: epoch 350
INFO:root:eval: {'average_loss': 361.7467, 'loss': 350170.8, 'global_step': 175500}
INFO:root:Progress: epoch 360
INFO:root:eval: {'average_loss': 431.174, 'loss': 417376.44, 'global_step': 180500}
INFO:root:Progress: epoch 370
INFO:root:eval: {'average_loss': 441.04108, 'loss': 426927.75, 'global_step': 185500}
INFO:root:Progress: epoch 380
INFO:root:eval: {'average_loss': 548.48047, 'loss': 530929.06, 'global_step': 190500}
INFO:root:Progress: epoch 390
INFO:root:eval: {'average_loss': 348.79056, 'loss': 337629.25, 'global_step': 195500}
INFO:root:Progress: epoch 400
INFO:root:eval: {'average_loss': 750.5976, 'loss': 726578.5, 'global_step': 200500}
INFO:root:Progress: epoch 410
INFO:root:eval: {'average_loss': 429.89877, 'loss': 416142.0, 'global_step': 205500}
INFO:root:Progress: epoch 420
INFO:root:eval: {'average_loss': 418.28333, 'loss': 404898.25, 'global_step': 210500}
INFO:root:Progress: epoch 430
INFO:root:eval: {'average_loss': 758.0933, 'loss': 733834.4, 'global_step': 215500}
INFO:root:Progress: epoch 440
INFO:root:eval: {'average_loss': 479.32675, 'loss': 463988.28, 'global_step': 220500}
INFO:root:Progress: epoch 450
INFO:root:eval: {'average_loss': 475.42633, 'loss': 460212.7, 'global_step': 225500}
INFO:root:Progress: epoch 460
INFO:root:eval: {'average_loss': 770.14014, 'loss': 745495.6, 'global_step': 230500}
INFO:root:Progress: epoch 470
INFO:root:eval: {'average_loss': 825.2231, 'loss': 798815.94, 'global_step': 235500}
INFO:root:Progress: epoch 480
INFO:root:eval: {'average_loss': 317.42996, 'loss': 307272.22, 'global_step': 240500}
INFO:root:Progress: epoch 490
INFO:root:eval: {'average_loss': 492.33725, 'loss': 476582.47, 'global_step': 245500}
(60984, 10) (60984, 2)
(6776, 10) (6776, 2)
INFO:root:Tensorflow 1.8.0
INFO:root:time: 2018-08-28_17.00.06
INFO:root:Saving to /home/hornberger/MasterarbeitTobias/models/separatorKug/sepkug01
INFO:root:loading data from store
INFO:root:Train the DNN Regressor...

INFO:root:Progress: epoch 0
INFO:root:eval: {'average_loss': 1512.0051, 'loss': 1463621.0, 'global_step': 250500}
INFO:root:Progress: epoch 10
INFO:root:eval: {'average_loss': 388.0627, 'loss': 375644.72, 'global_step': 255500}
INFO:root:Progress: epoch 20
INFO:root:eval: {'average_loss': 395.79065, 'loss': 383125.34, 'global_step': 260500}
INFO:root:Progress: epoch 30
INFO:root:eval: {'average_loss': 753.84143, 'loss': 729718.5, 'global_step': 265500}
INFO:root:Progress: epoch 40
INFO:root:eval: {'average_loss': 303.43826, 'loss': 293728.25, 'global_step': 270500}
INFO:root:Progress: epoch 50
INFO:root:eval: {'average_loss': 762.2127, 'loss': 737821.94, 'global_step': 275500}
INFO:root:Progress: epoch 60
INFO:root:eval: {'average_loss': 531.4361, 'loss': 514430.16, 'global_step': 280500}
INFO:root:Progress: epoch 70
INFO:root:eval: {'average_loss': 281.05072, 'loss': 272057.1, 'global_step': 285500}
INFO:root:Progress: epoch 80
INFO:root:eval: {'average_loss': 360.45535, 'loss': 348920.78, 'global_step': 290500}
INFO:root:Progress: epoch 90
INFO:root:eval: {'average_loss': 541.942, 'loss': 524599.9, 'global_step': 295500}
INFO:root:Progress: epoch 100
INFO:root:eval: {'average_loss': 336.30756, 'loss': 325545.72, 'global_step': 300500}
INFO:root:Progress: epoch 110
INFO:root:eval: {'average_loss': 743.19916, 'loss': 719416.8, 'global_step': 305500}
INFO:root:Progress: epoch 120
INFO:root:eval: {'average_loss': 389.0196, 'loss': 376570.97, 'global_step': 310500}
INFO:root:Progress: epoch 130
INFO:root:eval: {'average_loss': 262.90942, 'loss': 254496.33, 'global_step': 315500}
INFO:root:Progress: epoch 140
INFO:root:eval: {'average_loss': 285.25412, 'loss': 276125.97, 'global_step': 320500}
INFO:root:Progress: epoch 150
INFO:root:eval: {'average_loss': 281.15976, 'loss': 272162.66, 'global_step': 325500}
INFO:root:Progress: epoch 160
INFO:root:eval: {'average_loss': 297.66724, 'loss': 288141.9, 'global_step': 330500}
INFO:root:Progress: epoch 170
INFO:root:eval: {'average_loss': 306.4047, 'loss': 296599.72, 'global_step': 335500}
INFO:root:Progress: epoch 180
INFO:root:eval: {'average_loss': 267.45648, 'loss': 258897.88, 'global_step': 340500}
INFO:root:Progress: epoch 190
INFO:root:eval: {'average_loss': 257.82095, 'loss': 249570.7, 'global_step': 345500}
INFO:root:Progress: epoch 200
INFO:root:eval: {'average_loss': 236.7373, 'loss': 229161.72, 'global_step': 350500}
INFO:root:Progress: epoch 210
INFO:root:eval: {'average_loss': 246.04353, 'loss': 238170.14, 'global_step': 355500}
INFO:root:Progress: epoch 220
INFO:root:eval: {'average_loss': 233.30418, 'loss': 225838.45, 'global_step': 360500}
INFO:root:Progress: epoch 230
INFO:root:eval: {'average_loss': 251.65271, 'loss': 243599.83, 'global_step': 365500}
INFO:root:Progress: epoch 240
INFO:root:eval: {'average_loss': 239.53885, 'loss': 231873.61, 'global_step': 370500}
INFO:root:Progress: epoch 250
INFO:root:eval: {'average_loss': 227.50443, 'loss': 220224.28, 'global_step': 375500}
INFO:root:Progress: epoch 260
INFO:root:eval: {'average_loss': 324.6135, 'loss': 314225.84, 'global_step': 380500}
INFO:root:Progress: epoch 270
INFO:root:eval: {'average_loss': 225.42552, 'loss': 218211.9, 'global_step': 385500}
INFO:root:Progress: epoch 280
INFO:root:eval: {'average_loss': 247.57312, 'loss': 239650.78, 'global_step': 390500}
INFO:root:Progress: epoch 290
INFO:root:eval: {'average_loss': 456.45346, 'loss': 441846.97, 'global_step': 395500}
INFO:root:Progress: epoch 300
INFO:root:eval: {'average_loss': 361.26303, 'loss': 349702.6, 'global_step': 400500}
INFO:root:Progress: epoch 310
INFO:root:eval: {'average_loss': 250.00159, 'loss': 242001.53, 'global_step': 405500}
INFO:root:Progress: epoch 320
INFO:root:eval: {'average_loss': 233.80096, 'loss': 226319.34, 'global_step': 410500}
INFO:root:Progress: epoch 330
INFO:root:eval: {'average_loss': 268.94226, 'loss': 260336.11, 'global_step': 415500}
INFO:root:Progress: epoch 340
INFO:root:eval: {'average_loss': 239.74597, 'loss': 232074.11, 'global_step': 420500}
INFO:root:Progress: epoch 350
INFO:root:eval: {'average_loss': 438.54575, 'loss': 424512.28, 'global_step': 425500}
INFO:root:Progress: epoch 360
INFO:root:eval: {'average_loss': 228.8831, 'loss': 221558.84, 'global_step': 430500}
INFO:root:Progress: epoch 370
INFO:root:eval: {'average_loss': 240.5465, 'loss': 232849.0, 'global_step': 435500}
INFO:root:Progress: epoch 380
INFO:root:eval: {'average_loss': 220.82582, 'loss': 213759.39, 'global_step': 440500}
INFO:root:Progress: epoch 390
INFO:root:eval: {'average_loss': 286.3581, 'loss': 277194.66, 'global_step': 445500}
INFO:root:Progress: epoch 400
INFO:root:eval: {'average_loss': 232.6182, 'loss': 225174.4, 'global_step': 450500}
INFO:root:Progress: epoch 410
INFO:root:eval: {'average_loss': 221.74777, 'loss': 214651.84, 'global_step': 455500}
INFO:root:Progress: epoch 420
INFO:root:eval: {'average_loss': 254.3072, 'loss': 246169.38, 'global_step': 460500}
INFO:root:Progress: epoch 430
INFO:root:eval: {'average_loss': 239.15637, 'loss': 231503.38, 'global_step': 465500}
INFO:root:Progress: epoch 440
INFO:root:eval: {'average_loss': 228.56885, 'loss': 221254.64, 'global_step': 470500}
INFO:root:Progress: epoch 450
INFO:root:eval: {'average_loss': 221.43645, 'loss': 214350.48, 'global_step': 475500}
INFO:root:Progress: epoch 460
INFO:root:eval: {'average_loss': 256.48306, 'loss': 248275.61, 'global_step': 480500}
INFO:root:Progress: epoch 470
INFO:root:eval: {'average_loss': 262.9552, 'loss': 254540.62, 'global_step': 485500}
INFO:root:Progress: epoch 480
INFO:root:eval: {'average_loss': 221.21565, 'loss': 214136.75, 'global_step': 490500}
INFO:root:Progress: epoch 490
INFO:root:eval: {'average_loss': 236.3284, 'loss': 228765.89, 'global_step': 495500}
(60984, 10) (60984, 2)
(6776, 10) (6776, 2)
INFO:root:Tensorflow 1.8.0
INFO:root:time: 2018-08-28_17.27.08
INFO:root:Saving to /home/hornberger/MasterarbeitTobias/models/separatorKug/sepkug01
INFO:root:loading data from store
INFO:root:Train the DNN Regressor...

INFO:root:Progress: epoch 0
INFO:root:eval: {'average_loss': 233.28484, 'loss': 225819.72, 'global_step': 500500}
INFO:root:Progress: epoch 10
INFO:root:eval: {'average_loss': 230.93512, 'loss': 223545.2, 'global_step': 505500}
INFO:root:Progress: epoch 20
INFO:root:eval: {'average_loss': 229.48898, 'loss': 222145.34, 'global_step': 510500}
INFO:root:Progress: epoch 30
INFO:root:eval: {'average_loss': 230.58968, 'loss': 223210.8, 'global_step': 515500}
INFO:root:Progress: epoch 40
INFO:root:eval: {'average_loss': 223.913, 'loss': 216747.78, 'global_step': 520500}
INFO:root:Progress: epoch 50
INFO:root:eval: {'average_loss': 240.65067, 'loss': 232949.84, 'global_step': 525500}
INFO:root:Progress: epoch 60
INFO:root:eval: {'average_loss': 225.48859, 'loss': 218272.95, 'global_step': 530500}
INFO:root:Progress: epoch 70
INFO:root:eval: {'average_loss': 214.2604, 'loss': 207404.08, 'global_step': 535500}
INFO:root:Progress: epoch 80
INFO:root:eval: {'average_loss': 303.56653, 'loss': 293852.4, 'global_step': 540500}
INFO:root:Progress: epoch 90
INFO:root:eval: {'average_loss': 262.78418, 'loss': 254375.08, 'global_step': 545500}
INFO:root:Progress: epoch 100
INFO:root:eval: {'average_loss': 225.85806, 'loss': 218630.61, 'global_step': 550500}
INFO:root:Progress: epoch 110
INFO:root:eval: {'average_loss': 275.36774, 'loss': 266555.97, 'global_step': 555500}
INFO:root:Progress: epoch 120
INFO:root:eval: {'average_loss': 231.03299, 'loss': 223639.92, 'global_step': 560500}
INFO:root:Progress: epoch 130
INFO:root:eval: {'average_loss': 305.70352, 'loss': 295921.0, 'global_step': 565500}
INFO:root:Progress: epoch 140
INFO:root:eval: {'average_loss': 248.5189, 'loss': 240566.3, 'global_step': 570500}
INFO:root:Progress: epoch 150
INFO:root:eval: {'average_loss': 225.74489, 'loss': 218521.05, 'global_step': 575500}
INFO:root:Progress: epoch 160
INFO:root:eval: {'average_loss': 215.88698, 'loss': 208978.6, 'global_step': 580500}
INFO:root:Progress: epoch 170
INFO:root:eval: {'average_loss': 249.81786, 'loss': 241823.67, 'global_step': 585500}
INFO:root:Progress: epoch 180
INFO:root:eval: {'average_loss': 353.46024, 'loss': 342149.5, 'global_step': 590500}
INFO:root:Progress: epoch 190
INFO:root:eval: {'average_loss': 298.45325, 'loss': 288902.75, 'global_step': 595500}
INFO:root:Progress: epoch 200
INFO:root:eval: {'average_loss': 242.06174, 'loss': 234315.77, 'global_step': 600500}
INFO:root:Progress: epoch 210
INFO:root:eval: {'average_loss': 220.65503, 'loss': 213594.08, 'global_step': 605500}
INFO:root:Progress: epoch 220
INFO:root:eval: {'average_loss': 222.76956, 'loss': 215640.92, 'global_step': 610500}
INFO:root:Progress: epoch 230
INFO:root:eval: {'average_loss': 211.44008, 'loss': 204674.0, 'global_step': 615500}
INFO:root:Progress: epoch 240
INFO:root:eval: {'average_loss': 394.5982, 'loss': 381971.06, 'global_step': 620500}
INFO:root:Progress: epoch 250
INFO:root:eval: {'average_loss': 208.97961, 'loss': 202292.27, 'global_step': 625500}
INFO:root:Progress: epoch 260
INFO:root:eval: {'average_loss': 218.92839, 'loss': 211922.67, 'global_step': 630500}
INFO:root:Progress: epoch 270
INFO:root:eval: {'average_loss': 226.29124, 'loss': 219049.92, 'global_step': 635500}
INFO:root:Progress: epoch 280
INFO:root:eval: {'average_loss': 245.92944, 'loss': 238059.7, 'global_step': 640500}
INFO:root:Progress: epoch 290
INFO:root:eval: {'average_loss': 376.23257, 'loss': 364193.16, 'global_step': 645500}
INFO:root:Progress: epoch 300
INFO:root:eval: {'average_loss': 210.97469, 'loss': 204223.5, 'global_step': 650500}
INFO:root:Progress: epoch 310
INFO:root:eval: {'average_loss': 210.61699, 'loss': 203877.25, 'global_step': 655500}
INFO:root:Progress: epoch 320
INFO:root:eval: {'average_loss': 203.93777, 'loss': 197411.77, 'global_step': 660500}
INFO:root:Progress: epoch 330
INFO:root:eval: {'average_loss': 204.5279, 'loss': 197983.0, 'global_step': 665500}
INFO:root:Progress: epoch 340
INFO:root:eval: {'average_loss': 190.49646, 'loss': 184400.58, 'global_step': 670500}
INFO:root:Progress: epoch 350
INFO:root:eval: {'average_loss': 204.6784, 'loss': 198128.7, 'global_step': 675500}
INFO:root:Progress: epoch 360
INFO:root:eval: {'average_loss': 199.34799, 'loss': 192968.86, 'global_step': 680500}
INFO:root:Progress: epoch 370
INFO:root:eval: {'average_loss': 253.45154, 'loss': 245341.1, 'global_step': 685500}
INFO:root:Progress: epoch 380
INFO:root:eval: {'average_loss': 204.48254, 'loss': 197939.11, 'global_step': 690500}
INFO:root:Progress: epoch 390
INFO:root:eval: {'average_loss': 194.37051, 'loss': 188150.66, 'global_step': 695500}
INFO:root:Progress: epoch 400
INFO:root:eval: {'average_loss': 256.7121, 'loss': 248497.3, 'global_step': 700500}
INFO:root:Progress: epoch 410
INFO:root:eval: {'average_loss': 284.77124, 'loss': 275658.56, 'global_step': 705500}
INFO:root:Progress: epoch 420
INFO:root:eval: {'average_loss': 196.51216, 'loss': 190223.77, 'global_step': 710500}
INFO:root:Progress: epoch 430
INFO:root:eval: {'average_loss': 256.46716, 'loss': 248260.22, 'global_step': 715500}
INFO:root:Progress: epoch 440
INFO:root:eval: {'average_loss': 197.82823, 'loss': 191497.73, 'global_step': 720500}
INFO:root:Progress: epoch 450
INFO:root:eval: {'average_loss': 204.20721, 'loss': 197672.6, 'global_step': 725500}
INFO:root:Progress: epoch 460
INFO:root:eval: {'average_loss': 237.35205, 'loss': 229756.78, 'global_step': 730500}
INFO:root:Progress: epoch 470
INFO:root:eval: {'average_loss': 205.87181, 'loss': 199283.9, 'global_step': 735500}
INFO:root:Progress: epoch 480
INFO:root:eval: {'average_loss': 229.12746, 'loss': 221795.38, 'global_step': 740500}
INFO:root:Progress: epoch 490
INFO:root:eval: {'average_loss': 204.44827, 'loss': 197905.92, 'global_step': 745500}
(60984, 10) (60984, 2)
(6776, 10) (6776, 2)
INFO:root:Tensorflow 1.8.0
INFO:root:time: 2018-08-28_17.56.32
INFO:root:Saving to /home/hornberger/MasterarbeitTobias/models/separatorKug/sepkug01
INFO:root:loading data from store
INFO:root:Train the DNN Regressor...

INFO:root:Progress: epoch 0
INFO:root:eval: {'average_loss': 197.81384, 'loss': 191483.8, 'global_step': 750500}
INFO:root:Progress: epoch 10
INFO:root:eval: {'average_loss': 191.29047, 'loss': 185169.17, 'global_step': 755500}
INFO:root:Progress: epoch 20
INFO:root:eval: {'average_loss': 194.69658, 'loss': 188466.28, 'global_step': 760500}
INFO:root:Progress: epoch 30
INFO:root:eval: {'average_loss': 198.60396, 'loss': 192248.62, 'global_step': 765500}
INFO:root:Progress: epoch 40
INFO:root:eval: {'average_loss': 189.55988, 'loss': 183493.97, 'global_step': 770500}
INFO:root:Progress: epoch 50
INFO:root:eval: {'average_loss': 184.74684, 'loss': 178834.95, 'global_step': 775500}
INFO:root:Progress: epoch 60
INFO:root:eval: {'average_loss': 191.91988, 'loss': 185778.45, 'global_step': 780500}
INFO:root:Progress: epoch 70
INFO:root:eval: {'average_loss': 227.28014, 'loss': 220007.17, 'global_step': 785500}
INFO:root:Progress: epoch 80
INFO:root:eval: {'average_loss': 223.188, 'loss': 216045.98, 'global_step': 790500}
INFO:root:Progress: epoch 90
INFO:root:eval: {'average_loss': 221.25256, 'loss': 214172.48, 'global_step': 795500}
INFO:root:Progress: epoch 100
INFO:root:eval: {'average_loss': 217.77998, 'loss': 210811.02, 'global_step': 800500}
INFO:root:Progress: epoch 110
INFO:root:eval: {'average_loss': 212.68178, 'loss': 205875.97, 'global_step': 805500}
INFO:root:Progress: epoch 120
INFO:root:eval: {'average_loss': 196.02182, 'loss': 189749.12, 'global_step': 810500}
INFO:root:Progress: epoch 130
INFO:root:eval: {'average_loss': 195.60555, 'loss': 189346.16, 'global_step': 815500}
INFO:root:Progress: epoch 140
INFO:root:eval: {'average_loss': 303.7273, 'loss': 294008.03, 'global_step': 820500}
INFO:root:Progress: epoch 150
INFO:root:eval: {'average_loss': 215.56067, 'loss': 208662.73, 'global_step': 825500}
INFO:root:Progress: epoch 160
INFO:root:eval: {'average_loss': 243.54042, 'loss': 235747.12, 'global_step': 830500}
INFO:root:Progress: epoch 170
INFO:root:eval: {'average_loss': 206.45285, 'loss': 199846.36, 'global_step': 835500}
INFO:root:Progress: epoch 180
INFO:root:eval: {'average_loss': 192.00456, 'loss': 185860.4, 'global_step': 840500}
INFO:root:Progress: epoch 190
INFO:root:eval: {'average_loss': 221.35648, 'loss': 214273.08, 'global_step': 845500}
INFO:root:Progress: epoch 200
INFO:root:eval: {'average_loss': 288.9287, 'loss': 279682.97, 'global_step': 850500}
INFO:root:Progress: epoch 210
INFO:root:eval: {'average_loss': 243.35062, 'loss': 235563.39, 'global_step': 855500}
INFO:root:Progress: epoch 220
INFO:root:eval: {'average_loss': 193.82294, 'loss': 187620.61, 'global_step': 860500}
INFO:root:Progress: epoch 230
INFO:root:eval: {'average_loss': 185.03075, 'loss': 179109.77, 'global_step': 865500}
INFO:root:Progress: epoch 240
INFO:root:eval: {'average_loss': 187.72617, 'loss': 181718.92, 'global_step': 870500}
INFO:root:Progress: epoch 250
INFO:root:eval: {'average_loss': 194.04874, 'loss': 187839.17, 'global_step': 875500}
INFO:root:Progress: epoch 260
INFO:root:eval: {'average_loss': 183.234, 'loss': 177370.5, 'global_step': 880500}
INFO:root:Progress: epoch 270
INFO:root:eval: {'average_loss': 180.89984, 'loss': 175111.05, 'global_step': 885500}
INFO:root:Progress: epoch 280
INFO:root:eval: {'average_loss': 233.42311, 'loss': 225953.58, 'global_step': 890500}
INFO:root:Progress: epoch 290
INFO:root:eval: {'average_loss': 183.9682, 'loss': 178081.22, 'global_step': 895500}
INFO:root:Progress: epoch 300
INFO:root:eval: {'average_loss': 191.23683, 'loss': 185117.25, 'global_step': 900500}
INFO:root:Progress: epoch 310
INFO:root:eval: {'average_loss': 231.68239, 'loss': 224268.55, 'global_step': 905500}
INFO:root:Progress: epoch 320
INFO:root:eval: {'average_loss': 180.2172, 'loss': 174450.25, 'global_step': 910500}
INFO:root:Progress: epoch 330
INFO:root:eval: {'average_loss': 215.25514, 'loss': 208366.98, 'global_step': 915500}
INFO:root:Progress: epoch 340
INFO:root:eval: {'average_loss': 182.1238, 'loss': 176295.84, 'global_step': 920500}
INFO:root:Progress: epoch 350
INFO:root:eval: {'average_loss': 246.1851, 'loss': 238307.17, 'global_step': 925500}
INFO:root:Progress: epoch 360
INFO:root:eval: {'average_loss': 238.89056, 'loss': 231246.08, 'global_step': 930500}
INFO:root:Progress: epoch 370
INFO:root:eval: {'average_loss': 179.51773, 'loss': 173773.16, 'global_step': 935500}
INFO:root:Progress: epoch 380
INFO:root:eval: {'average_loss': 193.05818, 'loss': 186880.33, 'global_step': 940500}
INFO:root:Progress: epoch 390
INFO:root:eval: {'average_loss': 199.28316, 'loss': 192906.1, 'global_step': 945500}
INFO:root:Progress: epoch 400
INFO:root:eval: {'average_loss': 202.45874, 'loss': 195980.05, 'global_step': 950500}
INFO:root:Progress: epoch 410
INFO:root:eval: {'average_loss': 227.06506, 'loss': 219798.98, 'global_step': 955500}
INFO:root:Progress: epoch 420
INFO:root:eval: {'average_loss': 197.503, 'loss': 191182.9, 'global_step': 960500}
INFO:root:Progress: epoch 430
INFO:root:eval: {'average_loss': 191.89969, 'loss': 185758.89, 'global_step': 965500}
INFO:root:Progress: epoch 440
INFO:root:eval: {'average_loss': 204.01675, 'loss': 197488.22, 'global_step': 970500}
INFO:root:Progress: epoch 450
INFO:root:eval: {'average_loss': 191.20277, 'loss': 185084.28, 'global_step': 975500}
INFO:root:Progress: epoch 460
INFO:root:eval: {'average_loss': 191.04637, 'loss': 184932.89, 'global_step': 980500}
INFO:root:Progress: epoch 470
INFO:root:eval: {'average_loss': 188.3308, 'loss': 182304.22, 'global_step': 985500}
INFO:root:Progress: epoch 480
INFO:root:eval: {'average_loss': 266.0563, 'loss': 257542.5, 'global_step': 990500}
INFO:root:Progress: epoch 490
INFO:root:eval: {'average_loss': 193.88168, 'loss': 187677.47, 'global_step': 995500}
(60984, 10) (60984, 2)
(6776, 10) (6776, 2)
INFO:root:Tensorflow 1.8.0
INFO:root:time: 2018-08-28_18.27.05
INFO:root:Saving to /home/hornberger/MasterarbeitTobias/models/separatorKug/sepkug01
INFO:root:loading data from store
INFO:root:Train the DNN Regressor...

INFO:root:Progress: epoch 0
INFO:root:eval: {'average_loss': 188.18518, 'loss': 182163.25, 'global_step': 1000500}
INFO:root:Progress: epoch 10
INFO:root:eval: {'average_loss': 175.31982, 'loss': 169709.6, 'global_step': 1005500}
INFO:root:Progress: epoch 20
INFO:root:eval: {'average_loss': 200.93468, 'loss': 194504.77, 'global_step': 1010500}
INFO:root:Progress: epoch 30
INFO:root:eval: {'average_loss': 200.29073, 'loss': 193881.42, 'global_step': 1015500}
INFO:root:Progress: epoch 40
INFO:root:eval: {'average_loss': 176.55101, 'loss': 170901.38, 'global_step': 1020500}
INFO:root:Progress: epoch 50
INFO:root:eval: {'average_loss': 194.17702, 'loss': 187963.36, 'global_step': 1025500}
INFO:root:Progress: epoch 60
INFO:root:eval: {'average_loss': 250.88065, 'loss': 242852.47, 'global_step': 1030500}
INFO:root:Progress: epoch 70
INFO:root:eval: {'average_loss': 177.53908, 'loss': 171857.83, 'global_step': 1035500}
INFO:root:Progress: epoch 80
INFO:root:eval: {'average_loss': 323.61465, 'loss': 313259.0, 'global_step': 1040500}
INFO:root:Progress: epoch 90
INFO:root:eval: {'average_loss': 236.26778, 'loss': 228707.22, 'global_step': 1045500}
INFO:root:Progress: epoch 100
INFO:root:eval: {'average_loss': 183.27563, 'loss': 177410.83, 'global_step': 1050500}
INFO:root:Progress: epoch 110
INFO:root:eval: {'average_loss': 177.56505, 'loss': 171882.97, 'global_step': 1055500}
INFO:root:Progress: epoch 120
INFO:root:eval: {'average_loss': 172.10707, 'loss': 166599.64, 'global_step': 1060500}
INFO:root:Progress: epoch 130
INFO:root:eval: {'average_loss': 283.03738, 'loss': 273980.2, 'global_step': 1065500}
INFO:root:Progress: epoch 140
INFO:root:eval: {'average_loss': 197.00809, 'loss': 190703.83, 'global_step': 1070500}
INFO:root:Progress: epoch 150
INFO:root:eval: {'average_loss': 180.49442, 'loss': 174718.6, 'global_step': 1075500}
INFO:root:Progress: epoch 160
INFO:root:eval: {'average_loss': 207.85817, 'loss': 201206.72, 'global_step': 1080500}
INFO:root:Progress: epoch 170
INFO:root:eval: {'average_loss': 207.61067, 'loss': 200967.12, 'global_step': 1085500}
INFO:root:Progress: epoch 180
INFO:root:eval: {'average_loss': 184.7731, 'loss': 178860.36, 'global_step': 1090500}
INFO:root:Progress: epoch 190
INFO:root:eval: {'average_loss': 179.90309, 'loss': 174146.2, 'global_step': 1095500}
INFO:root:Progress: epoch 200
INFO:root:eval: {'average_loss': 183.64203, 'loss': 177765.48, 'global_step': 1100500}
INFO:root:Progress: epoch 210
INFO:root:eval: {'average_loss': 234.44815, 'loss': 226945.8, 'global_step': 1105500}
INFO:root:Progress: epoch 220
INFO:root:eval: {'average_loss': 169.10002, 'loss': 163688.83, 'global_step': 1110500}
INFO:root:Progress: epoch 230
INFO:root:eval: {'average_loss': 168.17586, 'loss': 162794.23, 'global_step': 1115500}
INFO:root:Progress: epoch 240
INFO:root:eval: {'average_loss': 187.62679, 'loss': 181622.73, 'global_step': 1120500}
INFO:root:Progress: epoch 250
INFO:root:eval: {'average_loss': 271.33914, 'loss': 262656.3, 'global_step': 1125500}
INFO:root:Progress: epoch 260
INFO:root:eval: {'average_loss': 211.8736, 'loss': 205093.64, 'global_step': 1130500}
INFO:root:Progress: epoch 270
INFO:root:eval: {'average_loss': 185.62491, 'loss': 179684.9, 'global_step': 1135500}
INFO:root:Progress: epoch 280
INFO:root:eval: {'average_loss': 173.13298, 'loss': 167592.73, 'global_step': 1140500}
INFO:root:Progress: epoch 290
INFO:root:eval: {'average_loss': 175.9239, 'loss': 170294.34, 'global_step': 1145500}
INFO:root:Progress: epoch 300
INFO:root:eval: {'average_loss': 175.05588, 'loss': 169454.1, 'global_step': 1150500}
INFO:root:Progress: epoch 310
INFO:root:eval: {'average_loss': 169.638, 'loss': 164209.6, 'global_step': 1155500}
INFO:root:Progress: epoch 320
INFO:root:eval: {'average_loss': 174.38388, 'loss': 168803.6, 'global_step': 1160500}
INFO:root:Progress: epoch 330
INFO:root:eval: {'average_loss': 201.88615, 'loss': 195425.8, 'global_step': 1165500}
INFO:root:Progress: epoch 340
INFO:root:eval: {'average_loss': 239.5045, 'loss': 231840.36, 'global_step': 1170500}
INFO:root:Progress: epoch 350
INFO:root:eval: {'average_loss': 219.12212, 'loss': 212110.22, 'global_step': 1175500}
INFO:root:Progress: epoch 360
INFO:root:eval: {'average_loss': 188.91129, 'loss': 182866.12, 'global_step': 1180500}
INFO:root:Progress: epoch 370
INFO:root:eval: {'average_loss': 169.8898, 'loss': 164453.33, 'global_step': 1185500}
INFO:root:Progress: epoch 380
INFO:root:eval: {'average_loss': 193.47722, 'loss': 187285.95, 'global_step': 1190500}
INFO:root:Progress: epoch 390
INFO:root:eval: {'average_loss': 211.81268, 'loss': 205034.67, 'global_step': 1195500}
INFO:root:Progress: epoch 400
INFO:root:eval: {'average_loss': 183.2901, 'loss': 177424.83, 'global_step': 1200500}
INFO:root:Progress: epoch 410
INFO:root:eval: {'average_loss': 166.67021, 'loss': 161336.77, 'global_step': 1205500}
INFO:root:Progress: epoch 420
INFO:root:eval: {'average_loss': 228.98611, 'loss': 221658.55, 'global_step': 1210500}
INFO:root:Progress: epoch 430
INFO:root:eval: {'average_loss': 237.51472, 'loss': 229914.25, 'global_step': 1215500}
INFO:root:Progress: epoch 440
INFO:root:eval: {'average_loss': 170.46188, 'loss': 165007.11, 'global_step': 1220500}
INFO:root:Progress: epoch 450
INFO:root:eval: {'average_loss': 181.20013, 'loss': 175401.73, 'global_step': 1225500}
INFO:root:Progress: epoch 460
INFO:root:eval: {'average_loss': 189.22716, 'loss': 183171.89, 'global_step': 1230500}
INFO:root:Progress: epoch 470
INFO:root:eval: {'average_loss': 178.16808, 'loss': 172466.7, 'global_step': 1235500}
INFO:root:Progress: epoch 480
INFO:root:eval: {'average_loss': 175.75507, 'loss': 170130.9, 'global_step': 1240500}
INFO:root:Progress: epoch 490
INFO:root:eval: {'average_loss': 180.1076, 'loss': 174344.16, 'global_step': 1245500}
(60984, 10) (60984, 2)
(6776, 10) (6776, 2)
INFO:root:Tensorflow 1.8.0
INFO:root:time: 2018-08-28_18.59.35
INFO:root:Saving to /home/hornberger/MasterarbeitTobias/models/separatorKug/sepkug01
INFO:root:loading data from store
INFO:root:Train the DNN Regressor...

INFO:root:Progress: epoch 0
INFO:root:eval: {'average_loss': 168.74947, 'loss': 163349.48, 'global_step': 1250500}
INFO:root:Progress: epoch 10
INFO:root:eval: {'average_loss': 177.3932, 'loss': 171716.62, 'global_step': 1255500}
INFO:root:Progress: epoch 20
INFO:root:eval: {'average_loss': 191.89645, 'loss': 185755.77, 'global_step': 1260500}
INFO:root:Progress: epoch 30
INFO:root:eval: {'average_loss': 253.462, 'loss': 245351.22, 'global_step': 1265500}
INFO:root:Progress: epoch 40
INFO:root:eval: {'average_loss': 194.35583, 'loss': 188136.45, 'global_step': 1270500}
INFO:root:Progress: epoch 50
INFO:root:eval: {'average_loss': 168.1534, 'loss': 162772.48, 'global_step': 1275500}
INFO:root:Progress: epoch 60
INFO:root:eval: {'average_loss': 178.35707, 'loss': 172649.64, 'global_step': 1280500}
INFO:root:Progress: epoch 70
INFO:root:eval: {'average_loss': 217.62808, 'loss': 210663.98, 'global_step': 1285500}
INFO:root:Progress: epoch 80
INFO:root:eval: {'average_loss': 295.32858, 'loss': 285878.06, 'global_step': 1290500}
INFO:root:Progress: epoch 90
INFO:root:eval: {'average_loss': 166.55614, 'loss': 161226.34, 'global_step': 1295500}
INFO:root:Progress: epoch 100
INFO:root:eval: {'average_loss': 169.3262, 'loss': 163907.77, 'global_step': 1300500}
INFO:root:Progress: epoch 110
INFO:root:eval: {'average_loss': 238.04355, 'loss': 230426.16, 'global_step': 1305500}
INFO:root:Progress: epoch 120
INFO:root:eval: {'average_loss': 180.90681, 'loss': 175117.8, 'global_step': 1310500}
INFO:root:Progress: epoch 130
INFO:root:eval: {'average_loss': 198.24968, 'loss': 191905.7, 'global_step': 1315500}
INFO:root:Progress: epoch 140
INFO:root:eval: {'average_loss': 168.09543, 'loss': 162716.38, 'global_step': 1320500}
INFO:root:Progress: epoch 150
INFO:root:eval: {'average_loss': 189.99162, 'loss': 183911.89, 'global_step': 1325500}
INFO:root:Progress: epoch 160
INFO:root:eval: {'average_loss': 196.29924, 'loss': 190017.66, 'global_step': 1330500}
INFO:root:Progress: epoch 170
INFO:root:eval: {'average_loss': 181.83319, 'loss': 176014.53, 'global_step': 1335500}
INFO:root:Progress: epoch 180
INFO:root:eval: {'average_loss': 191.38126, 'loss': 185257.05, 'global_step': 1340500}
INFO:root:Progress: epoch 190
INFO:root:eval: {'average_loss': 171.58237, 'loss': 166091.73, 'global_step': 1345500}
INFO:root:Progress: epoch 200
INFO:root:eval: {'average_loss': 236.6544, 'loss': 229081.47, 'global_step': 1350500}
INFO:root:Progress: epoch 210
INFO:root:eval: {'average_loss': 170.84068, 'loss': 165373.78, 'global_step': 1355500}
INFO:root:Progress: epoch 220
INFO:root:eval: {'average_loss': 245.33995, 'loss': 237489.08, 'global_step': 1360500}
INFO:root:Progress: epoch 230
INFO:root:eval: {'average_loss': 205.89392, 'loss': 199305.33, 'global_step': 1365500}
INFO:root:Progress: epoch 240
INFO:root:eval: {'average_loss': 172.36227, 'loss': 166846.67, 'global_step': 1370500}
INFO:root:Progress: epoch 250
INFO:root:eval: {'average_loss': 281.36752, 'loss': 272363.78, 'global_step': 1375500}
INFO:root:Progress: epoch 260
INFO:root:eval: {'average_loss': 185.57536, 'loss': 179636.95, 'global_step': 1380500}
INFO:root:Progress: epoch 270
INFO:root:eval: {'average_loss': 174.55171, 'loss': 168966.05, 'global_step': 1385500}
INFO:root:Progress: epoch 280
INFO:root:eval: {'average_loss': 178.13321, 'loss': 172432.95, 'global_step': 1390500}
INFO:root:Progress: epoch 290
INFO:root:eval: {'average_loss': 193.45227, 'loss': 187261.8, 'global_step': 1395500}
INFO:root:Progress: epoch 300
INFO:root:eval: {'average_loss': 168.38869, 'loss': 163000.25, 'global_step': 1400500}
INFO:root:Progress: epoch 310
INFO:root:eval: {'average_loss': 185.50629, 'loss': 179570.1, 'global_step': 1405500}
INFO:root:Progress: epoch 320
INFO:root:eval: {'average_loss': 410.6056, 'loss': 397466.22, 'global_step': 1410500}
INFO:root:Progress: epoch 330
INFO:root:eval: {'average_loss': 262.43024, 'loss': 254032.48, 'global_step': 1415500}
INFO:root:Progress: epoch 340
INFO:root:eval: {'average_loss': 169.45027, 'loss': 164027.86, 'global_step': 1420500}
INFO:root:Progress: epoch 350
INFO:root:eval: {'average_loss': 331.12445, 'loss': 320528.47, 'global_step': 1425500}
INFO:root:Progress: epoch 360
INFO:root:eval: {'average_loss': 183.01138, 'loss': 177155.02, 'global_step': 1430500}
INFO:root:Progress: epoch 370
INFO:root:eval: {'average_loss': 187.69312, 'loss': 181686.92, 'global_step': 1435500}
INFO:root:Progress: epoch 380
INFO:root:eval: {'average_loss': 365.95358, 'loss': 354243.06, 'global_step': 1440500}
INFO:root:Progress: epoch 390
INFO:root:eval: {'average_loss': 178.14944, 'loss': 172448.66, 'global_step': 1445500}
INFO:root:Progress: epoch 400
INFO:root:eval: {'average_loss': 169.65848, 'loss': 164229.4, 'global_step': 1450500}
INFO:root:Progress: epoch 410
INFO:root:eval: {'average_loss': 191.01071, 'loss': 184898.38, 'global_step': 1455500}
INFO:root:Progress: epoch 420
INFO:root:eval: {'average_loss': 187.30899, 'loss': 181315.11, 'global_step': 1460500}
INFO:root:Progress: epoch 430
INFO:root:eval: {'average_loss': 174.48515, 'loss': 168901.62, 'global_step': 1465500}
INFO:root:Progress: epoch 440
INFO:root:eval: {'average_loss': 186.12688, 'loss': 180170.83, 'global_step': 1470500}
INFO:root:Progress: epoch 450
INFO:root:eval: {'average_loss': 203.20932, 'loss': 196706.62, 'global_step': 1475500}
INFO:root:Progress: epoch 460
INFO:root:eval: {'average_loss': 178.90013, 'loss': 173175.33, 'global_step': 1480500}
INFO:root:Progress: epoch 470
INFO:root:eval: {'average_loss': 168.405, 'loss': 163016.03, 'global_step': 1485500}
INFO:root:Progress: epoch 480
INFO:root:eval: {'average_loss': 173.16844, 'loss': 167627.05, 'global_step': 1490500}
INFO:root:Progress: epoch 490
INFO:root:eval: {'average_loss': 289.29074, 'loss': 280033.44, 'global_step': 1495500}
(60984, 10) (60984, 2)
(6776, 10) (6776, 2)
INFO:root:Tensorflow 1.8.0
INFO:root:time: 2018-08-28_19.33.18
INFO:root:Saving to /home/hornberger/MasterarbeitTobias/models/separatorKug/sepkug01
INFO:root:loading data from store
INFO:root:Train the DNN Regressor...

INFO:root:Progress: epoch 0
INFO:root:eval: {'average_loss': 171.02515, 'loss': 165552.34, 'global_step': 1500500}
INFO:root:Progress: epoch 10
INFO:root:eval: {'average_loss': 185.75876, 'loss': 179814.48, 'global_step': 1505500}
INFO:root:Progress: epoch 20
INFO:root:eval: {'average_loss': 181.43494, 'loss': 175629.02, 'global_step': 1510500}
INFO:root:Progress: epoch 30
INFO:root:eval: {'average_loss': 211.46466, 'loss': 204697.78, 'global_step': 1515500}
INFO:root:Progress: epoch 40
INFO:root:eval: {'average_loss': 180.7307, 'loss': 174947.33, 'global_step': 1520500}
INFO:root:Progress: epoch 50
INFO:root:eval: {'average_loss': 207.43263, 'loss': 200794.78, 'global_step': 1525500}
INFO:root:Progress: epoch 60
INFO:root:eval: {'average_loss': 179.1177, 'loss': 173385.95, 'global_step': 1530500}
INFO:root:Progress: epoch 70
INFO:root:eval: {'average_loss': 171.32213, 'loss': 165839.83, 'global_step': 1535500}
INFO:root:Progress: epoch 80
INFO:root:eval: {'average_loss': 236.49472, 'loss': 228926.89, 'global_step': 1540500}
INFO:root:Progress: epoch 90
INFO:root:eval: {'average_loss': 205.32648, 'loss': 198756.03, 'global_step': 1545500}
INFO:root:Progress: epoch 100
INFO:root:eval: {'average_loss': 183.71404, 'loss': 177835.17, 'global_step': 1550500}
INFO:root:Progress: epoch 110
INFO:root:eval: {'average_loss': 198.46492, 'loss': 192114.03, 'global_step': 1555500}
INFO:root:Progress: epoch 120
INFO:root:eval: {'average_loss': 165.14636, 'loss': 159861.67, 'global_step': 1560500}
INFO:root:Progress: epoch 130
INFO:root:eval: {'average_loss': 167.9061, 'loss': 162533.11, 'global_step': 1565500}
INFO:root:Progress: epoch 140
INFO:root:eval: {'average_loss': 175.9832, 'loss': 170351.73, 'global_step': 1570500}
INFO:root:Progress: epoch 150
INFO:root:eval: {'average_loss': 189.60663, 'loss': 183539.22, 'global_step': 1575500}
INFO:root:Progress: epoch 160
INFO:root:eval: {'average_loss': 331.39343, 'loss': 320788.84, 'global_step': 1580500}
INFO:root:Progress: epoch 170
INFO:root:eval: {'average_loss': 188.90846, 'loss': 182863.39, 'global_step': 1585500}
INFO:root:Progress: epoch 180
INFO:root:eval: {'average_loss': 190.80013, 'loss': 184694.52, 'global_step': 1590500}
INFO:root:Progress: epoch 190
INFO:root:eval: {'average_loss': 182.14206, 'loss': 176313.52, 'global_step': 1595500}
INFO:root:Progress: epoch 200
INFO:root:eval: {'average_loss': 175.73514, 'loss': 170111.61, 'global_step': 1600500}
INFO:root:Progress: epoch 210
INFO:root:eval: {'average_loss': 177.5156, 'loss': 171835.1, 'global_step': 1605500}
INFO:root:Progress: epoch 220
INFO:root:eval: {'average_loss': 176.48772, 'loss': 170840.11, 'global_step': 1610500}
INFO:root:Progress: epoch 230
INFO:root:eval: {'average_loss': 176.10738, 'loss': 170471.95, 'global_step': 1615500}
INFO:root:Progress: epoch 240
INFO:root:eval: {'average_loss': 173.2736, 'loss': 167728.86, 'global_step': 1620500}
INFO:root:Progress: epoch 250
INFO:root:eval: {'average_loss': 185.61465, 'loss': 179674.98, 'global_step': 1625500}
INFO:root:Progress: epoch 260
INFO:root:eval: {'average_loss': 171.38638, 'loss': 165902.02, 'global_step': 1630500}
INFO:root:Progress: epoch 270
INFO:root:eval: {'average_loss': 190.49568, 'loss': 184399.83, 'global_step': 1635500}
INFO:root:Progress: epoch 280
INFO:root:eval: {'average_loss': 168.84908, 'loss': 163445.9, 'global_step': 1640500}
INFO:root:Progress: epoch 290
INFO:root:eval: {'average_loss': 172.95465, 'loss': 167420.11, 'global_step': 1645500}
INFO:root:Progress: epoch 300
INFO:root:eval: {'average_loss': 168.80563, 'loss': 163403.86, 'global_step': 1650500}
INFO:root:Progress: epoch 310
INFO:root:eval: {'average_loss': 168.8221, 'loss': 163419.78, 'global_step': 1655500}
INFO:root:Progress: epoch 320
INFO:root:eval: {'average_loss': 191.43379, 'loss': 185307.9, 'global_step': 1660500}
INFO:root:Progress: epoch 330
INFO:root:eval: {'average_loss': 306.97278, 'loss': 297149.66, 'global_step': 1665500}
INFO:root:Progress: epoch 340
INFO:root:eval: {'average_loss': 199.21436, 'loss': 192839.5, 'global_step': 1670500}
INFO:root:Progress: epoch 350
INFO:root:eval: {'average_loss': 173.31656, 'loss': 167770.42, 'global_step': 1675500}
INFO:root:Progress: epoch 360
INFO:root:eval: {'average_loss': 169.39114, 'loss': 163970.62, 'global_step': 1680500}
INFO:root:Progress: epoch 370
INFO:root:eval: {'average_loss': 172.8292, 'loss': 167298.66, 'global_step': 1685500}
INFO:root:Progress: epoch 380
INFO:root:eval: {'average_loss': 176.29292, 'loss': 170651.55, 'global_step': 1690500}
INFO:root:Progress: epoch 390
INFO:root:eval: {'average_loss': 178.91617, 'loss': 173190.86, 'global_step': 1695500}
INFO:root:Progress: epoch 400
INFO:root:eval: {'average_loss': 172.37314, 'loss': 166857.2, 'global_step': 1700500}
INFO:root:Progress: epoch 410
INFO:root:eval: {'average_loss': 237.58008, 'loss': 229977.52, 'global_step': 1705500}
INFO:root:Progress: epoch 420
INFO:root:eval: {'average_loss': 173.92786, 'loss': 168362.16, 'global_step': 1710500}
INFO:root:Progress: epoch 430
INFO:root:eval: {'average_loss': 182.43008, 'loss': 176592.33, 'global_step': 1715500}
INFO:root:Progress: epoch 440
INFO:root:eval: {'average_loss': 164.38416, 'loss': 159123.86, 'global_step': 1720500}
INFO:root:Progress: epoch 450
INFO:root:eval: {'average_loss': 163.81305, 'loss': 158571.03, 'global_step': 1725500}
INFO:root:Progress: epoch 460
INFO:root:eval: {'average_loss': 166.6398, 'loss': 161307.33, 'global_step': 1730500}
INFO:root:Progress: epoch 470
INFO:root:eval: {'average_loss': 167.90327, 'loss': 162530.38, 'global_step': 1735500}
INFO:root:Progress: epoch 480
INFO:root:eval: {'average_loss': 173.70128, 'loss': 168142.84, 'global_step': 1740500}
INFO:root:Progress: epoch 490
INFO:root:eval: {'average_loss': 178.43973, 'loss': 172729.66, 'global_step': 1745500}
(60984, 10) (60984, 2)
(6776, 10) (6776, 2)
INFO:root:Tensorflow 1.8.0
INFO:root:time: 2018-08-28_20.06.35
INFO:root:Saving to /home/hornberger/MasterarbeitTobias/models/separatorKug/sepkug01
INFO:root:loading data from store
INFO:root:Train the DNN Regressor...

INFO:root:Progress: epoch 0
INFO:root:eval: {'average_loss': 162.22975, 'loss': 157038.39, 'global_step': 1750500}
INFO:root:Progress: epoch 10
INFO:root:eval: {'average_loss': 168.48904, 'loss': 163097.39, 'global_step': 1755500}
INFO:root:Progress: epoch 20
INFO:root:eval: {'average_loss': 257.9785, 'loss': 249723.16, 'global_step': 1760500}
INFO:root:Progress: epoch 30
INFO:root:eval: {'average_loss': 181.72018, 'loss': 175905.14, 'global_step': 1765500}
INFO:root:Progress: epoch 40
INFO:root:eval: {'average_loss': 182.83182, 'loss': 176981.2, 'global_step': 1770500}
INFO:root:Progress: epoch 50
INFO:root:eval: {'average_loss': 173.79662, 'loss': 168235.12, 'global_step': 1775500}
INFO:root:Progress: epoch 60
INFO:root:eval: {'average_loss': 164.81691, 'loss': 159542.77, 'global_step': 1780500}
INFO:root:Progress: epoch 70
INFO:root:eval: {'average_loss': 193.31, 'loss': 187124.08, 'global_step': 1785500}
INFO:root:Progress: epoch 80
INFO:root:eval: {'average_loss': 221.3387, 'loss': 214255.86, 'global_step': 1790500}
INFO:root:Progress: epoch 90
INFO:root:eval: {'average_loss': 169.75655, 'loss': 164324.34, 'global_step': 1795500}
INFO:root:Progress: epoch 100
INFO:root:eval: {'average_loss': 175.28566, 'loss': 169676.52, 'global_step': 1800500}
INFO:root:Progress: epoch 110
INFO:root:eval: {'average_loss': 189.23164, 'loss': 183176.23, 'global_step': 1805500}
INFO:root:Progress: epoch 120
INFO:root:eval: {'average_loss': 165.50206, 'loss': 160206.0, 'global_step': 1810500}
INFO:root:Progress: epoch 130
INFO:root:eval: {'average_loss': 174.39471, 'loss': 168814.1, 'global_step': 1815500}
INFO:root:Progress: epoch 140
INFO:root:eval: {'average_loss': 163.46211, 'loss': 158231.33, 'global_step': 1820500}
INFO:root:Progress: epoch 150
INFO:root:eval: {'average_loss': 202.65994, 'loss': 196174.83, 'global_step': 1825500}
INFO:root:Progress: epoch 160
INFO:root:eval: {'average_loss': 172.24913, 'loss': 166737.16, 'global_step': 1830500}
INFO:root:Progress: epoch 170
INFO:root:eval: {'average_loss': 293.28372, 'loss': 283898.66, 'global_step': 1835500}
INFO:root:Progress: epoch 180
INFO:root:eval: {'average_loss': 164.00388, 'loss': 158755.75, 'global_step': 1840500}
INFO:root:Progress: epoch 190
INFO:root:eval: {'average_loss': 171.72952, 'loss': 166234.17, 'global_step': 1845500}
INFO:root:Progress: epoch 200
INFO:root:eval: {'average_loss': 215.97263, 'loss': 209061.5, 'global_step': 1850500}
INFO:root:Progress: epoch 210
INFO:root:eval: {'average_loss': 167.83574, 'loss': 162465.0, 'global_step': 1855500}
INFO:root:Progress: epoch 220
INFO:root:eval: {'average_loss': 198.87437, 'loss': 192510.39, 'global_step': 1860500}
INFO:root:Progress: epoch 230
INFO:root:eval: {'average_loss': 197.50893, 'loss': 191188.64, 'global_step': 1865500}
INFO:root:Progress: epoch 240
INFO:root:eval: {'average_loss': 224.9185, 'loss': 217721.11, 'global_step': 1870500}
INFO:root:Progress: epoch 250
INFO:root:eval: {'average_loss': 170.16275, 'loss': 164717.53, 'global_step': 1875500}
INFO:root:Progress: epoch 260
INFO:root:eval: {'average_loss': 191.54431, 'loss': 185414.89, 'global_step': 1880500}
INFO:root:Progress: epoch 270
INFO:root:eval: {'average_loss': 261.64008, 'loss': 253267.6, 'global_step': 1885500}
INFO:root:Progress: epoch 280
INFO:root:eval: {'average_loss': 188.76057, 'loss': 182720.23, 'global_step': 1890500}
INFO:root:Progress: epoch 290
INFO:root:eval: {'average_loss': 178.55017, 'loss': 172836.58, 'global_step': 1895500}
INFO:root:Progress: epoch 300
INFO:root:eval: {'average_loss': 170.80188, 'loss': 165336.22, 'global_step': 1900500}
INFO:root:Progress: epoch 310
INFO:root:eval: {'average_loss': 164.88689, 'loss': 159610.5, 'global_step': 1905500}
INFO:root:Progress: epoch 320
INFO:root:eval: {'average_loss': 191.40976, 'loss': 185284.64, 'global_step': 1910500}
INFO:root:Progress: epoch 330
INFO:root:eval: {'average_loss': 171.34828, 'loss': 165865.14, 'global_step': 1915500}
INFO:root:Progress: epoch 340
INFO:root:eval: {'average_loss': 168.45192, 'loss': 163061.47, 'global_step': 1920500}
INFO:root:Progress: epoch 350
INFO:root:eval: {'average_loss': 169.51291, 'loss': 164088.5, 'global_step': 1925500}
INFO:root:Progress: epoch 360
INFO:root:eval: {'average_loss': 177.3064, 'loss': 171632.6, 'global_step': 1930500}
INFO:root:Progress: epoch 370
INFO:root:eval: {'average_loss': 179.94197, 'loss': 174183.83, 'global_step': 1935500}
INFO:root:Progress: epoch 380
INFO:root:eval: {'average_loss': 183.11742, 'loss': 177257.66, 'global_step': 1940500}
INFO:root:Progress: epoch 390
INFO:root:eval: {'average_loss': 170.34712, 'loss': 164896.02, 'global_step': 1945500}
INFO:root:Progress: epoch 400
INFO:root:eval: {'average_loss': 175.17009, 'loss': 169564.64, 'global_step': 1950500}
INFO:root:Progress: epoch 410
INFO:root:eval: {'average_loss': 161.63437, 'loss': 156462.08, 'global_step': 1955500}
INFO:root:Progress: epoch 420
INFO:root:eval: {'average_loss': 166.71442, 'loss': 161379.55, 'global_step': 1960500}
INFO:root:Progress: epoch 430
INFO:root:eval: {'average_loss': 177.19508, 'loss': 171524.84, 'global_step': 1965500}
INFO:root:Progress: epoch 440
INFO:root:eval: {'average_loss': 201.8032, 'loss': 195345.5, 'global_step': 1970500}
INFO:root:Progress: epoch 450
INFO:root:eval: {'average_loss': 177.61414, 'loss': 171930.48, 'global_step': 1975500}
INFO:root:Progress: epoch 460
INFO:root:eval: {'average_loss': 201.91965, 'loss': 195458.22, 'global_step': 1980500}
INFO:root:Progress: epoch 470
INFO:root:eval: {'average_loss': 226.46843, 'loss': 219221.45, 'global_step': 1985500}
INFO:root:Progress: epoch 480
INFO:root:eval: {'average_loss': 169.7433, 'loss': 164311.52, 'global_step': 1990500}
INFO:root:Progress: epoch 490
INFO:root:eval: {'average_loss': 175.09286, 'loss': 169489.89, 'global_step': 1995500}
(60984, 10) (60984, 2)
(6776, 10) (6776, 2)
INFO:root:Tensorflow 1.8.0
INFO:root:time: 2018-08-28_20.39.52
INFO:root:Saving to /home/hornberger/MasterarbeitTobias/models/separatorKug/sepkug01
INFO:root:loading data from store
INFO:root:Train the DNN Regressor...

INFO:root:Progress: epoch 0
INFO:root:eval: {'average_loss': 167.92046, 'loss': 162547.0, 'global_step': 2000500}
INFO:root:Progress: epoch 10
INFO:root:eval: {'average_loss': 226.93282, 'loss': 219670.97, 'global_step': 2005500}
INFO:root:Progress: epoch 20
INFO:root:eval: {'average_loss': 162.56116, 'loss': 157359.2, 'global_step': 2010500}
INFO:root:Progress: epoch 30
INFO:root:eval: {'average_loss': 187.02576, 'loss': 181040.92, 'global_step': 2015500}
INFO:root:Progress: epoch 40
INFO:root:eval: {'average_loss': 207.17184, 'loss': 200542.34, 'global_step': 2020500}
INFO:root:Progress: epoch 50
INFO:root:eval: {'average_loss': 164.90105, 'loss': 159624.22, 'global_step': 2025500}
INFO:root:Progress: epoch 60
INFO:root:eval: {'average_loss': 169.8884, 'loss': 164451.97, 'global_step': 2030500}
INFO:root:Progress: epoch 70
INFO:root:eval: {'average_loss': 179.47668, 'loss': 173733.42, 'global_step': 2035500}
INFO:root:Progress: epoch 80
INFO:root:eval: {'average_loss': 172.54509, 'loss': 167023.64, 'global_step': 2040500}
INFO:root:Progress: epoch 90
INFO:root:eval: {'average_loss': 258.31265, 'loss': 250046.64, 'global_step': 2045500}
INFO:root:Progress: epoch 100
INFO:root:eval: {'average_loss': 160.47623, 'loss': 155340.98, 'global_step': 2050500}
INFO:root:Progress: epoch 110
INFO:root:eval: {'average_loss': 179.72601, 'loss': 173974.78, 'global_step': 2055500}
INFO:root:Progress: epoch 120
INFO:root:eval: {'average_loss': 161.11244, 'loss': 155956.84, 'global_step': 2060500}
INFO:root:Progress: epoch 130
INFO:root:eval: {'average_loss': 173.09549, 'loss': 167556.42, 'global_step': 2065500}
INFO:root:Progress: epoch 140
INFO:root:eval: {'average_loss': 238.47893, 'loss': 230847.61, 'global_step': 2070500}
INFO:root:Progress: epoch 150
INFO:root:eval: {'average_loss': 162.4487, 'loss': 157250.34, 'global_step': 2075500}
INFO:root:Progress: epoch 160
INFO:root:eval: {'average_loss': 203.57321, 'loss': 197058.88, 'global_step': 2080500}
INFO:root:Progress: epoch 170
INFO:root:eval: {'average_loss': 192.4659, 'loss': 186306.98, 'global_step': 2085500}
INFO:root:Progress: epoch 180
INFO:root:eval: {'average_loss': 162.37941, 'loss': 157183.27, 'global_step': 2090500}
INFO:root:Progress: epoch 190
INFO:root:eval: {'average_loss': 198.99522, 'loss': 192627.38, 'global_step': 2095500}
INFO:root:Progress: epoch 200
INFO:root:eval: {'average_loss': 163.6951, 'loss': 158456.86, 'global_step': 2100500}
INFO:root:Progress: epoch 210
INFO:root:eval: {'average_loss': 162.83307, 'loss': 157622.4, 'global_step': 2105500}
INFO:root:Progress: epoch 220
INFO:root:eval: {'average_loss': 164.00911, 'loss': 158760.83, 'global_step': 2110500}
INFO:root:Progress: epoch 230
INFO:root:eval: {'average_loss': 171.86371, 'loss': 166364.08, 'global_step': 2115500}
INFO:root:Progress: epoch 240
INFO:root:eval: {'average_loss': 190.34703, 'loss': 184255.92, 'global_step': 2120500}
INFO:root:Progress: epoch 250
INFO:root:eval: {'average_loss': 287.56418, 'loss': 278362.12, 'global_step': 2125500}
INFO:root:Progress: epoch 260
INFO:root:eval: {'average_loss': 179.63956, 'loss': 173891.1, 'global_step': 2130500}
INFO:root:Progress: epoch 270
INFO:root:eval: {'average_loss': 169.09851, 'loss': 163687.36, 'global_step': 2135500}
INFO:root:Progress: epoch 280
INFO:root:eval: {'average_loss': 200.45216, 'loss': 194037.7, 'global_step': 2140500}
INFO:root:Progress: epoch 290
INFO:root:eval: {'average_loss': 168.56358, 'loss': 163169.55, 'global_step': 2145500}
INFO:root:Progress: epoch 300
INFO:root:eval: {'average_loss': 231.97336, 'loss': 224550.22, 'global_step': 2150500}
INFO:root:Progress: epoch 310
INFO:root:eval: {'average_loss': 194.36087, 'loss': 188141.33, 'global_step': 2155500}
INFO:root:Progress: epoch 320
INFO:root:eval: {'average_loss': 173.59993, 'loss': 168044.73, 'global_step': 2160500}
INFO:root:Progress: epoch 330
INFO:root:eval: {'average_loss': 180.3585, 'loss': 174587.03, 'global_step': 2165500}
INFO:root:Progress: epoch 340
INFO:root:eval: {'average_loss': 165.5104, 'loss': 160214.08, 'global_step': 2170500}
INFO:root:Progress: epoch 350
INFO:root:eval: {'average_loss': 176.88124, 'loss': 171221.03, 'global_step': 2175500}
INFO:root:Progress: epoch 360
INFO:root:eval: {'average_loss': 160.84373, 'loss': 155696.73, 'global_step': 2180500}
INFO:root:Progress: epoch 370
INFO:root:eval: {'average_loss': 176.8308, 'loss': 171172.22, 'global_step': 2185500}
INFO:root:Progress: epoch 380
INFO:root:eval: {'average_loss': 186.41852, 'loss': 180453.12, 'global_step': 2190500}
INFO:root:Progress: epoch 390
INFO:root:eval: {'average_loss': 215.0488, 'loss': 208167.23, 'global_step': 2195500}
INFO:root:Progress: epoch 400
INFO:root:eval: {'average_loss': 177.2531, 'loss': 171581.0, 'global_step': 2200500}
INFO:root:Progress: epoch 410
INFO:root:eval: {'average_loss': 166.04024, 'loss': 160726.95, 'global_step': 2205500}
INFO:root:Progress: epoch 420
INFO:root:eval: {'average_loss': 194.48653, 'loss': 188262.97, 'global_step': 2210500}
INFO:root:Progress: epoch 430
INFO:root:eval: {'average_loss': 235.29773, 'loss': 227768.2, 'global_step': 2215500}
INFO:root:Progress: epoch 440
INFO:root:eval: {'average_loss': 160.58289, 'loss': 155444.23, 'global_step': 2220500}
INFO:root:Progress: epoch 450
INFO:root:eval: {'average_loss': 177.52312, 'loss': 171842.38, 'global_step': 2225500}
INFO:root:Progress: epoch 460
INFO:root:eval: {'average_loss': 160.41823, 'loss': 155284.84, 'global_step': 2230500}
INFO:root:Progress: epoch 470
INFO:root:eval: {'average_loss': 246.89273, 'loss': 238992.16, 'global_step': 2235500}
INFO:root:Progress: epoch 480
INFO:root:eval: {'average_loss': 157.85596, 'loss': 152804.58, 'global_step': 2240500}
INFO:root:Progress: epoch 490
INFO:root:eval: {'average_loss': 165.93495, 'loss': 160625.03, 'global_step': 2245500}
(60984, 10) (60984, 2)
(6776, 10) (6776, 2)
INFO:root:Tensorflow 1.8.0
INFO:root:time: 2018-08-28_21.12.01
INFO:root:Saving to /home/hornberger/MasterarbeitTobias/models/separatorKug/sepkug01
INFO:root:loading data from store
INFO:root:Train the DNN Regressor...

INFO:root:Progress: epoch 0
INFO:root:eval: {'average_loss': 189.78882, 'loss': 183715.58, 'global_step': 2250500}
INFO:root:Progress: epoch 10
INFO:root:eval: {'average_loss': 214.81885, 'loss': 207944.64, 'global_step': 2255500}
INFO:root:Progress: epoch 20
INFO:root:eval: {'average_loss': 161.44508, 'loss': 156278.84, 'global_step': 2260500}
INFO:root:Progress: epoch 30
INFO:root:eval: {'average_loss': 167.54068, 'loss': 162179.38, 'global_step': 2265500}
INFO:root:Progress: epoch 40
INFO:root:eval: {'average_loss': 164.26506, 'loss': 159008.58, 'global_step': 2270500}
INFO:root:Progress: epoch 50
INFO:root:eval: {'average_loss': 171.15257, 'loss': 165675.7, 'global_step': 2275500}
INFO:root:Progress: epoch 60
INFO:root:eval: {'average_loss': 166.33476, 'loss': 161012.05, 'global_step': 2280500}
INFO:root:Progress: epoch 70
INFO:root:eval: {'average_loss': 160.71211, 'loss': 155569.33, 'global_step': 2285500}
INFO:root:Progress: epoch 80
INFO:root:eval: {'average_loss': 216.3082, 'loss': 209386.34, 'global_step': 2290500}
INFO:root:Progress: epoch 90
INFO:root:eval: {'average_loss': 211.17957, 'loss': 204421.83, 'global_step': 2295500}
INFO:root:Progress: epoch 100
INFO:root:eval: {'average_loss': 192.87006, 'loss': 186698.22, 'global_step': 2300500}
INFO:root:Progress: epoch 110
INFO:root:eval: {'average_loss': 281.15332, 'loss': 272156.4, 'global_step': 2305500}
INFO:root:Progress: epoch 120
INFO:root:eval: {'average_loss': 165.63225, 'loss': 160332.02, 'global_step': 2310500}
INFO:root:Progress: epoch 130
INFO:root:eval: {'average_loss': 166.62065, 'loss': 161288.78, 'global_step': 2315500}
INFO:root:Progress: epoch 140
INFO:root:eval: {'average_loss': 216.65248, 'loss': 209719.61, 'global_step': 2320500}
INFO:root:Progress: epoch 150
INFO:root:eval: {'average_loss': 161.36008, 'loss': 156196.55, 'global_step': 2325500}
INFO:root:Progress: epoch 160
INFO:root:eval: {'average_loss': 166.47424, 'loss': 161147.08, 'global_step': 2330500}
INFO:root:Progress: epoch 170
INFO:root:eval: {'average_loss': 266.24075, 'loss': 257721.03, 'global_step': 2335500}
INFO:root:Progress: epoch 180
INFO:root:eval: {'average_loss': 169.88373, 'loss': 164447.45, 'global_step': 2340500}
INFO:root:Progress: epoch 190
INFO:root:eval: {'average_loss': 163.38153, 'loss': 158153.33, 'global_step': 2345500}
INFO:root:Progress: epoch 200
INFO:root:eval: {'average_loss': 177.45486, 'loss': 171776.3, 'global_step': 2350500}
INFO:root:Progress: epoch 210
INFO:root:eval: {'average_loss': 177.82657, 'loss': 172136.12, 'global_step': 2355500}
INFO:root:Progress: epoch 220
INFO:root:eval: {'average_loss': 183.14899, 'loss': 177288.22, 'global_step': 2360500}
INFO:root:Progress: epoch 230
INFO:root:eval: {'average_loss': 177.4595, 'loss': 171780.8, 'global_step': 2365500}
INFO:root:Progress: epoch 240
INFO:root:eval: {'average_loss': 172.64404, 'loss': 167119.42, 'global_step': 2370500}
INFO:root:Progress: epoch 250
INFO:root:eval: {'average_loss': 187.2655, 'loss': 181273.0, 'global_step': 2375500}
INFO:root:Progress: epoch 260
INFO:root:eval: {'average_loss': 180.57959, 'loss': 174801.03, 'global_step': 2380500}
INFO:root:Progress: epoch 270
INFO:root:eval: {'average_loss': 183.65897, 'loss': 177781.88, 'global_step': 2385500}
INFO:root:Progress: epoch 280
INFO:root:eval: {'average_loss': 191.4721, 'loss': 185345.0, 'global_step': 2390500}
INFO:root:Progress: epoch 290
INFO:root:eval: {'average_loss': 174.61884, 'loss': 169031.03, 'global_step': 2395500}
INFO:root:Progress: epoch 300
INFO:root:eval: {'average_loss': 166.46663, 'loss': 161139.7, 'global_step': 2400500}
INFO:root:Progress: epoch 310
INFO:root:eval: {'average_loss': 171.67603, 'loss': 166182.39, 'global_step': 2405500}
INFO:root:Progress: epoch 320
INFO:root:eval: {'average_loss': 164.05995, 'loss': 158810.03, 'global_step': 2410500}
INFO:root:Progress: epoch 330
INFO:root:eval: {'average_loss': 217.06633, 'loss': 210120.22, 'global_step': 2415500}
INFO:root:Progress: epoch 340
INFO:root:eval: {'average_loss': 186.53105, 'loss': 180562.05, 'global_step': 2420500}
INFO:root:Progress: epoch 350
INFO:root:eval: {'average_loss': 160.95985, 'loss': 155809.14, 'global_step': 2425500}
INFO:root:Progress: epoch 360
INFO:root:eval: {'average_loss': 160.91365, 'loss': 155764.4, 'global_step': 2430500}
INFO:root:Progress: epoch 370
INFO:root:eval: {'average_loss': 159.23756, 'loss': 154141.97, 'global_step': 2435500}
INFO:root:Progress: epoch 380
INFO:root:eval: {'average_loss': 174.59366, 'loss': 169006.66, 'global_step': 2440500}
INFO:root:Progress: epoch 390
INFO:root:eval: {'average_loss': 169.71336, 'loss': 164282.53, 'global_step': 2445500}
INFO:root:Progress: epoch 400
INFO:root:eval: {'average_loss': 175.67902, 'loss': 170057.28, 'global_step': 2450500}
INFO:root:Progress: epoch 410
INFO:root:eval: {'average_loss': 209.58272, 'loss': 202876.08, 'global_step': 2455500}
INFO:root:Progress: epoch 420
INFO:root:eval: {'average_loss': 164.14258, 'loss': 158890.02, 'global_step': 2460500}
INFO:root:Progress: epoch 430
INFO:root:eval: {'average_loss': 210.17133, 'loss': 203445.84, 'global_step': 2465500}
INFO:root:Progress: epoch 440
INFO:root:eval: {'average_loss': 165.07523, 'loss': 159792.83, 'global_step': 2470500}
INFO:root:Progress: epoch 450
INFO:root:eval: {'average_loss': 172.74376, 'loss': 167215.97, 'global_step': 2475500}
INFO:root:Progress: epoch 460
INFO:root:eval: {'average_loss': 161.44008, 'loss': 156274.0, 'global_step': 2480500}
INFO:root:Progress: epoch 470
INFO:root:eval: {'average_loss': 218.26273, 'loss': 211278.33, 'global_step': 2485500}
INFO:root:Progress: epoch 480
INFO:root:eval: {'average_loss': 161.32202, 'loss': 156159.72, 'global_step': 2490500}
INFO:root:Progress: epoch 490
INFO:root:eval: {'average_loss': 168.05237, 'loss': 162674.7, 'global_step': 2495500}
(60984, 10) (60984, 2)
(6776, 10) (6776, 2)
INFO:root:Tensorflow 1.8.0
INFO:root:time: 2018-08-29_09.41.18
INFO:root:Saving to /home/hornberger/MasterarbeitTobias/models/separatorKug/sepkug01
INFO:root:loading data from store
INFO:root:Train the DNN Regressor...

INFO:root:Progress: epoch 0
INFO:root:eval: {'average_loss': 181.75053, 'loss': 175934.52, 'global_step': 2500500}
INFO:root:Tensorflow 1.8.0
INFO:root:time: 2018-08-29_09.41.37
INFO:root:Saving to /home/hornberger/MasterarbeitTobias/models/separatorKug/sepkug01
INFO:root:loading data from store
INFO:root:No training today, just prediction
INFO:root:Error on whole Test set:
MSE (tensorflow): 210.894775
INFO:root:Saving Image to file /home/hornberger/MasterarbeitTobias/images/sepkug01_highestLoss_2018-08-29_09.41.37.png
INFO:root:Saving Image to file /home/hornberger/MasterarbeitTobias/images/sepkug01_2018-08-29_09.41.37.png
(60984, 10) (60984, 2)
(6776, 10) (6776, 2)
          X_0     X_1     X_2     X_3   ...      Y_1    Y_2     Y_3     Y_4
38786   458.0   457.0   456.0   454.0   ...    540.0  633.0   725.0   817.0
13144  1714.0  1711.0  1708.0  1705.0   ...    391.0  484.0   576.0   668.0
36828  1759.0  1758.0  1757.0  1756.0   ...    236.0  328.0   419.0   511.0
57496  1934.0  1935.0  1935.0  1936.0   ...    926.0  985.0  1045.0  1104.0
8002   1406.0  1406.0  1405.0  1405.0   ...    869.0  960.0  1052.0  1144.0
49827  1620.0  1618.0  1616.0  1614.0   ...    181.0  272.0   363.0   455.0
23829   884.0   875.0   866.0   856.0   ...    303.0  393.0   482.0   572.0
24635   476.0   475.0   474.0   473.0   ...    365.0  458.0   550.0   643.0
144     705.0   707.0   709.0   711.0   ...    264.0  351.0   440.0   528.0
40883   945.0   944.0   943.0   943.0   ...    425.0  518.0   610.0   703.0

[10 rows x 10 columns]
       LabelPosBalken    LabelTime
38786      447.988889  1201.111111
13144     1670.000000  1366.666667
36828     1740.528090  1547.191011
57496     1935.385965  1161.403509
8002      1405.000000   846.666667
49827     1588.797753  1610.112360
23829      746.172414  1509.195402
24635      466.000000  1391.208791
144        751.406977  1580.232558
40883      935.725275  1327.472527
predicted: 
[ 443.86 1206.87]
[1661.56 1373.99]
[1736.13 1554.67]
[1926.08 1106.31]
[1398.56  854.41]
[1583.41 1619.09]
[ 757.93 1504.95]
[ 465.33 1393.8 ]
[ 743.5  1564.01]
[ 933.89 1329.09]
time: 0.19s
MSE (tensorflow): 203.922165
INFO:root:Tensorflow 1.8.0
INFO:root:time: 2018-08-29_09.43.18
INFO:root:Saving to /home/hornberger/MasterarbeitTobias/models/separatorKug/sepkug01
INFO:root:loading data from store
INFO:root:No training today, just prediction
INFO:root:Error on whole Test set:
MSE (tensorflow): 210.894775
INFO:root:Saving Image to file /home/hornberger/MasterarbeitTobias/images/sepkug01_highestLoss_2018-08-29_09.43.18.png
INFO:root:Saving Image to file /home/hornberger/MasterarbeitTobias/images/sepkug01_2018-08-29_09.43.18.png
(60984, 10) (60984, 2)
(6776, 10) (6776, 2)
          X_0     X_1     X_2     X_3   ...      Y_1    Y_2     Y_3     Y_4
60508  1342.0  1340.0  1337.0  1335.0   ...    217.0  309.0   401.0   493.0
51137  1385.0  1384.0  1382.0  1380.0   ...    434.0  527.0   617.0   709.0
7296   1064.0  1065.0  1066.0  1066.0   ...    535.0  629.0   723.0   817.0
12459  1072.0  1067.0  1062.0  1057.0   ...    915.0  981.0  1047.0  1113.0
44656  1149.0  1150.0  1152.0  1154.0   ...    675.0  769.0   861.0   954.0
30290  1541.0  1537.0  1533.0  1529.0   ...    252.0  341.0   430.0   521.0
52788   753.0   752.0   752.0   751.0   ...    174.0  237.0   301.0   365.0
16139   973.0   969.0   966.0   962.0   ...    617.0  710.0   803.0   896.0
62275   670.0   670.0   669.0   668.0   ...    486.0  578.0   671.0   763.0
20361  1755.0  1753.0  1750.0  1748.0   ...    204.0  296.0   389.0   482.0

[10 rows x 10 columns]
       LabelPosBalken    LabelTime
60508     1299.266667  1557.777778
51137     1358.133333  1328.888889
7296      1075.717391  1185.869565
12459     1022.636364  1059.090909
44656     1165.901099  1045.054945
30290     1475.359551  1552.808989
52788      739.901639  2309.836066
16139      933.670330  1110.989011
62275      662.417582  1258.241758
20361     1709.108696  1563.043478
predicted: 
[1299.61 1566.19]
[1354.04 1333.79]
[1068.88 1194.88]
[1024.64 1080.09]
[1159.92 1055.87]
[1475.98 1562.94]
[ 737.73 2317.23]
[ 928.52 1115.82]
[ 660.86 1263.53]
[1707.88 1571.99]
time: 0.19s
MSE (tensorflow): 58.064781
